{"/Users/jaekim/projects/point3-typescript-saga/index.ts": {"path":"/Users/jaekim/projects/point3-typescript-saga/index.ts","statementMap":{"0":{"start":{"line":1,"column":0},"end":{"line":1,"column":62}},"1":{"start":{"line":2,"column":0},"end":{"line":2,"column":62}},"2":{"start":{"line":3,"column":0},"end":{"line":3,"column":52}},"3":{"start":{"line":4,"column":0},"end":{"line":4,"column":39}},"4":{"start":{"line":5,"column":0},"end":{"line":5,"column":41}},"5":{"start":{"line":6,"column":0},"end":{"line":6,"column":51}}},"fnMap":{},"branchMap":{},"s":{"0":0,"1":0,"2":0,"3":0,"4":0,"5":0},"f":{},"b":{}}
,"/Users/jaekim/projects/point3-typescript-saga/MessageRelay/BatchJob.ts": {"path":"/Users/jaekim/projects/point3-typescript-saga/MessageRelay/BatchJob.ts","statementMap":{"0":{"start":{"line":2,"column":0},"end":{"line":2,"column":29}},"1":{"start":{"line":4,"column":0},"end":{"line":4,"column":22}},"2":{"start":{"line":9,"column":12},"end":{"line":9,"column":35}},"3":{"start":{"line":13,"column":8},"end":{"line":13,"column":29}},"4":{"start":{"line":18,"column":8},"end":{"line":20,"column":9}},"5":{"start":{"line":19,"column":12},"end":{"line":19,"column":50}},"6":{"start":{"line":22,"column":21},"end":{"line":26,"column":10}},"7":{"start":{"line":23,"column":12},"end":{"line":25,"column":13}},"8":{"start":{"line":24,"column":16},"end":{"line":24,"column":36}},"9":{"start":{"line":28,"column":8},"end":{"line":30,"column":9}},"10":{"start":{"line":29,"column":12},"end":{"line":29,"column":30}},"11":{"start":{"line":32,"column":8},"end":{"line":32,"column":26}},"12":{"start":{"line":36,"column":8},"end":{"line":38,"column":9}},"13":{"start":{"line":37,"column":12},"end":{"line":37,"column":47}},"14":{"start":{"line":40,"column":8},"end":{"line":40,"column":26}},"15":{"start":{"line":8,"column":0},"end":{"line":8,"column":13}}},"fnMap":{"0":{"name":"(anonymous_1)","decl":{"start":{"line":8,"column":0},"end":{"line":8,"column":13}},"loc":{"start":{"line":8,"column":0},"end":{"line":42,"column":1}}},"1":{"name":"(anonymous_2)","decl":{"start":{"line":12,"column":11},"end":{"line":12,"column":17}},"loc":{"start":{"line":12,"column":31},"end":{"line":14,"column":5}}},"2":{"name":"(anonymous_3)","decl":{"start":{"line":16,"column":11},"end":{"line":16,"column":16}},"loc":{"start":{"line":16,"column":43},"end":{"line":33,"column":5}}},"3":{"name":"(anonymous_4)","decl":{"start":{"line":22,"column":59},"end":{"line":22,"column":64}},"loc":{"start":{"line":22,"column":70},"end":{"line":26,"column":9}}},"4":{"name":"(anonymous_5)","decl":{"start":{"line":35,"column":11},"end":{"line":35,"column":16}},"loc":{"start":{"line":35,"column":31},"end":{"line":41,"column":5}}}},"branchMap":{"0":{"loc":{"start":{"line":18,"column":8},"end":{"line":20,"column":9}},"type":"if","locations":[{"start":{"line":18,"column":8},"end":{"line":20,"column":9}}]},"1":{"loc":{"start":{"line":28,"column":8},"end":{"line":30,"column":9}},"type":"if","locations":[{"start":{"line":28,"column":8},"end":{"line":30,"column":9}}]},"2":{"loc":{"start":{"line":36,"column":8},"end":{"line":38,"column":9}},"type":"if","locations":[{"start":{"line":36,"column":8},"end":{"line":38,"column":9}}]}},"s":{"0":0,"1":0,"2":0,"3":0,"4":0,"5":0,"6":0,"7":0,"8":0,"9":0,"10":0,"11":0,"12":0,"13":0,"14":0,"15":0},"f":{"0":0,"1":0,"2":0,"3":0,"4":0},"b":{"0":[0],"1":[0],"2":[0]}}
,"/Users/jaekim/projects/point3-typescript-saga/MessageRelay/Channel.ts": {"path":"/Users/jaekim/projects/point3-typescript-saga/MessageRelay/Channel.ts","statementMap":{"0":{"start":{"line":2,"column":0},"end":{"line":2,"column":52}},"1":{"start":{"line":4,"column":0},"end":{"line":4,"column":36}},"2":{"start":{"line":16,"column":8},"end":{"line":16,"column":48}},"3":{"start":{"line":17,"column":8},"end":{"line":17,"column":39}},"4":{"start":{"line":23,"column":8},"end":{"line":23,"column":42}},"5":{"start":{"line":27,"column":8},"end":{"line":27,"column":43}},"6":{"start":{"line":28,"column":8},"end":{"line":38,"column":9}},"7":{"start":{"line":29,"column":28},"end":{"line":29,"column":79}},"8":{"start":{"line":31,"column":12},"end":{"line":33,"column":13}},"9":{"start":{"line":32,"column":16},"end":{"line":32,"column":28}},"10":{"start":{"line":35,"column":12},"end":{"line":35,"column":79}},"11":{"start":{"line":37,"column":12},"end":{"line":37,"column":41}},"12":{"start":{"line":42,"column":8},"end":{"line":47,"column":9}},"13":{"start":{"line":43,"column":12},"end":{"line":44,"column":56}},"14":{"start":{"line":46,"column":12},"end":{"line":46,"column":41}},"15":{"start":{"line":11,"column":0},"end":{"line":11,"column":13}},"16":{"start":{"line":61,"column":8},"end":{"line":61,"column":28}},"17":{"start":{"line":62,"column":8},"end":{"line":62,"column":38}},"18":{"start":{"line":66,"column":8},"end":{"line":66,"column":32}},"19":{"start":{"line":51,"column":0},"end":{"line":51,"column":22}},"20":{"start":{"line":78,"column":8},"end":{"line":78,"column":16}},"21":{"start":{"line":79,"column":8},"end":{"line":79,"column":38}},"22":{"start":{"line":83,"column":8},"end":{"line":83,"column":32}},"23":{"start":{"line":70,"column":0},"end":{"line":70,"column":22}}},"fnMap":{"0":{"name":"(anonymous_0)","decl":{"start":{"line":15,"column":4},"end":{"line":15,"column":16}},"loc":{"start":{"line":15,"column":52},"end":{"line":18,"column":5}}},"1":{"name":"(anonymous_1)","decl":{"start":{"line":22,"column":12},"end":{"line":22,"column":37}},"loc":{"start":{"line":22,"column":106},"end":{"line":24,"column":5}}},"2":{"name":"(anonymous_2)","decl":{"start":{"line":26,"column":11},"end":{"line":26,"column":16}},"loc":{"start":{"line":26,"column":53},"end":{"line":39,"column":5}}},"3":{"name":"(anonymous_3)","decl":{"start":{"line":41,"column":11},"end":{"line":41,"column":16}},"loc":{"start":{"line":41,"column":28},"end":{"line":48,"column":5}}},"4":{"name":"(anonymous_4)","decl":{"start":{"line":57,"column":4},"end":{"line":57,"column":null}},"loc":{"start":{"line":59,"column":61},"end":{"line":63,"column":5}}},"5":{"name":"(anonymous_5)","decl":{"start":{"line":65,"column":4},"end":{"line":65,"column":17}},"loc":{"start":{"line":65,"column":17},"end":{"line":67,"column":5}}},"6":{"name":"(anonymous_6)","decl":{"start":{"line":77,"column":4},"end":{"line":77,"column":16}},"loc":{"start":{"line":77,"column":82},"end":{"line":80,"column":5}}},"7":{"name":"(anonymous_7)","decl":{"start":{"line":82,"column":4},"end":{"line":82,"column":17}},"loc":{"start":{"line":82,"column":17},"end":{"line":84,"column":5}}}},"branchMap":{"0":{"loc":{"start":{"line":31,"column":12},"end":{"line":33,"column":13}},"type":"if","locations":[{"start":{"line":31,"column":12},"end":{"line":33,"column":13}}]}},"s":{"0":0,"1":0,"2":0,"3":0,"4":0,"5":0,"6":0,"7":0,"8":0,"9":0,"10":0,"11":0,"12":0,"13":0,"14":0,"15":0,"16":0,"17":0,"18":0,"19":0,"20":0,"21":0,"22":0,"23":0},"f":{"0":0,"1":0,"2":0,"3":0,"4":0,"5":0,"6":0,"7":0},"b":{"0":[0]}}
,"/Users/jaekim/projects/point3-typescript-saga/MessageRelay/MessageRelayer.ts": {"path":"/Users/jaekim/projects/point3-typescript-saga/MessageRelay/MessageRelayer.ts","statementMap":{"0":{"start":{"line":2,"column":0},"end":{"line":2,"column":36}},"1":{"start":{"line":5,"column":0},"end":{"line":5,"column":38}},"2":{"start":{"line":13,"column":8},"end":{"line":13,"column":51}},"3":{"start":{"line":14,"column":8},"end":{"line":14,"column":33}},"4":{"start":{"line":18,"column":8},"end":{"line":18,"column":35}},"5":{"start":{"line":19,"column":8},"end":{"line":19,"column":37}},"6":{"start":{"line":20,"column":8},"end":{"line":20,"column":29}},"7":{"start":{"line":24,"column":8},"end":{"line":24,"column":35}},"8":{"start":{"line":25,"column":8},"end":{"line":25,"column":37}},"9":{"start":{"line":26,"column":8},"end":{"line":26,"column":29}},"10":{"start":{"line":30,"column":8},"end":{"line":30,"column":35}},"11":{"start":{"line":31,"column":35},"end":{"line":31,"column":58}},"12":{"start":{"line":32,"column":8},"end":{"line":32,"column":29}},"13":{"start":{"line":33,"column":8},"end":{"line":33,"column":34}},"14":{"start":{"line":48,"column":8},"end":{"line":48,"column":16}},"15":{"start":{"line":49,"column":8},"end":{"line":49,"column":52}},"16":{"start":{"line":50,"column":8},"end":{"line":50,"column":48}},"17":{"start":{"line":51,"column":8},"end":{"line":51,"column":48}},"18":{"start":{"line":52,"column":8},"end":{"line":52,"column":36}},"19":{"start":{"line":56,"column":8},"end":{"line":63,"column":9}},"20":{"start":{"line":57,"column":12},"end":{"line":57,"column":54}},"21":{"start":{"line":58,"column":12},"end":{"line":58,"column":38}},"22":{"start":{"line":60,"column":12},"end":{"line":60,"column":29}},"23":{"start":{"line":62,"column":12},"end":{"line":62,"column":48}},"24":{"start":{"line":67,"column":35},"end":{"line":67,"column":74}},"25":{"start":{"line":69,"column":48},"end":{"line":71,"column":null}},"26":{"start":{"line":74,"column":8},"end":{"line":78,"column":9}},"27":{"start":{"line":75,"column":28},"end":{"line":75,"column":85}},"28":{"start":{"line":76,"column":37},"end":{"line":76,"column":83}},"29":{"start":{"line":77,"column":12},"end":{"line":77,"column":68}},"30":{"start":{"line":80,"column":8},"end":{"line":82,"column":9}},"31":{"start":{"line":81,"column":12},"end":{"line":81,"column":19}},"32":{"start":{"line":84,"column":73},"end":{"line":86,"column":null}},"33":{"start":{"line":89,"column":8},"end":{"line":94,"column":9}},"34":{"start":{"line":90,"column":28},"end":{"line":90,"column":85}},"35":{"start":{"line":91,"column":29},"end":{"line":91,"column":69}},"36":{"start":{"line":92,"column":12},"end":{"line":92,"column":67}},"37":{"start":{"line":93,"column":12},"end":{"line":93,"column":58}},"38":{"start":{"line":96,"column":8},"end":{"line":100,"column":9}},"39":{"start":{"line":97,"column":28},"end":{"line":97,"column":85}},"40":{"start":{"line":98,"column":37},"end":{"line":98,"column":83}},"41":{"start":{"line":99,"column":12},"end":{"line":99,"column":75}},"42":{"start":{"line":107,"column":27},"end":{"line":107,"column":52}},"43":{"start":{"line":109,"column":32},"end":{"line":109,"column":84}},"44":{"start":{"line":111,"column":8},"end":{"line":111,"column":46}},"45":{"start":{"line":112,"column":8},"end":{"line":112,"column":34}},"46":{"start":{"line":119,"column":8},"end":{"line":126,"column":9}},"47":{"start":{"line":120,"column":31},"end":{"line":120,"column":56}},"48":{"start":{"line":122,"column":28},"end":{"line":122,"column":82}},"49":{"start":{"line":124,"column":12},"end":{"line":124,"column":42}},"50":{"start":{"line":125,"column":12},"end":{"line":125,"column":38}},"51":{"start":{"line":133,"column":27},"end":{"line":133,"column":52}},"52":{"start":{"line":138,"column":35},"end":{"line":140,"column":77}},"53":{"start":{"line":140,"column":60},"end":{"line":140,"column":75}},"54":{"start":{"line":142,"column":8},"end":{"line":142,"column":49}},"55":{"start":{"line":143,"column":8},"end":{"line":143,"column":34}},"56":{"start":{"line":153,"column":34},"end":{"line":153,"column":55}},"57":{"start":{"line":154,"column":40},"end":{"line":154,"column":103}},"58":{"start":{"line":155,"column":46},"end":{"line":155,"column":109}},"59":{"start":{"line":156,"column":45},"end":{"line":156,"column":56}},"60":{"start":{"line":157,"column":51},"end":{"line":157,"column":62}},"61":{"start":{"line":159,"column":34},"end":{"line":159,"column":100}},"62":{"start":{"line":161,"column":8},"end":{"line":179,"column":9}},"63":{"start":{"line":162,"column":12},"end":{"line":162,"column":57}},"64":{"start":{"line":163,"column":12},"end":{"line":163,"column":63}},"65":{"start":{"line":164,"column":29},"end":{"line":164,"column":63}},"66":{"start":{"line":166,"column":12},"end":{"line":178,"column":14}},"67":{"start":{"line":168,"column":20},"end":{"line":176,"column":22}},"68":{"start":{"line":181,"column":8},"end":{"line":184,"column":10}},"69":{"start":{"line":196,"column":24},"end":{"line":196,"column":81}},"70":{"start":{"line":198,"column":8},"end":{"line":204,"column":9}},"71":{"start":{"line":199,"column":12},"end":{"line":199,"column":40}},"72":{"start":{"line":200,"column":12},"end":{"line":200,"column":106}},"73":{"start":{"line":202,"column":12},"end":{"line":202,"column":29}},"74":{"start":{"line":203,"column":12},"end":{"line":203,"column":98}},"75":{"start":{"line":206,"column":8},"end":{"line":208,"column":9}},"76":{"start":{"line":207,"column":12},"end":{"line":207,"column":29}},"77":{"start":{"line":217,"column":8},"end":{"line":217,"column":33}},"78":{"start":{"line":218,"column":8},"end":{"line":226,"column":9}},"79":{"start":{"line":219,"column":12},"end":{"line":221,"column":13}},"80":{"start":{"line":220,"column":16},"end":{"line":220,"column":41}},"81":{"start":{"line":223,"column":12},"end":{"line":223,"column":47}},"82":{"start":{"line":225,"column":12},"end":{"line":225,"column":31}},"83":{"start":{"line":233,"column":8},"end":{"line":235,"column":9}},"84":{"start":{"line":234,"column":12},"end":{"line":234,"column":65}},"85":{"start":{"line":240,"column":12},"end":{"line":240,"column":21}},"86":{"start":{"line":242,"column":8},"end":{"line":260,"column":9}},"87":{"start":{"line":243,"column":32},"end":{"line":243,"column":55}},"88":{"start":{"line":244,"column":59},"end":{"line":244,"column":61}},"89":{"start":{"line":246,"column":12},"end":{"line":250,"column":13}},"90":{"start":{"line":247,"column":16},"end":{"line":247,"column":82}},"91":{"start":{"line":249,"column":16},"end":{"line":249,"column":78}},"92":{"start":{"line":252,"column":111},"end":{"line":252,"column":113}},"93":{"start":{"line":254,"column":12},"end":{"line":257,"column":13}},"94":{"start":{"line":255,"column":42},"end":{"line":255,"column":81}},"95":{"start":{"line":256,"column":16},"end":{"line":256,"column":59}},"96":{"start":{"line":259,"column":12},"end":{"line":259,"column":80}},"97":{"start":{"line":262,"column":8},"end":{"line":262,"column":33}},"98":{"start":{"line":37,"column":0},"end":{"line":37,"column":13}}},"fnMap":{"0":{"name":"(anonymous_0)","decl":{"start":{"line":12,"column":4},"end":{"line":12,"column":16}},"loc":{"start":{"line":12,"column":40},"end":{"line":15,"column":5}}},"1":{"name":"(anonymous_1)","decl":{"start":{"line":17,"column":4},"end":{"line":17,"column":9}},"loc":{"start":{"line":17,"column":18},"end":{"line":21,"column":5}}},"2":{"name":"(anonymous_2)","decl":{"start":{"line":23,"column":4},"end":{"line":23,"column":9}},"loc":{"start":{"line":23,"column":18},"end":{"line":27,"column":5}}},"3":{"name":"(anonymous_3)","decl":{"start":{"line":29,"column":4},"end":{"line":29,"column":9}},"loc":{"start":{"line":29,"column":13},"end":{"line":34,"column":5}}},"4":{"name":"(anonymous_4)","decl":{"start":{"line":43,"column":4},"end":{"line":43,"column":null}},"loc":{"start":{"line":46,"column":52},"end":{"line":53,"column":5}}},"5":{"name":"(anonymous_5)","decl":{"start":{"line":55,"column":11},"end":{"line":55,"column":16}},"loc":{"start":{"line":55,"column":24},"end":{"line":64,"column":5}}},"6":{"name":"(anonymous_6)","decl":{"start":{"line":66,"column":12},"end":{"line":66,"column":17}},"loc":{"start":{"line":66,"column":30},"end":{"line":101,"column":5}}},"7":{"name":"(anonymous_7)","decl":{"start":{"line":103,"column":12},"end":{"line":103,"column":17}},"loc":{"start":{"line":105,"column":24},"end":{"line":113,"column":5}}},"8":{"name":"(anonymous_8)","decl":{"start":{"line":115,"column":12},"end":{"line":115,"column":17}},"loc":{"start":{"line":117,"column":21},"end":{"line":127,"column":5}}},"9":{"name":"(anonymous_9)","decl":{"start":{"line":129,"column":12},"end":{"line":129,"column":17}},"loc":{"start":{"line":131,"column":24},"end":{"line":144,"column":5}}},"10":{"name":"(anonymous_10)","decl":{"start":{"line":140,"column":47},"end":{"line":140,"column":48}},"loc":{"start":{"line":140,"column":60},"end":{"line":140,"column":75}}},"11":{"name":"(anonymous_11)","decl":{"start":{"line":146,"column":12},"end":{"line":146,"column":17}},"loc":{"start":{"line":148,"column":33},"end":{"line":185,"column":5}}},"12":{"name":"(anonymous_12)","decl":{"start":{"line":167,"column":29},"end":{"line":167,"column":34}},"loc":{"start":{"line":167,"column":47},"end":{"line":177,"column":17}}},"13":{"name":"(anonymous_13)","decl":{"start":{"line":187,"column":12},"end":{"line":187,"column":17}},"loc":{"start":{"line":194,"column":38},"end":{"line":209,"column":5}}},"14":{"name":"(anonymous_14)","decl":{"start":{"line":211,"column":12},"end":{"line":211,"column":17}},"loc":{"start":{"line":215,"column":45},"end":{"line":227,"column":5}}},"15":{"name":"(anonymous_15)","decl":{"start":{"line":229,"column":12},"end":{"line":229,"column":17}},"loc":{"start":{"line":231,"column":33},"end":{"line":263,"column":5}}}},"branchMap":{"0":{"loc":{"start":{"line":80,"column":8},"end":{"line":82,"column":9}},"type":"if","locations":[{"start":{"line":80,"column":8},"end":{"line":82,"column":9}}]},"1":{"loc":{"start":{"line":206,"column":8},"end":{"line":208,"column":9}},"type":"if","locations":[{"start":{"line":206,"column":8},"end":{"line":208,"column":9}}]},"2":{"loc":{"start":{"line":219,"column":12},"end":{"line":221,"column":13}},"type":"if","locations":[{"start":{"line":219,"column":12},"end":{"line":221,"column":13}}]},"3":{"loc":{"start":{"line":233,"column":8},"end":{"line":235,"column":9}},"type":"if","locations":[{"start":{"line":233,"column":8},"end":{"line":235,"column":9}}]},"4":{"loc":{"start":{"line":246,"column":12},"end":{"line":250,"column":13}},"type":"if","locations":[{"start":{"line":246,"column":12},"end":{"line":250,"column":13}},{"start":{"line":248,"column":19},"end":{"line":250,"column":13}}]}},"s":{"0":0,"1":0,"2":0,"3":0,"4":0,"5":0,"6":0,"7":0,"8":0,"9":0,"10":0,"11":0,"12":0,"13":0,"14":0,"15":0,"16":0,"17":0,"18":0,"19":0,"20":0,"21":0,"22":0,"23":0,"24":0,"25":0,"26":0,"27":0,"28":0,"29":0,"30":0,"31":0,"32":0,"33":0,"34":0,"35":0,"36":0,"37":0,"38":0,"39":0,"40":0,"41":0,"42":0,"43":0,"44":0,"45":0,"46":0,"47":0,"48":0,"49":0,"50":0,"51":0,"52":0,"53":0,"54":0,"55":0,"56":0,"57":0,"58":0,"59":0,"60":0,"61":0,"62":0,"63":0,"64":0,"65":0,"66":0,"67":0,"68":0,"69":0,"70":0,"71":0,"72":0,"73":0,"74":0,"75":0,"76":0,"77":0,"78":0,"79":0,"80":0,"81":0,"82":0,"83":0,"84":0,"85":0,"86":0,"87":0,"88":0,"89":0,"90":0,"91":0,"92":0,"93":0,"94":0,"95":0,"96":0,"97":0,"98":0},"f":{"0":0,"1":0,"2":0,"3":0,"4":0,"5":0,"6":0,"7":0,"8":0,"9":0,"10":0,"11":0,"12":0,"13":0,"14":0,"15":0},"b":{"0":[0],"1":[0],"2":[0],"3":[0],"4":[0,0]}}
,"/Users/jaekim/projects/point3-typescript-saga/MessageRelay/test/channel.ts": {"path":"/Users/jaekim/projects/point3-typescript-saga/MessageRelay/test/channel.ts","statementMap":{"0":{"start":{"line":1,"column":0},"end":{"line":1,"column":53}},"1":{"start":{"line":15,"column":8},"end":{"line":15,"column":16}},"2":{"start":{"line":11,"column":12},"end":{"line":11,"column":68}},"3":{"start":{"line":16,"column":8},"end":{"line":16,"column":38}},"4":{"start":{"line":20,"column":8},"end":{"line":20,"column":43}},"5":{"start":{"line":25,"column":8},"end":{"line":27,"column":9}},"6":{"start":{"line":26,"column":12},"end":{"line":26,"column":63}},"7":{"start":{"line":29,"column":8},"end":{"line":31,"column":9}},"8":{"start":{"line":30,"column":12},"end":{"line":30,"column":58}},"9":{"start":{"line":32,"column":8},"end":{"line":32,"column":33}},"10":{"start":{"line":36,"column":8},"end":{"line":36,"column":57}},"11":{"start":{"line":40,"column":8},"end":{"line":40,"column":32}},"12":{"start":{"line":6,"column":0},"end":{"line":6,"column":13}},"13":{"start":{"line":10,"column":20},"end":{"line":10,"column":35}},"14":{"start":{"line":45,"column":12},"end":{"line":45,"column":32}},"15":{"start":{"line":48,"column":8},"end":{"line":48,"column":37}},"16":{"start":{"line":52,"column":8},"end":{"line":52,"column":37}},"17":{"start":{"line":56,"column":8},"end":{"line":56,"column":28}},"18":{"start":{"line":44,"column":0},"end":{"line":44,"column":13}}},"fnMap":{"0":{"name":"(anonymous_0)","decl":{"start":{"line":14,"column":4},"end":{"line":14,"column":16}},"loc":{"start":{"line":14,"column":115},"end":{"line":17,"column":5}}},"1":{"name":"(anonymous_1)","decl":{"start":{"line":19,"column":4},"end":{"line":19,"column":17}},"loc":{"start":{"line":19,"column":64},"end":{"line":21,"column":5}}},"2":{"name":"(anonymous_2)","decl":{"start":{"line":23,"column":4},"end":{"line":23,"column":8}},"loc":{"start":{"line":23,"column":53},"end":{"line":33,"column":5}}},"3":{"name":"(anonymous_3)","decl":{"start":{"line":35,"column":4},"end":{"line":35,"column":18}},"loc":{"start":{"line":35,"column":18},"end":{"line":37,"column":5}}},"4":{"name":"(anonymous_4)","decl":{"start":{"line":39,"column":4},"end":{"line":39,"column":17}},"loc":{"start":{"line":39,"column":17},"end":{"line":41,"column":5}}},"5":{"name":"(anonymous_5)","decl":{"start":{"line":44,"column":0},"end":{"line":44,"column":13}},"loc":{"start":{"line":44,"column":0},"end":{"line":58,"column":1}}},"6":{"name":"(anonymous_6)","decl":{"start":{"line":47,"column":4},"end":{"line":47,"column":10}},"loc":{"start":{"line":47,"column":21},"end":{"line":49,"column":5}}},"7":{"name":"(anonymous_7)","decl":{"start":{"line":51,"column":4},"end":{"line":51,"column":23}},"loc":{"start":{"line":51,"column":23},"end":{"line":53,"column":5}}},"8":{"name":"(anonymous_8)","decl":{"start":{"line":55,"column":4},"end":{"line":55,"column":9}},"loc":{"start":{"line":55,"column":9},"end":{"line":57,"column":5}}}},"branchMap":{"0":{"loc":{"start":{"line":25,"column":8},"end":{"line":27,"column":9}},"type":"if","locations":[{"start":{"line":25,"column":8},"end":{"line":27,"column":9}}]}},"s":{"0":0,"1":0,"2":0,"3":0,"4":0,"5":0,"6":0,"7":0,"8":0,"9":0,"10":0,"11":0,"12":0,"13":0,"14":0,"15":0,"16":0,"17":0,"18":0},"f":{"0":0,"1":0,"2":0,"3":0,"4":0,"5":0,"6":0,"7":0,"8":0},"b":{"0":[0]}}
,"/Users/jaekim/projects/point3-typescript-saga/MessageRelay/test/messages.ts": {"path":"/Users/jaekim/projects/point3-typescript-saga/MessageRelay/test/messages.ts","statementMap":{"0":{"start":{"line":2,"column":0},"end":{"line":2,"column":42}},"1":{"start":{"line":11,"column":8},"end":{"line":11,"column":20}},"2":{"start":{"line":15,"column":8},"end":{"line":15,"column":77}},"3":{"start":{"line":4,"column":0},"end":{"line":4,"column":13}},"4":{"start":{"line":23,"column":8},"end":{"line":23,"column":23}},"5":{"start":{"line":27,"column":8},"end":{"line":27,"column":77}},"6":{"start":{"line":19,"column":0},"end":{"line":19,"column":13}}},"fnMap":{"0":{"name":"(anonymous_0)","decl":{"start":{"line":8,"column":4},"end":{"line":8,"column":null}},"loc":{"start":{"line":9,"column":67},"end":{"line":12,"column":5}}},"1":{"name":"(anonymous_1)","decl":{"start":{"line":14,"column":4},"end":{"line":14,"column":22}},"loc":{"start":{"line":14,"column":22},"end":{"line":16,"column":5}}},"2":{"name":"(anonymous_2)","decl":{"start":{"line":20,"column":4},"end":{"line":20,"column":null}},"loc":{"start":{"line":21,"column":39},"end":{"line":24,"column":5}}},"3":{"name":"(anonymous_3)","decl":{"start":{"line":26,"column":4},"end":{"line":26,"column":22}},"loc":{"start":{"line":26,"column":22},"end":{"line":28,"column":5}}}},"branchMap":{},"s":{"0":0,"1":0,"2":0,"3":0,"4":0,"5":0,"6":0},"f":{"0":0,"1":0,"2":0,"3":0},"b":{}}
,"/Users/jaekim/projects/point3-typescript-saga/MessageRelay/test/session.ts": {"path":"/Users/jaekim/projects/point3-typescript-saga/MessageRelay/test/session.ts","statementMap":{"0":{"start":{"line":1,"column":0},"end":{"line":1,"column":31}},"1":{"start":{"line":5,"column":8},"end":{"line":5,"column":22}},"2":{"start":{"line":3,"column":0},"end":{"line":3,"column":13}}},"fnMap":{"0":{"name":"(anonymous_0)","decl":{"start":{"line":4,"column":4},"end":{"line":4,"column":16}},"loc":{"start":{"line":4,"column":30},"end":{"line":6,"column":5}}}},"branchMap":{},"s":{"0":0,"1":0,"2":0},"f":{"0":0},"b":{}}
,"/Users/jaekim/projects/point3-typescript-saga/Saga/index.ts": {"path":"/Users/jaekim/projects/point3-typescript-saga/Saga/index.ts","statementMap":{"0":{"start":{"line":1,"column":0},"end":{"line":1,"column":35}},"1":{"start":{"line":2,"column":0},"end":{"line":2,"column":45}},"2":{"start":{"line":3,"column":0},"end":{"line":3,"column":49}},"3":{"start":{"line":4,"column":0},"end":{"line":4,"column":44}},"4":{"start":{"line":5,"column":0},"end":{"line":5,"column":41}}},"fnMap":{},"branchMap":{},"s":{"0":1,"1":1,"2":1,"3":1,"4":1},"f":{},"b":{}}
,"/Users/jaekim/projects/point3-typescript-saga/Saga/API/ChannelRegistry.ts": {"path":"/Users/jaekim/projects/point3-typescript-saga/Saga/API/ChannelRegistry.ts","statementMap":{"0":{"start":{"line":11,"column":8},"end":{"line":11,"column":34}},"1":{"start":{"line":17,"column":8},"end":{"line":19,"column":9}},"2":{"start":{"line":18,"column":12},"end":{"line":18,"column":92}},"3":{"start":{"line":21,"column":8},"end":{"line":21,"column":61}},"4":{"start":{"line":25,"column":8},"end":{"line":25,"column":46}},"5":{"start":{"line":29,"column":8},"end":{"line":31,"column":9}},"6":{"start":{"line":30,"column":12},"end":{"line":30,"column":79}},"7":{"start":{"line":33,"column":8},"end":{"line":33,"column":46}},"8":{"start":{"line":37,"column":8},"end":{"line":37,"column":50}},"9":{"start":{"line":4,"column":0},"end":{"line":4,"column":13}}},"fnMap":{"0":{"name":"(anonymous_0)","decl":{"start":{"line":10,"column":4},"end":{"line":10,"column":null}},"loc":{"start":{"line":10,"column":4},"end":{"line":12,"column":5}}},"1":{"name":"(anonymous_1)","decl":{"start":{"line":14,"column":11},"end":{"line":14,"column":26}},"loc":{"start":{"line":15,"column":63},"end":{"line":22,"column":5}}},"2":{"name":"(anonymous_2)","decl":{"start":{"line":24,"column":11},"end":{"line":24,"column":29}},"loc":{"start":{"line":24,"column":63},"end":{"line":26,"column":5}}},"3":{"name":"(anonymous_3)","decl":{"start":{"line":28,"column":11},"end":{"line":28,"column":27}},"loc":{"start":{"line":28,"column":61},"end":{"line":34,"column":5}}},"4":{"name":"(anonymous_4)","decl":{"start":{"line":36,"column":11},"end":{"line":36,"column":22}},"loc":{"start":{"line":36,"column":22},"end":{"line":38,"column":5}}}},"branchMap":{"0":{"loc":{"start":{"line":17,"column":8},"end":{"line":19,"column":9}},"type":"if","locations":[{"start":{"line":17,"column":8},"end":{"line":19,"column":9}}]},"1":{"loc":{"start":{"line":29,"column":8},"end":{"line":31,"column":9}},"type":"if","locations":[{"start":{"line":29,"column":8},"end":{"line":31,"column":9}}]}},"s":{"0":0,"1":0,"2":0,"3":0,"4":0,"5":0,"6":0,"7":0,"8":0,"9":1},"f":{"0":0,"1":0,"2":0,"3":0,"4":0},"b":{"0":[0],"1":[0]}}
,"/Users/jaekim/projects/point3-typescript-saga/Saga/API/MessageIdempotence.ts": {"path":"/Users/jaekim/projects/point3-typescript-saga/Saga/API/MessageIdempotence.ts","statementMap":{"0":{"start":{"line":1,"column":0},"end":{"line":1,"column":36}},"1":{"start":{"line":9,"column":8},"end":{"line":9,"column":36}},"2":{"start":{"line":10,"column":8},"end":{"line":10,"column":33}},"3":{"start":{"line":14,"column":8},"end":{"line":24,"column":9}},"4":{"start":{"line":15,"column":12},"end":{"line":15,"column":39}},"5":{"start":{"line":16,"column":12},"end":{"line":18,"column":13}},"6":{"start":{"line":17,"column":16},"end":{"line":17,"column":29}},"7":{"start":{"line":20,"column":12},"end":{"line":20,"column":37}},"8":{"start":{"line":21,"column":12},"end":{"line":21,"column":24}},"9":{"start":{"line":23,"column":12},"end":{"line":23,"column":33}},"10":{"start":{"line":28,"column":8},"end":{"line":38,"column":9}},"11":{"start":{"line":29,"column":12},"end":{"line":29,"column":39}},"12":{"start":{"line":30,"column":12},"end":{"line":32,"column":13}},"13":{"start":{"line":31,"column":16},"end":{"line":31,"column":29}},"14":{"start":{"line":34,"column":12},"end":{"line":34,"column":40}},"15":{"start":{"line":35,"column":12},"end":{"line":35,"column":24}},"16":{"start":{"line":37,"column":12},"end":{"line":37,"column":33}},"17":{"start":{"line":46,"column":8},"end":{"line":46,"column":49}},"18":{"start":{"line":50,"column":8},"end":{"line":50,"column":52}},"19":{"start":{"line":54,"column":8},"end":{"line":54,"column":55}},"20":{"start":{"line":64,"column":8},"end":{"line":75,"column":9}},"21":{"start":{"line":65,"column":32},"end":{"line":65,"column":62}},"22":{"start":{"line":66,"column":12},"end":{"line":68,"column":13}},"23":{"start":{"line":67,"column":16},"end":{"line":67,"column":29}},"24":{"start":{"line":70,"column":12},"end":{"line":70,"column":48}},"25":{"start":{"line":71,"column":12},"end":{"line":71,"column":24}},"26":{"start":{"line":73,"column":12},"end":{"line":73,"column":46}},"27":{"start":{"line":74,"column":12},"end":{"line":74,"column":25}},"28":{"start":{"line":79,"column":8},"end":{"line":79,"column":47}},"29":{"start":{"line":81,"column":8},"end":{"line":81,"column":42}},"30":{"start":{"line":42,"column":0},"end":{"line":42,"column":22}}},"fnMap":{"0":{"name":"(anonymous_0)","decl":{"start":{"line":8,"column":4},"end":{"line":8,"column":null}},"loc":{"start":{"line":8,"column":4},"end":{"line":11,"column":5}}},"1":{"name":"(anonymous_1)","decl":{"start":{"line":13,"column":4},"end":{"line":13,"column":9}},"loc":{"start":{"line":13,"column":26},"end":{"line":25,"column":5}}},"2":{"name":"(anonymous_2)","decl":{"start":{"line":27,"column":4},"end":{"line":27,"column":9}},"loc":{"start":{"line":27,"column":29},"end":{"line":39,"column":5}}},"3":{"name":"(anonymous_3)","decl":{"start":{"line":45,"column":4},"end":{"line":45,"column":null}},"loc":{"start":{"line":45,"column":4},"end":{"line":47,"column":5}}},"4":{"name":"(anonymous_4)","decl":{"start":{"line":49,"column":12},"end":{"line":49,"column":17}},"loc":{"start":{"line":49,"column":57},"end":{"line":51,"column":5}}},"5":{"name":"(anonymous_5)","decl":{"start":{"line":53,"column":12},"end":{"line":53,"column":17}},"loc":{"start":{"line":53,"column":60},"end":{"line":55,"column":5}}},"6":{"name":"(anonymous_6)","decl":{"start":{"line":63,"column":11},"end":{"line":63,"column":16}},"loc":{"start":{"line":63,"column":50},"end":{"line":76,"column":5}}},"7":{"name":"(anonymous_7)","decl":{"start":{"line":78,"column":11},"end":{"line":78,"column":16}},"loc":{"start":{"line":78,"column":53},"end":{"line":82,"column":5}}}},"branchMap":{"0":{"loc":{"start":{"line":16,"column":12},"end":{"line":18,"column":13}},"type":"if","locations":[{"start":{"line":16,"column":12},"end":{"line":18,"column":13}}]},"1":{"loc":{"start":{"line":30,"column":12},"end":{"line":32,"column":13}},"type":"if","locations":[{"start":{"line":30,"column":12},"end":{"line":32,"column":13}}]},"2":{"loc":{"start":{"line":66,"column":12},"end":{"line":68,"column":13}},"type":"if","locations":[{"start":{"line":66,"column":12},"end":{"line":68,"column":13}}]}},"s":{"0":1,"1":17,"2":17,"3":38,"4":38,"5":38,"6":10,"7":28,"8":28,"9":38,"10":2,"11":2,"12":2,"13":0,"14":2,"15":2,"16":2,"17":17,"18":38,"19":2,"20":38,"21":38,"22":38,"23":10,"24":28,"25":28,"26":0,"27":0,"28":2,"29":2,"30":1},"f":{"0":17,"1":38,"2":2,"3":17,"4":38,"5":2,"6":38,"7":2},"b":{"0":[10],"1":[0],"2":[10]}}
,"/Users/jaekim/projects/point3-typescript-saga/Saga/API/SagaBuilder.ts": {"path":"/Users/jaekim/projects/point3-typescript-saga/Saga/API/SagaBuilder.ts","statementMap":{"0":{"start":{"line":3,"column":0},"end":{"line":3,"column":50}},"1":{"start":{"line":13,"column":8},"end":{"line":13,"column":51}},"2":{"start":{"line":17,"column":8},"end":{"line":17,"column":32}},"3":{"start":{"line":21,"column":8},"end":{"line":21,"column":36}},"4":{"start":{"line":25,"column":8},"end":{"line":27,"column":9}},"5":{"start":{"line":26,"column":12},"end":{"line":26,"column":66}},"6":{"start":{"line":29,"column":8},"end":{"line":29,"column":26}},"7":{"start":{"line":9,"column":0},"end":{"line":9,"column":13}},"8":{"start":{"line":37,"column":8},"end":{"line":37,"column":16}},"9":{"start":{"line":38,"column":8},"end":{"line":38,"column":54}},"10":{"start":{"line":42,"column":8},"end":{"line":42,"column":41}},"11":{"start":{"line":43,"column":8},"end":{"line":43,"column":52}},"12":{"start":{"line":45,"column":8},"end":{"line":48,"column":10}},"13":{"start":{"line":52,"column":8},"end":{"line":52,"column":41}},"14":{"start":{"line":53,"column":8},"end":{"line":53,"column":29}},"15":{"start":{"line":33,"column":0},"end":{"line":33,"column":13}},"16":{"start":{"line":68,"column":8},"end":{"line":68,"column":16}},"17":{"start":{"line":69,"column":8},"end":{"line":69,"column":56}},"18":{"start":{"line":76,"column":8},"end":{"line":78,"column":11}},"19":{"start":{"line":77,"column":12},"end":{"line":77,"column":31}},"20":{"start":{"line":79,"column":8},"end":{"line":79,"column":40}},"21":{"start":{"line":80,"column":8},"end":{"line":80,"column":20}},"22":{"start":{"line":90,"column":8},"end":{"line":93,"column":null}},"23":{"start":{"line":94,"column":8},"end":{"line":94,"column":20}},"24":{"start":{"line":104,"column":8},"end":{"line":107,"column":null}},"25":{"start":{"line":108,"column":8},"end":{"line":108,"column":20}},"26":{"start":{"line":112,"column":8},"end":{"line":112,"column":50}},"27":{"start":{"line":113,"column":8},"end":{"line":113,"column":20}},"28":{"start":{"line":117,"column":8},"end":{"line":117,"column":39}},"29":{"start":{"line":118,"column":8},"end":{"line":118,"column":20}},"30":{"start":{"line":128,"column":8},"end":{"line":130,"column":null}},"31":{"start":{"line":131,"column":8},"end":{"line":131,"column":20}},"32":{"start":{"line":140,"column":8},"end":{"line":142,"column":null}},"33":{"start":{"line":143,"column":8},"end":{"line":143,"column":20}},"34":{"start":{"line":147,"column":8},"end":{"line":147,"column":39}},"35":{"start":{"line":148,"column":8},"end":{"line":148,"column":20}}},"fnMap":{"0":{"name":"(anonymous_6)","decl":{"start":{"line":12,"column":4},"end":{"line":12,"column":null}},"loc":{"start":{"line":12,"column":4},"end":{"line":14,"column":5}}},"1":{"name":"(anonymous_7)","decl":{"start":{"line":16,"column":4},"end":{"line":16,"column":12}},"loc":{"start":{"line":16,"column":12},"end":{"line":18,"column":5}}},"2":{"name":"(anonymous_8)","decl":{"start":{"line":20,"column":14},"end":{"line":20,"column":21}},"loc":{"start":{"line":20,"column":45},"end":{"line":22,"column":5}}},"3":{"name":"(anonymous_9)","decl":{"start":{"line":24,"column":11},"end":{"line":24,"column":16}},"loc":{"start":{"line":24,"column":16},"end":{"line":30,"column":5}}},"4":{"name":"(anonymous_10)","decl":{"start":{"line":36,"column":4},"end":{"line":36,"column":null}},"loc":{"start":{"line":36,"column":4},"end":{"line":39,"column":5}}},"5":{"name":"(anonymous_11)","decl":{"start":{"line":41,"column":11},"end":{"line":41,"column":15}},"loc":{"start":{"line":41,"column":28},"end":{"line":49,"column":5}}},"6":{"name":"(anonymous_12)","decl":{"start":{"line":51,"column":11},"end":{"line":51,"column":16}},"loc":{"start":{"line":51,"column":16},"end":{"line":54,"column":5}}},"7":{"name":"(anonymous_13)","decl":{"start":{"line":64,"column":4},"end":{"line":64,"column":null}},"loc":{"start":{"line":66,"column":38},"end":{"line":70,"column":5}}},"8":{"name":"(anonymous_14)","decl":{"start":{"line":72,"column":12},"end":{"line":72,"column":21}},"loc":{"start":{"line":74,"column":38},"end":{"line":81,"column":5}}},"9":{"name":"(anonymous_15)","decl":{"start":{"line":76,"column":39},"end":{"line":76,"column":43}},"loc":{"start":{"line":76,"column":46},"end":{"line":78,"column":9}}},"10":{"name":"(anonymous_16)","decl":{"start":{"line":83,"column":11},"end":{"line":83,"column":27}},"loc":{"start":{"line":89,"column":5},"end":{"line":95,"column":5}}},"11":{"name":"(anonymous_17)","decl":{"start":{"line":97,"column":11},"end":{"line":97,"column":17}},"loc":{"start":{"line":103,"column":5},"end":{"line":109,"column":5}}},"12":{"name":"(anonymous_18)","decl":{"start":{"line":111,"column":11},"end":{"line":111,"column":18}},"loc":{"start":{"line":111,"column":101},"end":{"line":114,"column":5}}},"13":{"name":"(anonymous_19)","decl":{"start":{"line":116,"column":11},"end":{"line":116,"column":16}},"loc":{"start":{"line":116,"column":16},"end":{"line":119,"column":5}}},"14":{"name":"(anonymous_20)","decl":{"start":{"line":122,"column":11},"end":{"line":122,"column":22}},"loc":{"start":{"line":127,"column":5},"end":{"line":132,"column":5}}},"15":{"name":"(anonymous_21)","decl":{"start":{"line":134,"column":11},"end":{"line":134,"column":32}},"loc":{"start":{"line":139,"column":5},"end":{"line":144,"column":5}}},"16":{"name":"(anonymous_22)","decl":{"start":{"line":146,"column":11},"end":{"line":146,"column":21}},"loc":{"start":{"line":146,"column":21},"end":{"line":149,"column":5}}}},"branchMap":{"0":{"loc":{"start":{"line":25,"column":8},"end":{"line":27,"column":9}},"type":"if","locations":[{"start":{"line":25,"column":8},"end":{"line":27,"column":9}}]}},"s":{"0":1,"1":37,"2":20,"3":71,"4":17,"5":0,"6":17,"7":1,"8":37,"9":37,"10":20,"11":20,"12":20,"13":17,"14":17,"15":1,"16":20,"17":20,"18":20,"19":34,"20":20,"21":20,"22":0,"23":0,"24":0,"25":0,"26":0,"27":0,"28":0,"29":0,"30":20,"31":20,"32":3,"33":3,"34":1,"35":1},"f":{"0":37,"1":20,"2":71,"3":17,"4":37,"5":20,"6":17,"7":20,"8":20,"9":34,"10":0,"11":0,"12":0,"13":0,"14":20,"15":3,"16":1},"b":{"0":[0]}}
,"/Users/jaekim/projects/point3-typescript-saga/Saga/API/SagaOrchestrator.ts": {"path":"/Users/jaekim/projects/point3-typescript-saga/Saga/API/SagaOrchestrator.ts","statementMap":{"0":{"start":{"line":3,"column":0},"end":{"line":3,"column":null}},"1":{"start":{"line":21,"column":8},"end":{"line":21,"column":51}},"2":{"start":{"line":28,"column":27},"end":{"line":28,"column":51}},"3":{"start":{"line":29,"column":28},"end":{"line":29,"column":68}},"4":{"start":{"line":30,"column":31},"end":{"line":30,"column":51}},"5":{"start":{"line":31,"column":26},"end":{"line":31,"column":55}},"6":{"start":{"line":33,"column":8},"end":{"line":35,"column":9}},"7":{"start":{"line":34,"column":12},"end":{"line":34,"column":40}},"8":{"start":{"line":37,"column":8},"end":{"line":37,"column":63}},"9":{"start":{"line":38,"column":8},"end":{"line":38,"column":38}},"10":{"start":{"line":40,"column":26},"end":{"line":40,"column":70}},"11":{"start":{"line":41,"column":8},"end":{"line":41,"column":40}},"12":{"start":{"line":43,"column":8},"end":{"line":47,"column":9}},"13":{"start":{"line":44,"column":12},"end":{"line":44,"column":70}},"14":{"start":{"line":46,"column":12},"end":{"line":46,"column":96}},"15":{"start":{"line":49,"column":8},"end":{"line":49,"column":34}},"16":{"start":{"line":50,"column":8},"end":{"line":50,"column":15}},"17":{"start":{"line":57,"column":24},"end":{"line":57,"column":58}},"18":{"start":{"line":58,"column":27},"end":{"line":58,"column":56}},"19":{"start":{"line":59,"column":31},"end":{"line":59,"column":51}},"20":{"start":{"line":60,"column":28},"end":{"line":60,"column":84}},"21":{"start":{"line":61,"column":8},"end":{"line":63,"column":9}},"22":{"start":{"line":62,"column":12},"end":{"line":62,"column":47}},"23":{"start":{"line":65,"column":32},"end":{"line":65,"column":64}},"24":{"start":{"line":66,"column":28},"end":{"line":66,"column":67}},"25":{"start":{"line":68,"column":8},"end":{"line":70,"column":9}},"26":{"start":{"line":69,"column":12},"end":{"line":69,"column":43}},"27":{"start":{"line":72,"column":8},"end":{"line":74,"column":9}},"28":{"start":{"line":73,"column":12},"end":{"line":73,"column":40}},"29":{"start":{"line":76,"column":27},"end":{"line":76,"column":51}},"30":{"start":{"line":78,"column":8},"end":{"line":96,"column":9}},"31":{"start":{"line":79,"column":12},"end":{"line":86,"column":14}},"32":{"start":{"line":87,"column":15},"end":{"line":96,"column":9}},"33":{"start":{"line":88,"column":12},"end":{"line":95,"column":14}},"34":{"start":{"line":98,"column":26},"end":{"line":98,"column":70}},"35":{"start":{"line":99,"column":8},"end":{"line":99,"column":40}},"36":{"start":{"line":100,"column":8},"end":{"line":100,"column":34}},"37":{"start":{"line":111,"column":33},"end":{"line":111,"column":58}},"38":{"start":{"line":112,"column":8},"end":{"line":112,"column":40}},"39":{"start":{"line":114,"column":8},"end":{"line":121,"column":9}},"40":{"start":{"line":115,"column":12},"end":{"line":118,"column":13}},"41":{"start":{"line":116,"column":16},"end":{"line":116,"column":78}},"42":{"start":{"line":117,"column":16},"end":{"line":117,"column":23}},"43":{"start":{"line":119,"column":12},"end":{"line":119,"column":107}},"44":{"start":{"line":120,"column":12},"end":{"line":120,"column":19}},"45":{"start":{"line":123,"column":8},"end":{"line":129,"column":9}},"46":{"start":{"line":124,"column":12},"end":{"line":128,"column":13}},"47":{"start":{"line":126,"column":31},"end":{"line":126,"column":53}},"48":{"start":{"line":127,"column":16},"end":{"line":127,"column":45}},"49":{"start":{"line":131,"column":8},"end":{"line":131,"column":91}},"50":{"start":{"line":140,"column":34},"end":{"line":140,"column":44}},"51":{"start":{"line":141,"column":28},"end":{"line":141,"column":66}},"52":{"start":{"line":143,"column":8},"end":{"line":145,"column":9}},"53":{"start":{"line":144,"column":12},"end":{"line":144,"column":24}},"54":{"start":{"line":147,"column":8},"end":{"line":149,"column":9}},"55":{"start":{"line":148,"column":12},"end":{"line":148,"column":25}},"56":{"start":{"line":151,"column":8},"end":{"line":151,"column":39}},"57":{"start":{"line":159,"column":8},"end":{"line":161,"column":9}},"58":{"start":{"line":160,"column":12},"end":{"line":160,"column":19}},"59":{"start":{"line":162,"column":8},"end":{"line":162,"column":43}},"60":{"start":{"line":163,"column":8},"end":{"line":163,"column":68}},"61":{"start":{"line":164,"column":8},"end":{"line":164,"column":15}},"62":{"start":{"line":172,"column":24},"end":{"line":172,"column":89}},"63":{"start":{"line":173,"column":8},"end":{"line":173,"column":38}},"64":{"start":{"line":174,"column":8},"end":{"line":174,"column":38}},"65":{"start":{"line":183,"column":32},"end":{"line":183,"column":57}},"66":{"start":{"line":184,"column":25},"end":{"line":184,"column":69}},"67":{"start":{"line":186,"column":8},"end":{"line":189,"column":9}},"68":{"start":{"line":187,"column":12},"end":{"line":187,"column":45}},"69":{"start":{"line":188,"column":12},"end":{"line":188,"column":19}},"70":{"start":{"line":191,"column":8},"end":{"line":191,"column":62}},"71":{"start":{"line":193,"column":8},"end":{"line":196,"column":9}},"72":{"start":{"line":194,"column":12},"end":{"line":194,"column":69}},"73":{"start":{"line":195,"column":12},"end":{"line":195,"column":19}},"74":{"start":{"line":199,"column":8},"end":{"line":199,"column":91}},"75":{"start":{"line":210,"column":35},"end":{"line":210,"column":62}},"76":{"start":{"line":211,"column":8},"end":{"line":211,"column":40}},"77":{"start":{"line":213,"column":8},"end":{"line":216,"column":9}},"78":{"start":{"line":214,"column":12},"end":{"line":214,"column":76}},"79":{"start":{"line":215,"column":12},"end":{"line":215,"column":19}},"80":{"start":{"line":217,"column":8},"end":{"line":217,"column":103}},"81":{"start":{"line":218,"column":8},"end":{"line":218,"column":15}},"82":{"start":{"line":227,"column":34},"end":{"line":227,"column":44}},"83":{"start":{"line":228,"column":30},"end":{"line":228,"column":72}},"84":{"start":{"line":230,"column":8},"end":{"line":232,"column":9}},"85":{"start":{"line":231,"column":12},"end":{"line":231,"column":24}},"86":{"start":{"line":234,"column":8},"end":{"line":236,"column":9}},"87":{"start":{"line":235,"column":12},"end":{"line":235,"column":25}},"88":{"start":{"line":238,"column":8},"end":{"line":238,"column":39}},"89":{"start":{"line":246,"column":8},"end":{"line":246,"column":43}},"90":{"start":{"line":247,"column":8},"end":{"line":247,"column":72}},"91":{"start":{"line":248,"column":8},"end":{"line":248,"column":15}},"92":{"start":{"line":257,"column":32},"end":{"line":257,"column":57}},"93":{"start":{"line":258,"column":29},"end":{"line":258,"column":74}},"94":{"start":{"line":260,"column":8},"end":{"line":263,"column":9}},"95":{"start":{"line":261,"column":12},"end":{"line":261,"column":42}},"96":{"start":{"line":262,"column":12},"end":{"line":262,"column":19}},"97":{"start":{"line":265,"column":8},"end":{"line":265,"column":66}},"98":{"start":{"line":267,"column":8},"end":{"line":272,"column":9}},"99":{"start":{"line":268,"column":12},"end":{"line":268,"column":47}},"100":{"start":{"line":270,"column":12},"end":{"line":270,"column":77}},"101":{"start":{"line":271,"column":12},"end":{"line":271,"column":19}},"102":{"start":{"line":275,"column":8},"end":{"line":275,"column":107}},"103":{"start":{"line":283,"column":24},"end":{"line":283,"column":93}},"104":{"start":{"line":284,"column":8},"end":{"line":284,"column":38}},"105":{"start":{"line":285,"column":8},"end":{"line":285,"column":38}},"106":{"start":{"line":17,"column":0},"end":{"line":17,"column":22}},"107":{"start":{"line":291,"column":8},"end":{"line":291,"column":33}},"108":{"start":{"line":289,"column":0},"end":{"line":289,"column":13}}},"fnMap":{"0":{"name":"(anonymous_0)","decl":{"start":{"line":20,"column":4},"end":{"line":20,"column":16}},"loc":{"start":{"line":20,"column":56},"end":{"line":22,"column":5}}},"1":{"name":"(anonymous_1)","decl":{"start":{"line":24,"column":11},"end":{"line":24,"column":16}},"loc":{"start":{"line":26,"column":36},"end":{"line":51,"column":5}}},"2":{"name":"(anonymous_2)","decl":{"start":{"line":53,"column":11},"end":{"line":53,"column":16}},"loc":{"start":{"line":55,"column":86},"end":{"line":101,"column":5}}},"3":{"name":"(anonymous_3)","decl":{"start":{"line":103,"column":12},"end":{"line":103,"column":17}},"loc":{"start":{"line":109,"column":34},"end":{"line":132,"column":5}}},"4":{"name":"(anonymous_4)","decl":{"start":{"line":134,"column":12},"end":{"line":134,"column":39}},"loc":{"start":{"line":138,"column":52},"end":{"line":152,"column":5}}},"5":{"name":"(anonymous_5)","decl":{"start":{"line":154,"column":12},"end":{"line":154,"column":17}},"loc":{"start":{"line":157,"column":34},"end":{"line":165,"column":5}}},"6":{"name":"(anonymous_6)","decl":{"start":{"line":167,"column":12},"end":{"line":167,"column":17}},"loc":{"start":{"line":170,"column":34},"end":{"line":175,"column":5}}},"7":{"name":"(anonymous_7)","decl":{"start":{"line":177,"column":12},"end":{"line":177,"column":17}},"loc":{"start":{"line":181,"column":34},"end":{"line":200,"column":5}}},"8":{"name":"(anonymous_8)","decl":{"start":{"line":202,"column":12},"end":{"line":202,"column":17}},"loc":{"start":{"line":208,"column":34},"end":{"line":219,"column":5}}},"9":{"name":"(anonymous_9)","decl":{"start":{"line":221,"column":12},"end":{"line":221,"column":41}},"loc":{"start":{"line":225,"column":54},"end":{"line":239,"column":5}}},"10":{"name":"(anonymous_10)","decl":{"start":{"line":241,"column":12},"end":{"line":241,"column":17}},"loc":{"start":{"line":244,"column":34},"end":{"line":249,"column":5}}},"11":{"name":"(anonymous_11)","decl":{"start":{"line":251,"column":12},"end":{"line":251,"column":17}},"loc":{"start":{"line":255,"column":34},"end":{"line":276,"column":5}}},"12":{"name":"(anonymous_12)","decl":{"start":{"line":278,"column":12},"end":{"line":278,"column":17}},"loc":{"start":{"line":281,"column":34},"end":{"line":286,"column":5}}},"13":{"name":"(anonymous_13)","decl":{"start":{"line":290,"column":4},"end":{"line":290,"column":16}},"loc":{"start":{"line":290,"column":56},"end":{"line":292,"column":5}}}},"branchMap":{"0":{"loc":{"start":{"line":33,"column":8},"end":{"line":35,"column":9}},"type":"if","locations":[{"start":{"line":33,"column":8},"end":{"line":35,"column":9}}]},"1":{"loc":{"start":{"line":43,"column":8},"end":{"line":47,"column":9}},"type":"if","locations":[{"start":{"line":43,"column":8},"end":{"line":47,"column":9}},{"start":{"line":45,"column":15},"end":{"line":47,"column":9}}]},"2":{"loc":{"start":{"line":61,"column":8},"end":{"line":63,"column":9}},"type":"if","locations":[{"start":{"line":61,"column":8},"end":{"line":63,"column":9}}]},"3":{"loc":{"start":{"line":68,"column":8},"end":{"line":70,"column":9}},"type":"if","locations":[{"start":{"line":68,"column":8},"end":{"line":70,"column":9}}]},"4":{"loc":{"start":{"line":68,"column":12},"end":{"line":68,"column":63}},"type":"binary-expr","locations":[{"start":{"line":68,"column":12},"end":{"line":68,"column":37}},{"start":{"line":68,"column":41},"end":{"line":68,"column":63}}]},"5":{"loc":{"start":{"line":72,"column":8},"end":{"line":74,"column":9}},"type":"if","locations":[{"start":{"line":72,"column":8},"end":{"line":74,"column":9}}]},"6":{"loc":{"start":{"line":78,"column":8},"end":{"line":96,"column":9}},"type":"if","locations":[{"start":{"line":78,"column":8},"end":{"line":96,"column":9}},{"start":{"line":87,"column":15},"end":{"line":96,"column":9}}]},"7":{"loc":{"start":{"line":87,"column":15},"end":{"line":96,"column":9}},"type":"if","locations":[{"start":{"line":87,"column":15},"end":{"line":96,"column":9}}]},"8":{"loc":{"start":{"line":114,"column":8},"end":{"line":121,"column":9}},"type":"if","locations":[{"start":{"line":114,"column":8},"end":{"line":121,"column":9}}]},"9":{"loc":{"start":{"line":115,"column":12},"end":{"line":118,"column":13}},"type":"if","locations":[{"start":{"line":115,"column":12},"end":{"line":118,"column":13}}]},"10":{"loc":{"start":{"line":123,"column":8},"end":{"line":129,"column":9}},"type":"if","locations":[{"start":{"line":123,"column":8},"end":{"line":129,"column":9}}]},"11":{"loc":{"start":{"line":143,"column":8},"end":{"line":145,"column":9}},"type":"if","locations":[{"start":{"line":143,"column":8},"end":{"line":145,"column":9}}]},"12":{"loc":{"start":{"line":147,"column":8},"end":{"line":149,"column":9}},"type":"if","locations":[{"start":{"line":147,"column":8},"end":{"line":149,"column":9}}]},"13":{"loc":{"start":{"line":159,"column":8},"end":{"line":161,"column":9}},"type":"if","locations":[{"start":{"line":159,"column":8},"end":{"line":161,"column":9}}]},"14":{"loc":{"start":{"line":186,"column":8},"end":{"line":189,"column":9}},"type":"if","locations":[{"start":{"line":186,"column":8},"end":{"line":189,"column":9}}]},"15":{"loc":{"start":{"line":193,"column":8},"end":{"line":196,"column":9}},"type":"if","locations":[{"start":{"line":193,"column":8},"end":{"line":196,"column":9}}]},"16":{"loc":{"start":{"line":213,"column":8},"end":{"line":216,"column":9}},"type":"if","locations":[{"start":{"line":213,"column":8},"end":{"line":216,"column":9}}]},"17":{"loc":{"start":{"line":230,"column":8},"end":{"line":232,"column":9}},"type":"if","locations":[{"start":{"line":230,"column":8},"end":{"line":232,"column":9}}]},"18":{"loc":{"start":{"line":234,"column":8},"end":{"line":236,"column":9}},"type":"if","locations":[{"start":{"line":234,"column":8},"end":{"line":236,"column":9}}]},"19":{"loc":{"start":{"line":260,"column":8},"end":{"line":263,"column":9}},"type":"if","locations":[{"start":{"line":260,"column":8},"end":{"line":263,"column":9}}]},"20":{"loc":{"start":{"line":267,"column":8},"end":{"line":272,"column":9}},"type":"if","locations":[{"start":{"line":267,"column":8},"end":{"line":272,"column":9}}]}},"s":{"0":1,"1":17,"2":15,"3":15,"4":15,"5":15,"6":15,"7":0,"8":15,"9":15,"10":15,"11":15,"12":15,"13":0,"14":15,"15":15,"16":15,"17":28,"18":28,"19":28,"20":28,"21":28,"22":0,"23":28,"24":28,"25":28,"26":1,"27":27,"28":0,"29":27,"30":27,"31":26,"32":1,"33":1,"34":26,"35":26,"36":26,"37":26,"38":26,"39":26,"40":12,"41":10,"42":10,"43":2,"44":2,"45":13,"46":0,"47":0,"48":0,"49":13,"50":26,"51":26,"52":26,"53":12,"54":14,"55":13,"56":1,"57":10,"58":0,"59":10,"60":10,"61":10,"62":30,"63":30,"64":30,"65":28,"66":28,"67":28,"68":8,"69":8,"70":20,"71":20,"72":20,"73":20,"74":0,"75":1,"76":1,"77":1,"78":0,"79":0,"80":1,"81":1,"82":1,"83":1,"84":1,"85":0,"86":1,"87":1,"88":0,"89":0,"90":0,"91":0,"92":5,"93":5,"94":5,"95":2,"96":2,"97":3,"98":3,"99":1,"100":1,"101":1,"102":2,"103":1,"104":1,"105":1,"106":1,"107":17,"108":1},"f":{"0":17,"1":15,"2":28,"3":26,"4":26,"5":10,"6":30,"7":28,"8":1,"9":1,"10":0,"11":5,"12":1,"13":17},"b":{"0":[0],"1":[0,15],"2":[0],"3":[1],"4":[28,27],"5":[0],"6":[26,1],"7":[1],"8":[12],"9":[10],"10":[0],"11":[12],"12":[13],"13":[0],"14":[8],"15":[20],"16":[0],"17":[0],"18":[1],"19":[2],"20":[1]}}
,"/Users/jaekim/projects/point3-typescript-saga/Saga/API/SagaRegistry.ts": {"path":"/Users/jaekim/projects/point3-typescript-saga/Saga/API/SagaRegistry.ts","statementMap":{"0":{"start":{"line":3,"column":0},"end":{"line":3,"column":null}},"1":{"start":{"line":13,"column":0},"end":{"line":13,"column":46}},"2":{"start":{"line":16,"column":0},"end":{"line":16,"column":36}},"3":{"start":{"line":17,"column":0},"end":{"line":17,"column":36}},"4":{"start":{"line":34,"column":8},"end":{"line":34,"column":51}},"5":{"start":{"line":38,"column":8},"end":{"line":38,"column":36}},"6":{"start":{"line":42,"column":25},"end":{"line":42,"column":55}},"7":{"start":{"line":43,"column":8},"end":{"line":43,"column":43}},"8":{"start":{"line":23,"column":0},"end":{"line":23,"column":22}},"9":{"start":{"line":48,"column":14},"end":{"line":48,"column":95}},"10":{"start":{"line":54,"column":8},"end":{"line":54,"column":41}},"11":{"start":{"line":55,"column":8},"end":{"line":55,"column":54}},"12":{"start":{"line":56,"column":8},"end":{"line":56,"column":41}},"13":{"start":{"line":60,"column":8},"end":{"line":60,"column":70}},"14":{"start":{"line":60,"column":41},"end":{"line":60,"column":68}},"15":{"start":{"line":64,"column":8},"end":{"line":66,"column":9}},"16":{"start":{"line":65,"column":12},"end":{"line":65,"column":41}},"17":{"start":{"line":68,"column":8},"end":{"line":68,"column":30}},"18":{"start":{"line":72,"column":8},"end":{"line":106,"column":9}},"19":{"start":{"line":73,"column":12},"end":{"line":79,"column":13}},"20":{"start":{"line":74,"column":32},"end":{"line":74,"column":92}},"21":{"start":{"line":75,"column":16},"end":{"line":78,"column":17}},"22":{"start":{"line":77,"column":20},"end":{"line":77,"column":27}},"23":{"start":{"line":81,"column":27},"end":{"line":81,"column":63}},"24":{"start":{"line":82,"column":35},"end":{"line":82,"column":37}},"25":{"start":{"line":84,"column":12},"end":{"line":84,"column":47}},"26":{"start":{"line":85,"column":12},"end":{"line":92,"column":13}},"27":{"start":{"line":87,"column":16},"end":{"line":91,"column":17}},"28":{"start":{"line":88,"column":20},"end":{"line":90,"column":23}},"29":{"start":{"line":89,"column":24},"end":{"line":89,"column":75}},"30":{"start":{"line":93,"column":12},"end":{"line":93,"column":41}},"31":{"start":{"line":95,"column":12},"end":{"line":97,"column":13}},"32":{"start":{"line":96,"column":16},"end":{"line":96,"column":38}},"33":{"start":{"line":101,"column":12},"end":{"line":103,"column":13}},"34":{"start":{"line":102,"column":16},"end":{"line":102,"column":80}},"35":{"start":{"line":105,"column":12},"end":{"line":105,"column":20}},"36":{"start":{"line":114,"column":8},"end":{"line":114,"column":43}},"37":{"start":{"line":115,"column":21},"end":{"line":115,"column":75}},"38":{"start":{"line":115,"column":47},"end":{"line":115,"column":74}},"39":{"start":{"line":116,"column":8},"end":{"line":116,"column":37}},"40":{"start":{"line":118,"column":8},"end":{"line":120,"column":9}},"41":{"start":{"line":119,"column":12},"end":{"line":119,"column":40}},"42":{"start":{"line":122,"column":8},"end":{"line":122,"column":99}},"43":{"start":{"line":47,"column":0},"end":{"line":47,"column":13}},"44":{"start":{"line":133,"column":8},"end":{"line":133,"column":16}},"45":{"start":{"line":134,"column":8},"end":{"line":134,"column":42}},"46":{"start":{"line":138,"column":8},"end":{"line":154,"column":9}},"47":{"start":{"line":139,"column":38},"end":{"line":139,"column":79}},"48":{"start":{"line":140,"column":12},"end":{"line":140,"column":76}},"49":{"start":{"line":142,"column":12},"end":{"line":153,"column":13}},"50":{"start":{"line":149,"column":16},"end":{"line":149,"column":32}},"51":{"start":{"line":151,"column":16},"end":{"line":151,"column":33}},"52":{"start":{"line":152,"column":16},"end":{"line":152,"column":53}},"53":{"start":{"line":126,"column":0},"end":{"line":126,"column":22}}},"fnMap":{"0":{"name":"(anonymous_6)","decl":{"start":{"line":33,"column":11},"end":{"line":33,"column":21}},"loc":{"start":{"line":33,"column":21},"end":{"line":35,"column":5}}},"1":{"name":"(anonymous_7)","decl":{"start":{"line":37,"column":11},"end":{"line":37,"column":28}},"loc":{"start":{"line":37,"column":43},"end":{"line":39,"column":5}}},"2":{"name":"(anonymous_8)","decl":{"start":{"line":41,"column":11},"end":{"line":41,"column":33}},"loc":{"start":{"line":41,"column":48},"end":{"line":44,"column":5}}},"3":{"name":"(anonymous_9)","decl":{"start":{"line":53,"column":4},"end":{"line":53,"column":16}},"loc":{"start":{"line":53,"column":100},"end":{"line":57,"column":5}}},"4":{"name":"(anonymous_10)","decl":{"start":{"line":59,"column":11},"end":{"line":59,"column":26}},"loc":{"start":{"line":59,"column":43},"end":{"line":61,"column":5}}},"5":{"name":"(anonymous_11)","decl":{"start":{"line":60,"column":31},"end":{"line":60,"column":32}},"loc":{"start":{"line":60,"column":41},"end":{"line":60,"column":68}}},"6":{"name":"(anonymous_12)","decl":{"start":{"line":63,"column":11},"end":{"line":63,"column":23}},"loc":{"start":{"line":63,"column":91},"end":{"line":69,"column":5}}},"7":{"name":"(anonymous_13)","decl":{"start":{"line":71,"column":11},"end":{"line":71,"column":16}},"loc":{"start":{"line":71,"column":111},"end":{"line":107,"column":5}}},"8":{"name":"(anonymous_14)","decl":{"start":{"line":88,"column":40},"end":{"line":88,"column":45}},"loc":{"start":{"line":88,"column":51},"end":{"line":90,"column":21}}},"9":{"name":"(anonymous_15)","decl":{"start":{"line":109,"column":11},"end":{"line":109,"column":16}},"loc":{"start":{"line":112,"column":54},"end":{"line":123,"column":5}}},"10":{"name":"(anonymous_16)","decl":{"start":{"line":115,"column":37},"end":{"line":115,"column":38}},"loc":{"start":{"line":115,"column":47},"end":{"line":115,"column":74}}},"11":{"name":"(anonymous_17)","decl":{"start":{"line":132,"column":4},"end":{"line":132,"column":16}},"loc":{"start":{"line":132,"column":46},"end":{"line":135,"column":5}}},"12":{"name":"(anonymous_18)","decl":{"start":{"line":137,"column":11},"end":{"line":137,"column":16}},"loc":{"start":{"line":137,"column":50},"end":{"line":155,"column":5}}}},"branchMap":{"0":{"loc":{"start":{"line":64,"column":8},"end":{"line":66,"column":9}},"type":"if","locations":[{"start":{"line":64,"column":8},"end":{"line":66,"column":9}}]},"1":{"loc":{"start":{"line":73,"column":12},"end":{"line":79,"column":13}},"type":"if","locations":[{"start":{"line":73,"column":12},"end":{"line":79,"column":13}}]},"2":{"loc":{"start":{"line":75,"column":16},"end":{"line":78,"column":17}},"type":"if","locations":[{"start":{"line":75,"column":16},"end":{"line":78,"column":17}}]},"3":{"loc":{"start":{"line":87,"column":16},"end":{"line":91,"column":17}},"type":"if","locations":[{"start":{"line":87,"column":16},"end":{"line":91,"column":17}}]},"4":{"loc":{"start":{"line":101,"column":12},"end":{"line":103,"column":13}},"type":"if","locations":[{"start":{"line":101,"column":12},"end":{"line":103,"column":13}}]},"5":{"loc":{"start":{"line":118,"column":8},"end":{"line":120,"column":9}},"type":"if","locations":[{"start":{"line":118,"column":8},"end":{"line":120,"column":9}}]},"6":{"loc":{"start":{"line":118,"column":12},"end":{"line":118,"column":49}},"type":"binary-expr","locations":[{"start":{"line":118,"column":12},"end":{"line":118,"column":17}},{"start":{"line":118,"column":21},"end":{"line":118,"column":49}}]},"7":{"loc":{"start":{"line":142,"column":12},"end":{"line":153,"column":13}},"type":"if","locations":[{"start":{"line":142,"column":12},"end":{"line":153,"column":13}},{"start":{"line":150,"column":19},"end":{"line":153,"column":13}}]},"8":{"loc":{"start":{"line":143,"column":16},"end":{"line":147,"column":47}},"type":"binary-expr","locations":[{"start":{"line":143,"column":16},"end":{"line":143,"column":51}},{"start":{"line":144,"column":16},"end":{"line":144,"column":47}},{"start":{"line":145,"column":16},"end":{"line":145,"column":44}},{"start":{"line":146,"column":16},"end":{"line":146,"column":44}},{"start":{"line":147,"column":16},"end":{"line":147,"column":47}}]}},"s":{"0":1,"1":1,"2":1,"3":1,"4":15,"5":28,"6":28,"7":28,"8":1,"9":17,"10":17,"11":17,"12":17,"13":19,"14":2,"15":18,"16":1,"17":17,"18":38,"19":38,"20":38,"21":38,"22":10,"23":28,"24":28,"25":28,"26":28,"27":28,"28":28,"29":28,"30":28,"31":28,"32":28,"33":2,"34":2,"35":2,"36":15,"37":15,"38":15,"39":15,"40":15,"41":0,"42":15,"43":1,"44":0,"45":0,"46":0,"47":0,"48":0,"49":0,"50":0,"51":0,"52":0,"53":1},"f":{"0":15,"1":28,"2":28,"3":17,"4":19,"5":2,"6":18,"7":38,"8":28,"9":15,"10":15,"11":0,"12":0},"b":{"0":[1],"1":[38],"2":[10],"3":[28],"4":[2],"5":[0],"6":[15,15],"7":[0,0],"8":[0,0,0,0,0]}}
,"/Users/jaekim/projects/point3-typescript-saga/Saga/API/index.ts": {"path":"/Users/jaekim/projects/point3-typescript-saga/Saga/API/index.ts","statementMap":{"0":{"start":{"line":1,"column":0},"end":{"line":1,"column":30}},"1":{"start":{"line":2,"column":0},"end":{"line":2,"column":35}},"2":{"start":{"line":3,"column":0},"end":{"line":3,"column":31}},"3":{"start":{"line":4,"column":0},"end":{"line":4,"column":34}},"4":{"start":{"line":5,"column":0},"end":{"line":5,"column":37}}},"fnMap":{},"branchMap":{},"s":{"0":1,"1":1,"2":1,"3":1,"4":1},"f":{},"b":{}}
,"/Users/jaekim/projects/point3-typescript-saga/Saga/Endpoint/Channel.ts": {"path":"/Users/jaekim/projects/point3-typescript-saga/Saga/Endpoint/Channel.ts","statementMap":{"0":{"start":{"line":17,"column":8},"end":{"line":17,"column":69}},"1":{"start":{"line":12,"column":0},"end":{"line":12,"column":22}},"2":{"start":{"line":26,"column":8},"end":{"line":26,"column":29}},"3":{"start":{"line":27,"column":8},"end":{"line":27,"column":31}},"4":{"start":{"line":31,"column":8},"end":{"line":31,"column":27}},"5":{"start":{"line":35,"column":8},"end":{"line":35,"column":28}}},"fnMap":{"0":{"name":"(anonymous_0)","decl":{"start":{"line":16,"column":11},"end":{"line":16,"column":33}},"loc":{"start":{"line":16,"column":44},"end":{"line":18,"column":5}}},"1":{"name":"(anonymous_1)","decl":{"start":{"line":25,"column":4},"end":{"line":25,"column":16}},"loc":{"start":{"line":25,"column":47},"end":{"line":28,"column":5}}},"2":{"name":"(anonymous_2)","decl":{"start":{"line":30,"column":4},"end":{"line":30,"column":13}},"loc":{"start":{"line":30,"column":13},"end":{"line":32,"column":5}}},"3":{"name":"(anonymous_3)","decl":{"start":{"line":34,"column":4},"end":{"line":34,"column":18}},"loc":{"start":{"line":34,"column":18},"end":{"line":36,"column":5}}}},"branchMap":{},"s":{"0":38,"1":1,"2":38,"3":38,"4":28,"5":96},"f":{"0":38,"1":38,"2":28,"3":96},"b":{}}
,"/Users/jaekim/projects/point3-typescript-saga/Saga/Endpoint/CommandEndpoint.ts": {"path":"/Users/jaekim/projects/point3-typescript-saga/Saga/Endpoint/CommandEndpoint.ts","statementMap":{"0":{"start":{"line":4,"column":0},"end":{"line":4,"column":36}},"1":{"start":{"line":5,"column":0},"end":{"line":5,"column":57}},"2":{"start":{"line":20,"column":15},"end":{"line":20,"column":29}},"3":{"start":{"line":21,"column":15},"end":{"line":21,"column":25}},"4":{"start":{"line":18,"column":0},"end":{"line":18,"column":13}},"5":{"start":{"line":27,"column":15},"end":{"line":27,"column":29}},"6":{"start":{"line":28,"column":15},"end":{"line":28,"column":25}},"7":{"start":{"line":25,"column":0},"end":{"line":25,"column":13}},"8":{"start":{"line":42,"column":8},"end":{"line":45,"column":9}},"9":{"start":{"line":43,"column":12},"end":{"line":43,"column":36}},"10":{"start":{"line":44,"column":12},"end":{"line":44,"column":24}},"11":{"start":{"line":47,"column":8},"end":{"line":51,"column":9}},"12":{"start":{"line":48,"column":12},"end":{"line":48,"column":44}},"13":{"start":{"line":49,"column":12},"end":{"line":49,"column":36}},"14":{"start":{"line":50,"column":12},"end":{"line":50,"column":24}},"15":{"start":{"line":53,"column":8},"end":{"line":57,"column":9}},"16":{"start":{"line":54,"column":12},"end":{"line":54,"column":39}},"17":{"start":{"line":55,"column":12},"end":{"line":55,"column":31}},"18":{"start":{"line":56,"column":12},"end":{"line":56,"column":24}},"19":{"start":{"line":63,"column":8},"end":{"line":63,"column":24}},"20":{"start":{"line":67,"column":8},"end":{"line":67,"column":28}},"21":{"start":{"line":32,"column":0},"end":{"line":32,"column":22}},"22":{"start":{"line":76,"column":8},"end":{"line":78,"column":9}},"23":{"start":{"line":77,"column":12},"end":{"line":77,"column":18}},"24":{"start":{"line":80,"column":8},"end":{"line":82,"column":9}},"25":{"start":{"line":81,"column":12},"end":{"line":81,"column":41}},"26":{"start":{"line":84,"column":8},"end":{"line":87,"column":9}},"27":{"start":{"line":85,"column":12},"end":{"line":85,"column":33}},"28":{"start":{"line":86,"column":12},"end":{"line":86,"column":24}},"29":{"start":{"line":89,"column":8},"end":{"line":89,"column":32}},"30":{"start":{"line":95,"column":8},"end":{"line":95,"column":24}},"31":{"start":{"line":99,"column":8},"end":{"line":99,"column":28}},"32":{"start":{"line":71,"column":0},"end":{"line":71,"column":22}},"33":{"start":{"line":118,"column":16},"end":{"line":118,"column":51}},"34":{"start":{"line":119,"column":16},"end":{"line":119,"column":51}},"35":{"start":{"line":120,"column":16},"end":{"line":120,"column":71}},"36":{"start":{"line":121,"column":16},"end":{"line":121,"column":71}},"37":{"start":{"line":125,"column":8},"end":{"line":125,"column":43}},"38":{"start":{"line":129,"column":8},"end":{"line":129,"column":43}},"39":{"start":{"line":133,"column":8},"end":{"line":133,"column":43}},"40":{"start":{"line":137,"column":8},"end":{"line":137,"column":43}},"41":{"start":{"line":113,"column":0},"end":{"line":113,"column":22}},"42":{"start":{"line":161,"column":8},"end":{"line":166,"column":10}},"43":{"start":{"line":168,"column":8},"end":{"line":168,"column":46}},"44":{"start":{"line":169,"column":8},"end":{"line":169,"column":46}},"45":{"start":{"line":170,"column":8},"end":{"line":170,"column":52}},"46":{"start":{"line":174,"column":8},"end":{"line":174,"column":36}},"47":{"start":{"line":178,"column":8},"end":{"line":178,"column":36}},"48":{"start":{"line":182,"column":8},"end":{"line":182,"column":39}},"49":{"start":{"line":141,"column":0},"end":{"line":141,"column":22}},"50":{"start":{"line":203,"column":8},"end":{"line":208,"column":10}},"51":{"start":{"line":210,"column":8},"end":{"line":210,"column":66}},"52":{"start":{"line":211,"column":8},"end":{"line":211,"column":66}},"53":{"start":{"line":215,"column":8},"end":{"line":215,"column":46}},"54":{"start":{"line":219,"column":8},"end":{"line":219,"column":46}},"55":{"start":{"line":186,"column":0},"end":{"line":186,"column":22}}},"fnMap":{"0":{"name":"(anonymous_0)","decl":{"start":{"line":19,"column":4},"end":{"line":19,"column":null}},"loc":{"start":{"line":21,"column":25},"end":{"line":22,"column":8}}},"1":{"name":"(anonymous_1)","decl":{"start":{"line":26,"column":4},"end":{"line":26,"column":null}},"loc":{"start":{"line":28,"column":25},"end":{"line":29,"column":8}}},"2":{"name":"(anonymous_2)","decl":{"start":{"line":39,"column":4},"end":{"line":39,"column":null}},"loc":{"start":{"line":40,"column":20},"end":{"line":58,"column":5}}},"3":{"name":"(anonymous_3)","decl":{"start":{"line":62,"column":4},"end":{"line":62,"column":9}},"loc":{"start":{"line":62,"column":9},"end":{"line":64,"column":5}}},"4":{"name":"(anonymous_4)","decl":{"start":{"line":66,"column":4},"end":{"line":66,"column":13}},"loc":{"start":{"line":66,"column":13},"end":{"line":68,"column":5}}},"5":{"name":"(anonymous_5)","decl":{"start":{"line":75,"column":4},"end":{"line":75,"column":16}},"loc":{"start":{"line":75,"column":46},"end":{"line":90,"column":5}}},"6":{"name":"(anonymous_6)","decl":{"start":{"line":94,"column":4},"end":{"line":94,"column":9}},"loc":{"start":{"line":94,"column":9},"end":{"line":96,"column":5}}},"7":{"name":"(anonymous_7)","decl":{"start":{"line":98,"column":4},"end":{"line":98,"column":13}},"loc":{"start":{"line":98,"column":13},"end":{"line":100,"column":5}}},"8":{"name":"(anonymous_8)","decl":{"start":{"line":117,"column":4},"end":{"line":117,"column":null}},"loc":{"start":{"line":121,"column":71},"end":{"line":122,"column":8}}},"9":{"name":"(anonymous_9)","decl":{"start":{"line":124,"column":11},"end":{"line":124,"column":35}},"loc":{"start":{"line":124,"column":35},"end":{"line":126,"column":5}}},"10":{"name":"(anonymous_10)","decl":{"start":{"line":128,"column":11},"end":{"line":128,"column":35}},"loc":{"start":{"line":128,"column":35},"end":{"line":130,"column":5}}},"11":{"name":"(anonymous_11)","decl":{"start":{"line":132,"column":11},"end":{"line":132,"column":35}},"loc":{"start":{"line":132,"column":35},"end":{"line":134,"column":5}}},"12":{"name":"(anonymous_12)","decl":{"start":{"line":136,"column":11},"end":{"line":136,"column":35}},"loc":{"start":{"line":136,"column":35},"end":{"line":138,"column":5}}},"13":{"name":"(anonymous_13)","decl":{"start":{"line":152,"column":4},"end":{"line":152,"column":null}},"loc":{"start":{"line":159,"column":54},"end":{"line":171,"column":5}}},"14":{"name":"(anonymous_14)","decl":{"start":{"line":173,"column":11},"end":{"line":173,"column":28}},"loc":{"start":{"line":173,"column":28},"end":{"line":175,"column":5}}},"15":{"name":"(anonymous_15)","decl":{"start":{"line":177,"column":11},"end":{"line":177,"column":28}},"loc":{"start":{"line":177,"column":28},"end":{"line":179,"column":5}}},"16":{"name":"(anonymous_16)","decl":{"start":{"line":181,"column":11},"end":{"line":181,"column":31}},"loc":{"start":{"line":181,"column":31},"end":{"line":183,"column":5}}},"17":{"name":"(anonymous_17)","decl":{"start":{"line":195,"column":4},"end":{"line":195,"column":null}},"loc":{"start":{"line":201,"column":68},"end":{"line":212,"column":5}}},"18":{"name":"(anonymous_18)","decl":{"start":{"line":214,"column":11},"end":{"line":214,"column":39}},"loc":{"start":{"line":214,"column":39},"end":{"line":216,"column":5}}},"19":{"name":"(anonymous_19)","decl":{"start":{"line":218,"column":11},"end":{"line":218,"column":39}},"loc":{"start":{"line":218,"column":39},"end":{"line":220,"column":5}}}},"branchMap":{"0":{"loc":{"start":{"line":42,"column":8},"end":{"line":45,"column":9}},"type":"if","locations":[{"start":{"line":42,"column":8},"end":{"line":45,"column":9}}]},"1":{"loc":{"start":{"line":47,"column":8},"end":{"line":51,"column":9}},"type":"if","locations":[{"start":{"line":47,"column":8},"end":{"line":51,"column":9}}]},"2":{"loc":{"start":{"line":53,"column":8},"end":{"line":57,"column":9}},"type":"if","locations":[{"start":{"line":53,"column":8},"end":{"line":57,"column":9}}]},"3":{"loc":{"start":{"line":76,"column":8},"end":{"line":78,"column":9}},"type":"if","locations":[{"start":{"line":76,"column":8},"end":{"line":78,"column":9}}]},"4":{"loc":{"start":{"line":80,"column":8},"end":{"line":82,"column":9}},"type":"if","locations":[{"start":{"line":80,"column":8},"end":{"line":82,"column":9}}]},"5":{"loc":{"start":{"line":84,"column":8},"end":{"line":87,"column":9}},"type":"if","locations":[{"start":{"line":84,"column":8},"end":{"line":87,"column":9}}]}},"s":{"0":1,"1":1,"2":0,"3":0,"4":1,"5":0,"6":0,"7":1,"8":1,"9":0,"10":0,"11":1,"12":1,"13":1,"14":1,"15":0,"16":0,"17":0,"18":0,"19":4,"20":2,"21":1,"22":68,"23":0,"24":68,"25":67,"26":68,"27":11,"28":11,"29":57,"30":66,"31":54,"32":1,"33":23,"34":23,"35":23,"36":23,"37":15,"38":27,"39":17,"40":14,"41":1,"42":0,"43":0,"44":0,"45":0,"46":0,"47":0,"48":0,"49":1,"50":23,"51":23,"52":23,"53":17,"54":14,"55":1},"f":{"0":0,"1":0,"2":1,"3":4,"4":2,"5":68,"6":66,"7":54,"8":23,"9":15,"10":27,"11":17,"12":14,"13":0,"14":0,"15":0,"16":0,"17":23,"18":17,"19":14},"b":{"0":[0],"1":[1],"2":[0],"3":[0],"4":[67],"5":[11]}}
,"/Users/jaekim/projects/point3-typescript-saga/Saga/Endpoint/CommandRepository.ts": {"path":"/Users/jaekim/projects/point3-typescript-saga/Saga/Endpoint/CommandRepository.ts","statementMap":{"0":{"start":{"line":5,"column":0},"end":{"line":5,"column":36}},"1":{"start":{"line":37,"column":12},"end":{"line":37,"column":45}},"2":{"start":{"line":38,"column":12},"end":{"line":38,"column":48}},"3":{"start":{"line":39,"column":12},"end":{"line":39,"column":40}},"4":{"start":{"line":40,"column":12},"end":{"line":40,"column":43}},"5":{"start":{"line":43,"column":8},"end":{"line":49,"column":null}},"6":{"start":{"line":44,"column":12},"end":{"line":44,"column":47}},"7":{"start":{"line":46,"column":12},"end":{"line":46,"column":57}},"8":{"start":{"line":47,"column":12},"end":{"line":47,"column":41}},"9":{"start":{"line":48,"column":12},"end":{"line":48,"column":19}},"10":{"start":{"line":53,"column":8},"end":{"line":61,"column":null}},"11":{"start":{"line":54,"column":12},"end":{"line":54,"column":50}},"12":{"start":{"line":56,"column":12},"end":{"line":58,"column":15}},"13":{"start":{"line":57,"column":16},"end":{"line":57,"column":64}},"14":{"start":{"line":59,"column":12},"end":{"line":59,"column":44}},"15":{"start":{"line":60,"column":12},"end":{"line":60,"column":19}},"16":{"start":{"line":65,"column":8},"end":{"line":71,"column":null}},"17":{"start":{"line":66,"column":12},"end":{"line":66,"column":47}},"18":{"start":{"line":68,"column":12},"end":{"line":68,"column":45}},"19":{"start":{"line":69,"column":12},"end":{"line":69,"column":41}},"20":{"start":{"line":70,"column":12},"end":{"line":70,"column":19}},"21":{"start":{"line":75,"column":8},"end":{"line":83,"column":null}},"22":{"start":{"line":76,"column":12},"end":{"line":76,"column":50}},"23":{"start":{"line":78,"column":12},"end":{"line":80,"column":15}},"24":{"start":{"line":79,"column":16},"end":{"line":79,"column":52}},"25":{"start":{"line":81,"column":12},"end":{"line":81,"column":44}},"26":{"start":{"line":82,"column":12},"end":{"line":82,"column":19}},"27":{"start":{"line":87,"column":8},"end":{"line":87,"column":43}},"28":{"start":{"line":88,"column":25},"end":{"line":88,"column":80}},"29":{"start":{"line":89,"column":8},"end":{"line":89,"column":37}},"30":{"start":{"line":90,"column":8},"end":{"line":90,"column":24}},"31":{"start":{"line":94,"column":8},"end":{"line":94,"column":46}},"32":{"start":{"line":95,"column":25},"end":{"line":95,"column":83}},"33":{"start":{"line":96,"column":8},"end":{"line":96,"column":40}},"34":{"start":{"line":97,"column":8},"end":{"line":97,"column":24}},"35":{"start":{"line":34,"column":0},"end":{"line":34,"column":13}},"36":{"start":{"line":104,"column":12},"end":{"line":104,"column":46}},"37":{"start":{"line":105,"column":12},"end":{"line":105,"column":48}},"38":{"start":{"line":106,"column":12},"end":{"line":106,"column":41}},"39":{"start":{"line":107,"column":12},"end":{"line":107,"column":43}},"40":{"start":{"line":110,"column":8},"end":{"line":116,"column":null}},"41":{"start":{"line":111,"column":12},"end":{"line":111,"column":48}},"42":{"start":{"line":113,"column":12},"end":{"line":113,"column":60}},"43":{"start":{"line":114,"column":12},"end":{"line":114,"column":42}},"44":{"start":{"line":115,"column":12},"end":{"line":115,"column":19}},"45":{"start":{"line":120,"column":8},"end":{"line":128,"column":null}},"46":{"start":{"line":121,"column":12},"end":{"line":121,"column":50}},"47":{"start":{"line":123,"column":12},"end":{"line":125,"column":15}},"48":{"start":{"line":124,"column":16},"end":{"line":124,"column":66}},"49":{"start":{"line":126,"column":12},"end":{"line":126,"column":44}},"50":{"start":{"line":127,"column":12},"end":{"line":127,"column":19}},"51":{"start":{"line":132,"column":8},"end":{"line":138,"column":null}},"52":{"start":{"line":133,"column":12},"end":{"line":133,"column":48}},"53":{"start":{"line":135,"column":12},"end":{"line":135,"column":46}},"54":{"start":{"line":136,"column":12},"end":{"line":136,"column":42}},"55":{"start":{"line":137,"column":12},"end":{"line":137,"column":19}},"56":{"start":{"line":142,"column":8},"end":{"line":150,"column":null}},"57":{"start":{"line":143,"column":12},"end":{"line":143,"column":50}},"58":{"start":{"line":145,"column":12},"end":{"line":147,"column":15}},"59":{"start":{"line":146,"column":16},"end":{"line":146,"column":52}},"60":{"start":{"line":148,"column":12},"end":{"line":148,"column":44}},"61":{"start":{"line":149,"column":12},"end":{"line":149,"column":19}},"62":{"start":{"line":154,"column":8},"end":{"line":154,"column":44}},"63":{"start":{"line":155,"column":26},"end":{"line":155,"column":82}},"64":{"start":{"line":156,"column":8},"end":{"line":156,"column":38}},"65":{"start":{"line":157,"column":8},"end":{"line":157,"column":25}},"66":{"start":{"line":161,"column":8},"end":{"line":161,"column":46}},"67":{"start":{"line":162,"column":26},"end":{"line":162,"column":84}},"68":{"start":{"line":163,"column":8},"end":{"line":163,"column":40}},"69":{"start":{"line":164,"column":8},"end":{"line":164,"column":25}},"70":{"start":{"line":101,"column":0},"end":{"line":101,"column":13}}},"fnMap":{"0":{"name":"(anonymous_0)","decl":{"start":{"line":34,"column":0},"end":{"line":34,"column":13}},"loc":{"start":{"line":34,"column":0},"end":{"line":99,"column":1}}},"1":{"name":"(anonymous_1)","decl":{"start":{"line":42,"column":4},"end":{"line":42,"column":15}},"loc":{"start":{"line":42,"column":26},"end":{"line":50,"column":5}}},"2":{"name":"(anonymous_2)","decl":{"start":{"line":43,"column":15},"end":{"line":43,"column":20}},"loc":{"start":{"line":43,"column":57},"end":{"line":49,"column":9}}},"3":{"name":"(anonymous_3)","decl":{"start":{"line":52,"column":4},"end":{"line":52,"column":19}},"loc":{"start":{"line":52,"column":33},"end":{"line":62,"column":5}}},"4":{"name":"(anonymous_4)","decl":{"start":{"line":53,"column":15},"end":{"line":53,"column":20}},"loc":{"start":{"line":53,"column":57},"end":{"line":61,"column":9}}},"5":{"name":"(anonymous_5)","decl":{"start":{"line":56,"column":29},"end":{"line":56,"column":36}},"loc":{"start":{"line":56,"column":39},"end":{"line":58,"column":13}}},"6":{"name":"(anonymous_6)","decl":{"start":{"line":64,"column":4},"end":{"line":64,"column":17}},"loc":{"start":{"line":64,"column":35},"end":{"line":72,"column":5}}},"7":{"name":"(anonymous_7)","decl":{"start":{"line":65,"column":15},"end":{"line":65,"column":20}},"loc":{"start":{"line":65,"column":57},"end":{"line":71,"column":9}}},"8":{"name":"(anonymous_8)","decl":{"start":{"line":74,"column":4},"end":{"line":74,"column":21}},"loc":{"start":{"line":74,"column":42},"end":{"line":84,"column":5}}},"9":{"name":"(anonymous_9)","decl":{"start":{"line":75,"column":15},"end":{"line":75,"column":20}},"loc":{"start":{"line":75,"column":57},"end":{"line":83,"column":9}}},"10":{"name":"(anonymous_10)","decl":{"start":{"line":78,"column":31},"end":{"line":78,"column":40}},"loc":{"start":{"line":78,"column":43},"end":{"line":80,"column":13}}},"11":{"name":"(anonymous_11)","decl":{"start":{"line":86,"column":4},"end":{"line":86,"column":9}},"loc":{"start":{"line":86,"column":49},"end":{"line":91,"column":5}}},"12":{"name":"(anonymous_12)","decl":{"start":{"line":93,"column":4},"end":{"line":93,"column":9}},"loc":{"start":{"line":93,"column":53},"end":{"line":98,"column":5}}},"13":{"name":"(anonymous_13)","decl":{"start":{"line":101,"column":0},"end":{"line":101,"column":13}},"loc":{"start":{"line":101,"column":0},"end":{"line":166,"column":1}}},"14":{"name":"(anonymous_14)","decl":{"start":{"line":109,"column":4},"end":{"line":109,"column":15}},"loc":{"start":{"line":109,"column":27},"end":{"line":117,"column":5}}},"15":{"name":"(anonymous_15)","decl":{"start":{"line":110,"column":15},"end":{"line":110,"column":20}},"loc":{"start":{"line":110,"column":57},"end":{"line":116,"column":9}}},"16":{"name":"(anonymous_16)","decl":{"start":{"line":119,"column":4},"end":{"line":119,"column":19}},"loc":{"start"
[...]
"1":{"start":{"line":3,"column":0},"end":{"line":3,"column":null}},"2":{"start":{"line":4,"column":4},"end":{"line":4,"column":null}},"3":{"start":{"line":5,"column":4},"end":{"line":5,"column":null}},"4":{"start":{"line":12,"column":8},"end":{"line":15,"column":10}},"5":{"start":{"line":7,"column":0},"end":{"line":7,"column":13}},"6":{"start":{"line":22,"column":8},"end":{"line":22,"column":20}},"7":{"start":{"line":26,"column":8},"end":{"line":26,"column":65}},"8":{"start":{"line":18,"column":0},"end":{"line":18,"column":13}},"9":{"start":{"line":36,"column":8},"end":{"line":36,"column":22}},"10":{"start":{"line":31,"column":21},"end":{"line":31,"column":100}},"11":{"start":{"line":40,"column":8},"end":{"line":40,"column":77}},"12":{"start":{"line":30,"column":0},"end":{"line":30,"column":13}},"13":{"start":{"line":50,"column":8},"end":{"line":50,"column":22}},"14":{"start":{"line":45,"column":21},"end":{"line":45,"column":100}},"15":{"start":{"line":54,"column":8},"end":{"line":54,"column":72}},"16":{"start":{"line":44,"column":0},"end":{"line":44,"column":13}}},"fnMap":{"0":{"name":"(anonymous_0)","decl":{"start":{"line":3,"column":0},"end":{"line":3,"column":5}},"loc":{"start":{"line":3,"column":30},"end":{"line":6,"column":1}}},"1":{"name":"(anonymous_1)","decl":{"start":{"line":8,"column":4},"end":{"line":8,"column":null}},"loc":{"start":{"line":10,"column":18},"end":{"line":16,"column":5}}},"2":{"name":"(anonymous_2)","decl":{"start":{"line":19,"column":4},"end":{"line":19,"column":null}},"loc":{"start":{"line":20,"column":59},"end":{"line":23,"column":5}}},"3":{"name":"(anonymous_3)","decl":{"start":{"line":25,"column":4},"end":{"line":25,"column":22}},"loc":{"start":{"line":25,"column":22},"end":{"line":27,"column":5}}},"4":{"name":"(anonymous_4)","decl":{"start":{"line":33,"column":4},"end":{"line":33,"column":null}},"loc":{"start":{"line":34,"column":38},"end":{"line":37,"column":5}}},"5":{"name":"(anonymous_5)","decl":{"start":{"line":39,"column":4},"end":{"line":39,"column":22}},"loc":{"start":{"line":39,"column":22},"end":{"line":41,"column":5}}},"6":{"name":"(anonymous_6)","decl":{"start":{"line":47,"column":4},"end":{"line":47,"column":null}},"loc":{"start":{"line":48,"column":38},"end":{"line":51,"column":5}}},"7":{"name":"(anonymous_7)","decl":{"start":{"line":53,"column":4},"end":{"line":53,"column":22}},"loc":{"start":{"line":53,"column":22},"end":{"line":55,"column":5}}}},"branchMap":{"0":{"loc":{"start":{"line":3,"column":5},"end":{"line":3,"column":null}},"type":"binary-expr","locations":[{"start":{"line":3,"column":5},"end":{"line":3,"column":30}},{"start":{"line":3,"column":5},"end":{"line":3,"column":null}}]}},"s":{"0":1,"1":1,"2":1,"3":1,"4":0,"5":1,"6":1,"7":0,"8":1,"9":42,"10":42,"11":0,"12":1,"13":26,"14":26,"15":0,"16":1},"f":{"0":1,"1":0,"2":1,"3":0,"4":42,"5":0,"6":26,"7":0},"b":{"0":[1,1]}}
,"/Users/jaekim/projects/point3-typescript-saga/test/endpoint.ts": {"path":"/Users/jaekim/projects/point3-typescript-saga/test/endpoint.ts","statementMap":{"0":{"start":{"line":1,"column":0},"end":{"line":1,"column":44}},"1":{"start":{"line":3,"column":0},"end":{"line":3,"column":184}},"2":{"start":{"line":4,"column":0},"end":{"line":4,"column":null}},"3":{"start":{"line":20,"column":8},"end":{"line":28,"column":10}},"4":{"start":{"line":10,"column":0},"end":{"line":10,"column":13}},"5":{"start":{"line":39,"column":8},"end":{"line":39,"column":70}},"6":{"start":{"line":40,"column":8},"end":{"line":42,"column":null}},"7":{"start":{"line":41,"column":12},"end":{"line":41,"column":73}},"8":{"start":{"line":49,"column":8},"end":{"line":56,"column":10}},"9":{"start":{"line":32,"column":0},"end":{"line":32,"column":13}},"10":{"start":{"line":62,"column":8},"end":{"line":62,"column":40}},"11":{"start":{"line":60,"column":0},"end":{"line":60,"column":13}}},"fnMap":{"0":{"name":"(anonymous_6)","decl":{"start":{"line":17,"column":4},"end":{"line":17,"column":null}},"loc":{"start":{"line":18,"column":91},"end":{"line":29,"column":5}}},"1":{"name":"(anonymous_7)","decl":{"start":{"line":38,"column":4},"end":{"line":38,"column":9}},"loc":{"start":{"line":38,"column":57},"end":{"line":43,"column":5}}},"2":{"name":"(anonymous_8)","decl":{"start":{"line":40,"column":15},"end":{"line":40,"column":20}},"loc":{"start":{"line":40,"column":32},"end":{"line":42,"column":9}}},"3":{"name":"(anonymous_9)","decl":{"start":{"line":45,"column":4},"end":{"line":45,"column":null}},"loc":{"start":{"line":47,"column":100},"end":{"line":57,"column":5}}},"4":{"name":"(anonymous_10)","decl":{"start":{"line":61,"column":4},"end":{"line":61,"column":9}},"loc":{"start":{"line":61,"column":79},"end":{"line":63,"column":5}}}},"branchMap":{},"s":{"0":1,"1":1,"2":1,"3":0,"4":1,"5":17,"6":17,"7":17,"8":23,"9":1,"10":14,"11":1},"f":{"0":0,"1":17,"2":17,"3":23,"4":14},"b":{}}
,"/Users/jaekim/projects/point3-typescript-saga/test/idempotence.ts": {"path":"/Users/jaekim/projects/point3-typescript-saga/test/idempotence.ts","statementMap":{"0":{"start":{"line":1,"column":0},"end":{"line":1,"column":44}},"1":{"start":{"line":2,"column":0},"end":{"line":2,"column":36}},"2":{"start":{"line":9,"column":8},"end":{"line":9,"column":16}},"3":{"start":{"line":11,"column":8},"end":{"line":11,"column":36}},"4":{"start":{"line":12,"column":8},"end":{"line":12,"column":33}},"5":{"start":{"line":16,"column":8},"end":{"line":25,"column":9}},"6":{"start":{"line":17,"column":12},"end":{"line":17,"column":39}},"7":{"start":{"line":18,"column":12},"end":{"line":20,"column":13}},"8":{"start":{"line":19,"column":16},"end":{"line":19,"column":79}},"9":{"start":{"line":22,"column":12},"end":{"line":22,"column":44}},"10":{"start":{"line":24,"column":12},"end":{"line":24,"column":33}},"11":{"start":{"line":29,"column":8},"end":{"line":34,"column":9}},"12":{"start":{"line":30,"column":12},"end":{"line":30,"column":39}},"13":{"start":{"line":31,"column":12},"end":{"line":31,"column":47}},"14":{"start":{"line":33,"column":12},"end":{"line":33,"column":33}},"15":{"start":{"line":4,"column":0},"end":{"line":4,"column":13}}},"fnMap":{"0":{"name":"(anonymous_6)","decl":{"start":{"line":8,"column":4},"end":{"line":8,"column":null}},"loc":{"start":{"line":8,"column":4},"end":{"line":13,"column":5}}},"1":{"name":"(anonymous_7)","decl":{"start":{"line":15,"column":14},"end":{"line":15,"column":19}},"loc":{"start":{"line":15,"column":46},"end":{"line":26,"column":5}}},"2":{"name":"(anonymous_8)","decl":{"start":{"line":28,"column":14},"end":{"line":28,"column":19}},"loc":{"start":{"line":28,"column":49},"end":{"line":35,"column":5}}}},"branchMap":{"0":{"loc":{"start":{"line":18,"column":12},"end":{"line":20,"column":13}},"type":"if","locations":[{"start":{"line":18,"column":12},"end":{"line":20,"column":13}}]}},"s":{"0":1,"1":1,"2":17,"3":17,"4":17,"5":28,"6":28,"7":28,"8":0,"9":28,"10":28,"11":2,"12":2,"13":2,"14":2,"15":1},"f":{"0":17,"1":28,"2":2},"b":{"0":[0]}}
,"/Users/jaekim/projects/point3-typescript-saga/test/registry.ts": {"path":"/Users/jaekim/projects/point3-typescript-saga/test/registry.ts","statementMap":{"0":{"start":{"line":1,"column":0},"end":{"line":1,"column":44}},"1":{"start":{"line":2,"column":0},"end":{"line":2,"column":79}},"2":{"start":{"line":3,"column":0},"end":{"line":3,"column":67}},"3":{"start":{"line":7,"column":34},"end":{"line":7,"column":70}},"4":{"start":{"line":8,"column":33},"end":{"line":8,"column":91}},"5":{"start":{"line":9,"column":36},"end":{"line":9,"column":76}},"6":{"start":{"line":10,"column":8},"end":{"line":10,"column":53}},"7":{"start":{"line":5,"column":0},"end":{"line":5,"column":13}}},"fnMap":{"0":{"name":"(anonymous_6)","decl":{"start":{"line":6,"column":4},"end":{"line":6,"column":null}},"loc":{"start":{"line":6,"column":4},"end":{"line":11,"column":5}}}},"branchMap":{},"s":{"0":1,"1":1,"2":1,"3":17,"4":17,"5":17,"6":17,"7":1},"f":{"0":17},"b":{}}
,"/Users/jaekim/projects/point3-typescript-saga/test/repository.ts": {"path":"/Users/jaekim/projects/point3-typescript-saga/test/repository.ts","statementMap":{"0":{"start":{"line":1,"column":0},"end":{"line":1,"column":36}},"1":{"start":{"line":8,"column":21},"end":{"line":8,"column":59}},"2":{"start":{"line":9,"column":21},"end":{"line":9,"column":62}},"3":{"start":{"line":10,"column":21},"end":{"line":10,"column":57}},"4":{"start":{"line":13,"column":8},"end":{"line":15,"column":null}},"5":{"start":{"line":14,"column":12},"end":{"line":14,"column":null}},"6":{"start":{"line":19,"column":8},"end":{"line":19,"column":51}},"7":{"start":{"line":23,"column":8},"end":{"line":23,"column":51}},"8":{"start":{"line":27,"column":8},"end":{"line":27,"column":51}},"9":{"start":{"line":31,"column":8},"end":{"line":31,"column":51}},"10":{"start":{"line":35,"column":8},"end":{"line":35,"column":51}},"11":{"start":{"line":40,"column":8},"end":{"line":40,"column":37}},"12":{"start":{"line":43,"column":8},"end":{"line":43,"column":28}},"13":{"start":{"line":5,"column":0},"end":{"line":5,"column":13}},"14":{"start":{"line":50,"column":21},"end":{"line":50,"column":57}},"15":{"start":{"line":53,"column":8},"end":{"line":55,"column":null}},"16":{"start":{"line":54,"column":12},"end":{"line":54,"column":53}},"17":{"start":{"line":59,"column":8},"end":{"line":59,"column":51}},"18":{"start":{"line":63,"column":8},"end":{"line":63,"column":51}},"19":{"start":{"line":67,"column":8},"end":{"line":67,"column":51}},"20":{"start":{"line":71,"column":8},"end":{"line":71,"column":51}},"21":{"start":{"line":75,"column":8},"end":{"line":75,"column":51}},"22":{"start":{"line":80,"column":8},"end":{"line":80,"column":37}},"23":{"start":{"line":83,"column":8},"end":{"line":83,"column":28}},"24":{"start":{"line":47,"column":0},"end":{"line":47,"column":13}}},"fnMap":{"0":{"name":"(anonymous_0)","decl":{"start":{"line":5,"column":0},"end":{"line":5,"column":13}},"loc":{"start":{"line":5,"column":0},"end":{"line":45,"column":1}}},"1":{"name":"(anonymous_1)","decl":{"start":{"line":12,"column":4},"end":{"line":12,"column":15}},"loc":{"start":{"line":12,"column":26},"end":{"line":16,"column":5}}},"2":{"name":"(anonymous_2)","decl":{"start":{"line":13,"column":15},"end":{"line":13,"column":20}},"loc":{"start":{"line":13,"column":39},"end":{"line":15,"column":9}}},"3":{"name":"(anonymous_3)","decl":{"start":{"line":18,"column":4},"end":{"line":18,"column":19}},"loc":{"start":{"line":18,"column":33},"end":{"line":20,"column":5}}},"4":{"name":"(anonymous_4)","decl":{"start":{"line":22,"column":4},"end":{"line":22,"column":17}},"loc":{"start":{"line":22,"column":35},"end":{"line":24,"column":5}}},"5":{"name":"(anonymous_5)","decl":{"start":{"line":26,"column":4},"end":{"line":26,"column":21}},"loc":{"start":{"line":26,"column":42},"end":{"line":28,"column":5}}},"6":{"name":"(anonymous_6)","decl":{"start":{"line":30,"column":4},"end":{"line":30,"column":25}},"loc":{"start":{"line":30,"column":43},"end":{"line":32,"column":5}}},"7":{"name":"(anonymous_7)","decl":{"start":{"line":34,"column":4},"end":{"line":34,"column":29}},"loc":{"start":{"line":34,"column":47},"end":{"line":36,"column":5}}},"8":{"name":"(anonymous_8)","decl":{"start":{"line":39,"column":4},"end":{"line":39,"column":15}},"loc":{"start":{"line":39,"column":15},"end":{"line":41,"column":5}}},"9":{"name":"(anonymous_9)","decl":{"start":{"line":42,"column":4},"end":{"line":42,"column":20}},"loc":{"start":{"line":42,"column":20},"end":{"line":44,"column":5}}},"10":{"name":"(anonymous_10)","decl":{"start":{"line":47,"column":0},"end":{"line":47,"column":13}},"loc":{"start":{"line":47,"column":0},"end":{"line":85,"column":1}}},"11":{"name":"(anonymous_11)","decl":{"start":{"line":52,"column":4},"end":{"line":52,"column":15}},"loc":{"start":{"line":52,"column":27},"end":{"line":56,"column":5}}},"12":{"name":"(anonymous_12)","decl":{"start":{"line":53,"column":15},"end":{"line":53,"column":20}},"loc":{"start":{"line":53,"column":39},"end":{"line":55,"column":9}}},"13":{"name":"(anonymous_13)","decl":{"start":{"line":58,"column":4},"end":{"line":58,"column":19}},"loc":{"start":{"line":58,"column":40},"end":{"line":60,"column":5}}},"14":{"name":"(anonymous_14)","decl":{"start":{"line":62,"column":4},"end":{"line":62,"column":17}},"loc":{"start":{"line":62,"column":35},"end":{"line":64,"column":5}}},"15":{"name":"(anonymous_15)","decl":{"start":{"line":66,"column":4},"end":{"line":66,"column":21}},"loc":{"start":{"line":66,"column":42},"end":{"line":68,"column":5}}},"16":{"name":"(anonymous_16)","decl":{"start":{"line":70,"column":4},"end":{"line":70,"column":25}},"loc":{"start":{"line":70,"column":43},"end":{"line":72,"column":5}}},"17":{"name":"(anonymous_17)","decl":{"start":{"line":74,"column":4},"end":{"line":74,"column":29}},"loc":{"start":{"line":74,"column":47},"end":{"line":76,"column":5}}},"18":{"name":"(anonymous_18)","decl":{"start":{"line":79,"column":4},"end":{"line":79,"column":15}},"loc":{"start":{"line":79,"column":15},"end":{"line":81,"column":5}}},"19":{"name":"(anonymous_19)","decl":{"start":{"line":82,"column":4},"end":{"line":82,"column":20}},"loc":{"start":{"line":82,"column":20},"end":{"line":84,"column":5}}}},"branchMap":{},"s":{"0":1,"1":17,"2":17,"3":17,"4":0,"5":0,"6":0,"7":0,"8":0,"9":0,"10":0,"11":0,"12":0,"13":1,"14":34,"15":31,"16":31,"17":0,"18":0,"19":0,"20":0,"21":0,"22":3,"23":0,"24":1},"f":{"0":17,"1":0,"2":0,"3":0,"4":0,"5":0,"6":0,"7":0,"8":0,"9":0,"10":34,"11":31,"12":31,"13":0,"14":0,"15":0,"16":0,"17":0,"18":3,"19":0},"b":{}}
,"/Users/jaekim/projects/point3-typescript-saga/test/saga.ts": {"path":"/Users/jaekim/projects/point3-typescript-saga/test/saga.ts","statementMap":{"0":{"start":{"line":1,"column":0},"end":{"line":1,"column":44}},"1":{"start":{"line":4,"column":0},"end":{"line":4,"column":null}},"2":{"start":{"line":24,"column":8},"end":{"line":24,"column":16}},"3":{"start":{"line":25,"column":8},"end":{"line":25,"column":46}},"4":{"start":{"line":26,"column":8},"end":{"line":26,"column":null}},"5":{"start":{"line":27,"column":8},"end":{"line":27,"column":59}},"6":{"start":{"line":31,"column":8},"end":{"line":31,"column":36}},"7":{"start":{"line":35,"column":8},"end":{"line":35,"column":35}},"8":{"start":{"line":39,"column":8},"end":{"line":39,"column":42}},"9":{"start":{"line":43,"column":8},"end":{"line":43,"column":36}},"10":{"start":{"line":47,"column":29},"end":{"line":47,"column":46}},"11":{"start":{"line":48,"column":28},"end":{"line":48,"column":69}},"12":{"start":{"line":49,"column":8},"end":{"line":49,"column":44}},"13":{"start":{"line":9,"column":0},"end":{"line":9,"column":13}},"14":{"start":{"line":14,"column":21},"end":{"line":14,"column":54}}},"fnMap":{"0":{"name":"(anonymous_6)","decl":{"start":{"line":19,"column":4},"end":{"line":19,"column":null}},"loc":{"start":{"line":22,"column":91},"end":{"line":28,"column":5}}},"1":{"name":"(anonymous_7)","decl":{"start":{"line":30,"column":4},"end":{"line":30,"column":10}},"loc":{"start":{"line":30,"column":18},"end":{"line":32,"column":5}}},"2":{"name":"(anonymous_8)","decl":{"start":{"line":34,"column":4},"end":{"line":34,"column":17}},"loc":{"start":{"line":34,"column":17},"end":{"line":36,"column":5}}},"3":{"name":"(anonymous_9)","decl":{"start":{"line":38,"column":4},"end":{"line":38,"column":21}},"loc":{"start":{"line":38,"column":21},"end":{"line":40,"column":5}}},"4":{"name":"(anonymous_10)","decl":{"start":{"line":42,"column":4},"end":{"line":42,"column":11}},"loc":{"start":{"line":42,"column":11},"end":{"line":44,"column":5}}},"5":{"name":"(anonymous_11)","decl":{"start":{"line":46,"column":4},"end":{"line":46,"column":17}},"loc":{"start":{"line":46,"column":50},"end":{"line":50,"column":5}}}},"branchMap":{},"s":{"0":1,"1":1,"2":17,"3":17,"4":17,"5":17,"6":16,"7":43,"8":69,"9":78,"10":15,"11":15,"12":15,"13":1,"14":1},"f":{"0":17,"1":16,"2":43,"3":69,"4":78,"5":15},"b":{}}
,"/Users/jaekim/projects/point3-typescript-saga/test/sagaSession.ts": {"path":"/Users/jaekim/projects/point3-typescript-saga/test/sagaSession.ts","statementMap":{"0":{"start":{"line":1,"column":0},"end":{"line":1,"column":44}},"1":{"start":{"line":3,"column":0},"end":{"line":3,"column":35}},"2":{"start":{"line":6,"column":21},"end":{"line":6,"column":44}},"3":{"start":{"line":9,"column":8},"end":{"line":9,"column":26}},"4":{"start":{"line":5,"column":0},"end":{"line":5,"column":13}},"5":{"start":{"line":14,"column":21},"end":{"line":14,"column":44}},"6":{"start":{"line":17,"column":8},"end":{"line":17,"column":26}},"7":{"start":{"line":13,"column":0},"end":{"line":13,"column":13}},"8":{"start":{"line":23,"column":8},"end":{"line":23,"column":22}},"9":{"start":{"line":21,"column":0},"end":{"line":21,"column":13}},"10":{"start":{"line":28,"column":21},"end":{"line":28,"column":76}},"11":{"start":{"line":33,"column":8},"end":{"line":36,"column":10}},"12":{"start":{"line":34,"column":12},"end":{"line":34,"column":69}},"13":{"start":{"line":35,"column":12},"end":{"line":35,"column":68}},"14":{"start":{"line":40,"column":34},"end":{"line":40,"column":59}},"15":{"start":{"line":42,"column":8},"end":{"line":45,"column":9}},"16":{"start":{"line":43,"column":12},"end":{"line":43,"column":62}},"17":{"start":{"line":44,"column":12},"end":{"line":44,"column":41}},"18":{"start":{"line":46,"column":8},"end":{"line":46,"column":69}},"19":{"start":{"line":51,"column":57},"end":{"line":51,"column":59}},"20":{"start":{"line":52,"column":8},"end":{"line":54,"column":9}},"21":{"start":{"line":53,"column":12},"end":{"line":53,"column":56}},"22":{"start":{"line":56,"column":8},"end":{"line":56,"column":43}},"23":{"start":{"line":60,"column":8},"end":{"line":60,"column":30}},"24":{"start":{"line":27,"column":0},"end":{"line":27,"column":13}}},"fnMap":{"0":{"name":"(anonymous_6)","decl":{"start":{"line":5,"column":0},"end":{"line":5,"column":13}},"loc":{"start":{"line":5,"column":0},"end":{"line":11,"column":1}}},"1":{"name":"(anonymous_7)","decl":{"start":{"line":8,"column":11},"end":{"line":8,"column":18}},"loc":{"start":{"line":8,"column":18},"end":{"line":10,"column":5}}},"2":{"name":"(anonymous_8)","decl":{"start":{"line":13,"column":0},"end":{"line":13,"column":13}},"loc":{"start":{"line":13,"column":0},"end":{"line":19,"column":1}}},"3":{"name":"(anonymous_9)","decl":{"start":{"line":16,"column":11},"end":{"line":16,"column":18}},"loc":{"start":{"line":16,"column":18},"end":{"line":18,"column":5}}},"4":{"name":"(anonymous_10)","decl":{"start":{"line":22,"column":4},"end":{"line":22,"column":16}},"loc":{"start":{"line":22,"column":64},"end":{"line":24,"column":5}}},"5":{"name":"(anonymous_11)","decl":{"start":{"line":30,"column":4},"end":{"line":30,"column":19}},"loc":{"start":{"line":30,"column":4},"end":{"line":30,"column":20}}},"6":{"name":"(anonymous_12)","decl":{"start":{"line":32,"column":4},"end":{"line":32,"column":10}},"loc":{"start":{"line":32,"column":42},"end":{"line":37,"column":5}}},"7":{"name":"(anonymous_13)","decl":{"start":{"line":33,"column":15},"end":{"line":33,"column":20}},"loc":{"start":{"line":33,"column":39},"end":{"line":36,"column":9}}},"8":{"name":"(anonymous_14)","decl":{"start":{"line":39,"column":4},"end":{"line":39,"column":8}},"loc":{"start":{"line":39,"column":30},"end":{"line":47,"column":5}}},"9":{"name":"(anonymous_15)","decl":{"start":{"line":50,"column":4},"end":{"line":50,"column":15}},"loc":{"start":{"line":50,"column":15},"end":{"line":57,"column":5}}},"10":{"name":"(anonymous_16)","decl":{"start":{"line":59,"column":4},"end":{"line":59,"column":24}},"loc":{"start":{"line":59,"column":24},"end":{"line":61,"column":5}}}},"branchMap":{"0":{"loc":{"start":{"line":42,"column":8},"end":{"line":45,"column":9}},"type":"if","locations":[{"start":{"line":42,"column":8},"end":{"line":45,"column":9}}]}},"s":{"0":1,"1":1,"2":0,"3":0,"4":1,"5":15,"6":0,"7":1,"8":15,"9":1,"10":17,"11":41,"12":41,"13":41,"14":28,"15":28,"16":0,"17":0,"18":28,"19":45,"20":45,"21":44,"22":45,"23":0,"24":1},"f":{"0":0,"1":0,"2":15,"3":0,"4":15,"5":17,"6":41,"7":41,"8":28,"9":45,"10":0},"b":{"0":[0]}}
}
