{"/Users/jaekim/projects/point3-nest-sagajs/src/point3-typescript-saga/index.ts": {"path":"/Users/jaekim/projects/point3-nest-sagajs/src/point3-typescript-saga/index.ts","statementMap":{"0":{"start":{"line":1,"column":0},"end":{"line":1,"column":62}},"1":{"start":{"line":2,"column":0},"end":{"line":2,"column":39}},"2":{"start":{"line":3,"column":0},"end":{"line":3,"column":41}},"3":{"start":{"line":4,"column":0},"end":{"line":4,"column":51}}},"fnMap":{},"branchMap":{},"s":{"0":1,"1":1,"2":1,"3":1},"f":{},"b":{}}
,"/Users/jaekim/projects/point3-nest-sagajs/src/point3-typescript-saga/MessageRelay/BatchJob.ts": {"path":"/Users/jaekim/projects/point3-nest-sagajs/src/point3-typescript-saga/MessageRelay/BatchJob.ts","statementMap":{"0":{"start":{"line":1,"column":0},"end":{"line":1,"column":29}},"1":{"start":{"line":3,"column":0},"end":{"line":3,"column":22}},"2":{"start":{"line":8,"column":12},"end":{"line":8,"column":35}},"3":{"start":{"line":12,"column":8},"end":{"line":12,"column":29}},"4":{"start":{"line":16,"column":8},"end":{"line":20,"column":11}},"5":{"start":{"line":17,"column":12},"end":{"line":19,"column":13}},"6":{"start":{"line":18,"column":16},"end":{"line":18,"column":36}},"7":{"start":{"line":7,"column":0},"end":{"line":7,"column":13}}},"fnMap":{"0":{"name":"(anonymous_1)","decl":{"start":{"line":7,"column":0},"end":{"line":7,"column":13}},"loc":{"start":{"line":7,"column":0},"end":{"line":22,"column":1}}},"1":{"name":"(anonymous_2)","decl":{"start":{"line":11,"column":11},"end":{"line":11,"column":17}},"loc":{"start":{"line":11,"column":31},"end":{"line":13,"column":5}}},"2":{"name":"(anonymous_3)","decl":{"start":{"line":15,"column":11},"end":{"line":15,"column":16}},"loc":{"start":{"line":15,"column":29},"end":{"line":21,"column":5}}},"3":{"name":"(anonymous_4)","decl":{"start":{"line":16,"column":37},"end":{"line":16,"column":42}},"loc":{"start":{"line":16,"column":48},"end":{"line":20,"column":9}}}},"branchMap":{},"s":{"0":1,"1":1,"2":0,"3":0,"4":0,"5":0,"6":0,"7":1},"f":{"0":0,"1":0,"2":0,"3":0},"b":{}}
,"/Users/jaekim/projects/point3-nest-sagajs/src/point3-typescript-saga/MessageRelay/MessageRelayer.ts": {"path":"/Users/jaekim/projects/point3-nest-sagajs/src/point3-typescript-saga/MessageRelay/MessageRelayer.ts","statementMap":{"0":{"start":{"line":1,"column":0},"end":{"line":1,"column":52}},"1":{"start":{"line":4,"column":0},"end":{"line":4,"column":38}},"2":{"start":{"line":17,"column":8},"end":{"line":17,"column":16}},"3":{"start":{"line":9,"column":12},"end":{"line":9,"column":29}},"4":{"start":{"line":18,"column":8},"end":{"line":18,"column":52}},"5":{"start":{"line":19,"column":8},"end":{"line":19,"column":48}},"6":{"start":{"line":23,"column":8},"end":{"line":27,"column":9}},"7":{"start":{"line":24,"column":12},"end":{"line":24,"column":38}},"8":{"start":{"line":26,"column":12},"end":{"line":26,"column":29}},"9":{"start":{"line":31,"column":68},"end":{"line":33,"column":null}},"10":{"start":{"line":36,"column":8},"end":{"line":40,"column":9}},"11":{"start":{"line":37,"column":28},"end":{"line":37,"column":79}},"12":{"start":{"line":38,"column":37},"end":{"line":38,"column":83}},"13":{"start":{"line":39,"column":12},"end":{"line":39,"column":68}},"14":{"start":{"line":42,"column":8},"end":{"line":44,"column":9}},"15":{"start":{"line":43,"column":12},"end":{"line":43,"column":19}},"16":{"start":{"line":46,"column":73},"end":{"line":48,"column":null}},"17":{"start":{"line":51,"column":8},"end":{"line":56,"column":9}},"18":{"start":{"line":52,"column":28},"end":{"line":52,"column":79}},"19":{"start":{"line":53,"column":29},"end":{"line":53,"column":69}},"20":{"start":{"line":54,"column":12},"end":{"line":54,"column":67}},"21":{"start":{"line":55,"column":12},"end":{"line":55,"column":58}},"22":{"start":{"line":58,"column":8},"end":{"line":62,"column":9}},"23":{"start":{"line":59,"column":28},"end":{"line":59,"column":79}},"24":{"start":{"line":60,"column":37},"end":{"line":60,"column":83}},"25":{"start":{"line":61,"column":12},"end":{"line":61,"column":75}},"26":{"start":{"line":69,"column":8},"end":{"line":81,"column":9}},"27":{"start":{"line":70,"column":31},"end":{"line":70,"column":56}},"28":{"start":{"line":72,"column":36},"end":{"line":77,"column":20}},"29":{"start":{"line":79,"column":12},"end":{"line":79,"column":50}},"30":{"start":{"line":80,"column":12},"end":{"line":80,"column":32}},"31":{"start":{"line":83,"column":8},"end":{"line":92,"column":9}},"32":{"start":{"line":84,"column":31},"end":{"line":84,"column":56}},"33":{"start":{"line":86,"column":36},"end":{"line":88,"column":68}},"34":{"start":{"line":90,"column":12},"end":{"line":90,"column":50}},"35":{"start":{"line":91,"column":12},"end":{"line":91,"column":32}},"36":{"start":{"line":99,"column":8},"end":{"line":108,"column":11}},"37":{"start":{"line":100,"column":31},"end":{"line":100,"column":56}},"38":{"start":{"line":102,"column":28},"end":{"line":104,"column":47}},"39":{"start":{"line":106,"column":12},"end":{"line":106,"column":42}},"40":{"start":{"line":107,"column":12},"end":{"line":107,"column":32}},"41":{"start":{"line":115,"column":27},"end":{"line":115,"column":52}},"42":{"start":{"line":120,"column":35},"end":{"line":122,"column":77}},"43":{"start":{"line":122,"column":60},"end":{"line":122,"column":75}},"44":{"start":{"line":124,"column":8},"end":{"line":124,"column":49}},"45":{"start":{"line":125,"column":8},"end":{"line":125,"column":28}},"46":{"start":{"line":136,"column":40},"end":{"line":136,"column":49}},"47":{"start":{"line":137,"column":46},"end":{"line":137,"column":55}},"48":{"start":{"line":139,"column":34},"end":{"line":141,"column":null}},"49":{"start":{"line":143,"column":33},"end":{"line":143,"column":42}},"50":{"start":{"line":145,"column":8},"end":{"line":167,"column":9}},"51":{"start":{"line":146,"column":12},"end":{"line":146,"column":57}},"52":{"start":{"line":147,"column":12},"end":{"line":147,"column":63}},"53":{"start":{"line":148,"column":29},"end":{"line":148,"column":63}},"54":{"start":{"line":149,"column":12},"end":{"line":166,"column":13}},"55":{"start":{"line":150,"column":16},"end":{"line":163,"column":17}},"56":{"start":{"line":151,"column":20},"end":{"line":153,"column":56}},"57":{"start":{"line":155,"column":20},"end":{"line":157,"column":56}},"58":{"start":{"line":159,"column":20},"end":{"line":159,"column":37}},"59":{"start":{"line":160,"column":20},"end":{"line":162,"column":56}},"60":{"start":{"line":165,"column":16},"end":{"line":165,"column":40}},"61":{"start":{"line":169,"column":8},"end":{"line":173,"column":10}},"62":{"start":{"line":188,"column":8},"end":{"line":190,"column":9}},"63":{"start":{"line":189,"column":12},"end":{"line":189,"column":65}},"64":{"start":{"line":198,"column":12},"end":{"line":198,"column":21}},"65":{"start":{"line":200,"column":8},"end":{"line":234,"column":9}},"66":{"start":{"line":201,"column":32},"end":{"line":201,"column":55}},"67":{"start":{"line":202,"column":114},"end":{"line":202,"column":116}},"68":{"start":{"line":204,"column":12},"end":{"line":208,"column":13}},"69":{"start":{"line":205,"column":16},"end":{"line":205,"column":82}},"70":{"start":{"line":207,"column":16},"end":{"line":207,"column":78}},"71":{"start":{"line":210,"column":12},"end":{"line":222,"column":13}},"72":{"start":{"line":213,"column":22},"end":{"line":213,"column":24}},"73":{"start":{"line":215,"column":16},"end":{"line":219,"column":17}},"74":{"start":{"line":216,"column":46},"end":{"line":217,"column":86}},"75":{"start":{"line":218,"column":20},"end":{"line":218,"column":63}},"76":{"start":{"line":221,"column":16},"end":{"line":221,"column":84}},"77":{"start":{"line":224,"column":12},"end":{"line":233,"column":13}},"78":{"start":{"line":225,"column":104},"end":{"line":225,"column":106}},"79":{"start":{"line":227,"column":16},"end":{"line":230,"column":17}},"80":{"start":{"line":228,"column":46},"end":{"line":228,"column":106}},"81":{"start":{"line":229,"column":20},"end":{"line":229,"column":63}},"82":{"start":{"line":232,"column":16},"end":{"line":232,"column":84}},"83":{"start":{"line":236,"column":8},"end":{"line":236,"column":33}},"84":{"start":{"line":8,"column":0},"end":{"line":8,"column":13}}},"fnMap":{"0":{"name":"(anonymous_0)","decl":{"start":{"line":13,"column":4},"end":{"line":13,"column":null}},"loc":{"start":{"line":15,"column":52},"end":{"line":20,"column":5}}},"1":{"name":"(anonymous_1)","decl":{"start":{"line":22,"column":11},"end":{"line":22,"column":16}},"loc":{"start":{"line":22,"column":24},"end":{"line":28,"column":5}}},"2":{"name":"(anonymous_2)","decl":{"start":{"line":30,"column":12},"end":{"line":30,"column":17}},"loc":{"start":{"line":30,"column":30},"end":{"line":63,"column":5}}},"3":{"name":"(anonymous_3)","decl":{"start":{"line":65,"column":12},"end":{"line":65,"column":17}},"loc":{"start":{"line":67,"column":24},"end":{"line":93,"column":5}}},"4":{"name":"(anonymous_4)","decl":{"start":{"line":95,"column":12},"end":{"line":95,"column":17}},"loc":{"start":{"line":97,"column":21},"end":{"line":109,"column":5}}},"5":{"name":"(anonymous_5)","decl":{"start":{"line":99,"column":25},"end":{"line":99,"column":26}},"loc":{"start":{"line":99,"column":37},"end":{"line":108,"column":9}}},"6":{"name":"(anonymous_6)","decl":{"start":{"line":111,"column":12},"end":{"line":111,"column":17}},"loc":{"start":{"line":113,"column":24},"end":{"line":126,"column":5}}},"7":{"name":"(anonymous_7)","decl":{"start":{"line":122,"column":47},"end":{"line":122,"column":48}},"loc":{"start":{"line":122,"column":60},"end":{"line":122,"column":75}}},"8":{"name":"(anonymous_8)","decl":{"start":{"line":128,"column":12},"end":{"line":128,"column":17}},"loc":{"start":{"line":130,"column":33},"end":{"line":174,"column":5}}},"9":{"name":"(anonymous_9)","decl":{"start":{"line":176,"column":12},"end":{"line":176,"column":17}},"loc":{"start":{"line":178,"column":33},"end":{"line":237,"column":5}}}},"branchMap":{"0":{"loc":{"start":{"line":42,"column":8},"end":{"line":44,"column":9}},"type":"if","locations":[{"start":{"line":42,"column":8},"end":{"line":44,"column":9}}]},"1":{"loc":{"start":{"line":69,"column":8},"end":{"line":81,"column":9}},"type":"if","locations":[{"start":{"line":69,"column":8},"end":{"line":81,"column":9}}]},"2":{"loc":{"start":{"line":83,"column":8},"end":{"line":92,"column":9}},"type":"if","locations":[{"start":{"line":83,"column":8},"end":{"line":92,"column":9}}]},"3":{"loc":{"start":{"line":188,"column":8},"end":{"line":190,"column":9}},"type":"if","locations":[{"start":{"line":188,"column":8},"end":{"line":190,"column":9}}]},"4":{"loc":{"start":{"line":204,"column":12},"end":{"line":208,"column":13}},"type":"if","locations":[{"start":{"line":204,"column":12},"end":{"line":208,"column":13}},{"start":{"line":206,"column":19},"end":{"line":208,"column":13}}]},"5":{"loc":{"start":{"line":210,"column":12},"end":{"line":222,"column":13}},"type":"if","locations":[{"start":{"line":210,"column":12},"end":{"line":222,"column":13}}]},"6":{"loc":{"start":{"line":224,"column":12},"end":{"line":233,"column":13}},"type":"if","locations":[{"start":{"line":224,"column":12},"end":{"line":233,"column":13}}]}},"s":{"0":1,"1":1,"2":1,"3":1,"4":1,"5":1,"6":15,"7":15,"8":0,"9":15,"10":15,"11":15,"12":15,"13":15,"14":15,"15":0,"16":15,"17":15,"18":15,"19":15,"20":15,"21":15,"22":15,"23":15,"24":15,"25":15,"26":15,"27":15,"28":15,"29":15,"30":15,"31":15,"32":0,"33":0,"34":0,"35":0,"36":30,"37":250,"38":250,"39":250,"40":250,"41":15,"42":15,"43":371,"44":15,"45":15,"46":30,"47":30,"48":30,"49":30,"50":30,"51":30,"52":30,"53":30,"54":30,"55":972,"56":972,"57":500,"58":472,"59":472,"60":972,"61":30,"62":30,"63":0,"64":30,"65":30,"66":30,"67":30,"68":30,"69":15,"70":15,"71":30,"72":30,"73":30,"74":972,"75":972,"76":30,"77":30,"78":0,"79":0,"80":0,"81":0,"82":0,"83":30,"84":1},"f":{"0":1,"1":15,"2":15,"3":15,"4":30,"5":250,"6":15,"7":371,"8":30,"9":30},"b":{"0":[0],"1":[15],"2":[0],"3":[0],"4":[15,15],"5":[30],"6":[0]}}
,"/Users/jaekim/projects/point3-nest-sagajs/src/point3-typescript-saga/MessageRelay/test/channel.ts": {"path":"/Users/jaekim/projects/point3-nest-sagajs/src/point3-typescript-saga/MessageRelay/test/channel.ts","statementMap":{"0":{"start":{"line":1,"column":0},"end":{"line":1,"column":42}},"1":{"start":{"line":10,"column":12},"end":{"line":10,"column":68}},"2":{"start":{"line":13,"column":8},"end":{"line":13,"column":43}},"3":{"start":{"line":18,"column":8},"end":{"line":20,"column":9}},"4":{"start":{"line":19,"column":12},"end":{"line":19,"column":63}},"5":{"start":{"line":22,"column":8},"end":{"line":24,"column":9}},"6":{"start":{"line":23,"column":12},"end":{"line":23,"column":58}},"7":{"start":{"line":25,"column":8},"end":{"line":25,"column":33}},"8":{"start":{"line":29,"column":8},"end":{"line":29,"column":57}},"9":{"start":{"line":5,"column":0},"end":{"line":5,"column":13}},"10":{"start":{"line":9,"column":20},"end":{"line":9,"column":35}},"11":{"start":{"line":34,"column":12},"end":{"line":34,"column":32}},"12":{"start":{"line":37,"column":8},"end":{"line":37,"column":37}},"13":{"start":{"line":41,"column":8},"end":{"line":41,"column":37}},"14":{"start":{"line":45,"column":8},"end":{"line":45,"column":28}},"15":{"start":{"line":33,"column":0},"end":{"line":33,"column":13}}},"fnMap":{"0":{"name":"(anonymous_0)","decl":{"start":{"line":5,"column":0},"end":{"line":5,"column":13}},"loc":{"start":{"line":5,"column":0},"end":{"line":31,"column":1}}},"1":{"name":"(anonymous_1)","decl":{"start":{"line":12,"column":4},"end":{"line":12,"column":17}},"loc":{"start":{"line":12,"column":64},"end":{"line":14,"column":5}}},"2":{"name":"(anonymous_2)","decl":{"start":{"line":16,"column":4},"end":{"line":16,"column":8}},"loc":{"start":{"line":16,"column":53},"end":{"line":26,"column":5}}},"3":{"name":"(anonymous_3)","decl":{"start":{"line":28,"column":4},"end":{"line":28,"column":18}},"loc":{"start":{"line":28,"column":18},"end":{"line":30,"column":5}}},"4":{"name":"(anonymous_4)","decl":{"start":{"line":33,"column":0},"end":{"line":33,"column":13}},"loc":{"start":{"line":33,"column":0},"end":{"line":47,"column":1}}},"5":{"name":"(anonymous_5)","decl":{"start":{"line":36,"column":4},"end":{"line":36,"column":10}},"loc":{"start":{"line":36,"column":21},"end":{"line":38,"column":5}}},"6":{"name":"(anonymous_6)","decl":{"start":{"line":40,"column":4},"end":{"line":40,"column":23}},"loc":{"start":{"line":40,"column":23},"end":{"line":42,"column":5}}},"7":{"name":"(anonymous_7)","decl":{"start":{"line":44,"column":4},"end":{"line":44,"column":9}},"loc":{"start":{"line":44,"column":9},"end":{"line":46,"column":5}}}},"branchMap":{"0":{"loc":{"start":{"line":18,"column":8},"end":{"line":20,"column":9}},"type":"if","locations":[{"start":{"line":18,"column":8},"end":{"line":20,"column":9}}]}},"s":{"0":1,"1":1,"2":1,"3":972,"4":472,"5":500,"6":500,"7":500,"8":1004,"9":1,"10":1,"11":1,"12":500,"13":1,"14":0,"15":1},"f":{"0":1,"1":1,"2":972,"3":1004,"4":1,"5":500,"6":1,"7":0},"b":{"0":[472]}}
,"/Users/jaekim/projects/point3-nest-sagajs/src/point3-typescript-saga/MessageRelay/test/messages.ts": {"path":"/Users/jaekim/projects/point3-nest-sagajs/src/point3-typescript-saga/MessageRelay/test/messages.ts","statementMap":{"0":{"start":{"line":2,"column":0},"end":{"line":2,"column":42}},"1":{"start":{"line":11,"column":8},"end":{"line":11,"column":20}},"2":{"start":{"line":4,"column":0},"end":{"line":4,"column":13}},"3":{"start":{"line":19,"column":8},"end":{"line":19,"column":23}},"4":{"start":{"line":15,"column":0},"end":{"line":15,"column":13}}},"fnMap":{"0":{"name":"(anonymous_0)","decl":{"start":{"line":8,"column":4},"end":{"line":8,"column":null}},"loc":{"start":{"line":9,"column":67},"end":{"line":12,"column":5}}},"1":{"name":"(anonymous_1)","decl":{"start":{"line":16,"column":4},"end":{"line":16,"column":null}},"loc":{"start":{"line":17,"column":39},"end":{"line":20,"column":5}}}},"branchMap":{},"s":{"0":1,"1":500,"2":1,"3":0,"4":1},"f":{"0":500,"1":0},"b":{}}
,"/Users/jaekim/projects/point3-nest-sagajs/src/point3-typescript-saga/MessageRelay/test/repository.ts": {"path":"/Users/jaekim/projects/point3-nest-sagajs/src/point3-typescript-saga/MessageRelay/test/repository.ts","statementMap":{"0":{"start":{"line":8,"column":12},"end":{"line":8,"column":64}},"1":{"start":{"line":9,"column":12},"end":{"line":9,"column":67}},"2":{"start":{"line":12,"column":8},"end":{"line":14,"column":null}},"3":{"start":{"line":13,"column":12},"end":{"line":13,"column":57}},"4":{"start":{"line":18,"column":8},"end":{"line":22,"column":null}},"5":{"start":{"line":19,"column":12},"end":{"line":21,"column":13}},"6":{"start":{"line":20,"column":16},"end":{"line":20,"column":64}},"7":{"start":{"line":26,"column":8},"end":{"line":28,"column":null}},"8":{"start":{"line":27,"column":12},"end":{"line":27,"column":45}},"9":{"start":{"line":32,"column":8},"end":{"line":36,"column":null}},"10":{"start":{"line":33,"column":12},"end":{"line":35,"column":13}},"11":{"start":{"line":34,"column":16},"end":{"line":34,"column":52}},"12":{"start":{"line":40,"column":25},"end":{"line":40,"column":60}},"13":{"start":{"line":41,"column":33},"end":{"line":41,"column":61}},"14":{"start":{"line":42,"column":8},"end":{"line":42,"column":49}},"15":{"start":{"line":46,"column":28},"end":{"line":46,"column":66}},"16":{"start":{"line":47,"column":36},"end":{"line":47,"column":67}},"17":{"start":{"line":48,"column":8},"end":{"line":48,"column":52}},"18":{"start":{"line":4,"column":0},"end":{"line":4,"column":13}},"19":{"start":{"line":56,"column":12},"end":{"line":56,"column":74}},"20":{"start":{"line":57,"column":12},"end":{"line":57,"column":76}},"21":{"start":{"line":60,"column":8},"end":{"line":62,"column":null}},"22":{"start":{"line":61,"column":12},"end":{"line":61,"column":60}},"23":{"start":{"line":66,"column":8},"end":{"line":70,"column":null}},"24":{"start":{"line":67,"column":12},"end":{"line":69,"column":13}},"25":{"start":{"line":68,"column":16},"end":{"line":68,"column":66}},"26":{"start":{"line":74,"column":8},"end":{"line":76,"column":null}},"27":{"start":{"line":75,"column":12},"end":{"line":75,"column":46}},"28":{"start":{"line":80,"column":8},"end":{"line":84,"column":null}},"29":{"start":{"line":81,"column":12},"end":{"line":83,"column":13}},"30":{"start":{"line":82,"column":16},"end":{"line":82,"column":52}},"31":{"start":{"line":88,"column":26},"end":{"line":88,"column":62}},"32":{"start":{"line":89,"column":34},"end":{"line":89,"column":73}},"33":{"start":{"line":90,"column":8},"end":{"line":90,"column":50}},"34":{"start":{"line":94,"column":28},"end":{"line":94,"column":66}},"35":{"start":{"line":95,"column":36},"end":{"line":95,"column":77}},"36":{"start":{"line":96,"column":8},"end":{"line":96,"column":52}},"37":{"start":{"line":52,"column":0},"end":{"line":52,"column":13}}},"fnMap":{"0":{"name":"(anonymous_0)","decl":{"start":{"line":4,"column":0},"end":{"line":4,"column":13}},"loc":{"start":{"line":4,"column":0},"end":{"line":50,"column":1}}},"1":{"name":"(anonymous_1)","decl":{"start":{"line":11,"column":4},"end":{"line":11,"column":15}},"loc":{"start":{"line":11,"column":40},"end":{"line":15,"column":5}}},"2":{"name":"(anonymous_2)","decl":{"start":{"line":12,"column":15},"end":{"line":12,"column":20}},"loc":{"start":{"line":12,"column":32},"end":{"line":14,"column":9}}},"3":{"name":"(anonymous_3)","decl":{"start":{"line":17,"column":4},"end":{"line":17,"column":19}},"loc":{"start":{"line":17,"column":47},"end":{"line":23,"column":5}}},"4":{"name":"(anonymous_4)","decl":{"start":{"line":18,"column":15},"end":{"line":18,"column":20}},"loc":{"start":{"line":18,"column":32},"end":{"line":22,"column":9}}},"5":{"name":"(anonymous_5)","decl":{"start":{"line":25,"column":4},"end":{"line":25,"column":17}},"loc":{"start":{"line":25,"column":35},"end":{"line":29,"column":5}}},"6":{"name":"(anonymous_6)","decl":{"start":{"line":26,"column":15},"end":{"line":26,"column":20}},"loc":{"start":{"line":26,"column":32},"end":{"line":28,"column":9}}},"7":{"name":"(anonymous_7)","decl":{"start":{"line":31,"column":4},"end":{"line":31,"column":21}},"loc":{"start":{"line":31,"column":42},"end":{"line":37,"column":5}}},"8":{"name":"(anonymous_8)","decl":{"start":{"line":32,"column":15},"end":{"line":32,"column":20}},"loc":{"start":{"line":32,"column":32},"end":{"line":36,"column":9}}},"9":{"name":"(anonymous_9)","decl":{"start":{"line":39,"column":4},"end":{"line":39,"column":25}},"loc":{"start":{"line":39,"column":43},"end":{"line":43,"column":5}}},"10":{"name":"(anonymous_10)","decl":{"start":{"line":45,"column":4},"end":{"line":45,"column":29}},"loc":{"start":{"line":45,"column":47},"end":{"line":49,"column":5}}},"11":{"name":"(anonymous_11)","decl":{"start":{"line":52,"column":0},"end":{"line":52,"column":13}},"loc":{"start":{"line":52,"column":0},"end":{"line":99,"column":1}}},"12":{"name":"(anonymous_12)","decl":{"start":{"line":59,"column":4},"end":{"line":59,"column":15}},"loc":{"start":{"line":59,"column":50},"end":{"line":63,"column":5}}},"13":{"name":"(anonymous_13)","decl":{"start":{"line":60,"column":15},"end":{"line":60,"column":20}},"loc":{"start":{"line":60,"column":32},"end":{"line":62,"column":9}}},"14":{"name":"(anonymous_14)","decl":{"start":{"line":65,"column":4},"end":{"line":65,"column":19}},"loc":{"start":{"line":65,"column":63},"end":{"line":71,"column":5}}},"15":{"name":"(anonymous_15)","decl":{"start":{"line":66,"column":15},"end":{"line":66,"column":20}},"loc":{"start":{"line":66,"column":32},"end":{"line":70,"column":9}}},"16":{"name":"(anonymous_16)","decl":{"start":{"line":73,"column":4},"end":{"line":73,"column":17}},"loc":{"start":{"line":73,"column":35},"end":{"line":77,"column":5}}},"17":{"name":"(anonymous_17)","decl":{"start":{"line":74,"column":15},"end":{"line":74,"column":20}},"loc":{"start":{"line":74,"column":32},"end":{"line":76,"column":9}}},"18":{"name":"(anonymous_18)","decl":{"start":{"line":79,"column":4},"end":{"line":79,"column":21}},"loc":{"start":{"line":79,"column":42},"end":{"line":85,"column":5}}},"19":{"name":"(anonymous_19)","decl":{"start":{"line":80,"column":15},"end":{"line":80,"column":20}},"loc":{"start":{"line":80,"column":32},"end":{"line":84,"column":9}}},"20":{"name":"(anonymous_20)","decl":{"start":{"line":87,"column":4},"end":{"line":87,"column":25}},"loc":{"start":{"line":87,"column":43},"end":{"line":91,"column":5}}},"21":{"name":"(anonymous_21)","decl":{"start":{"line":93,"column":4},"end":{"line":93,"column":29}},"loc":{"start":{"line":93,"column":47},"end":{"line":97,"column":5}}}},"branchMap":{},"s":{"0":1,"1":1,"2":250,"3":250,"4":265,"5":265,"6":371,"7":250,"8":250,"9":15,"10":15,"11":371,"12":15,"13":15,"14":15,"15":15,"16":15,"17":15,"18":1,"19":0,"20":0,"21":0,"22":0,"23":0,"24":0,"25":0,"26":0,"27":0,"28":0,"29":0,"30":0,"31":0,"32":0,"33":0,"34":0,"35":0,"36":0,"37":1},"f":{"0":1,"1":250,"2":250,"3":265,"4":265,"5":250,"6":250,"7":15,"8":15,"9":15,"10":15,"11":0,"12":0,"13":0,"14":0,"15":0,"16":0,"17":0,"18":0,"19":0,"20":0,"21":0},"b":{}}
,"/Users/jaekim/projects/point3-nest-sagajs/src/point3-typescript-saga/MessageRelay/test/session.ts": {"path":"/Users/jaekim/projects/point3-nest-sagajs/src/point3-typescript-saga/MessageRelay/test/session.ts","statementMap":{"0":{"start":{"line":1,"column":0},"end":{"line":1,"column":31}},"1":{"start":{"line":5,"column":8},"end":{"line":5,"column":22}},"2":{"start":{"line":3,"column":0},"end":{"line":3,"column":13}}},"fnMap":{"0":{"name":"(anonymous_0)","decl":{"start":{"line":4,"column":4},"end":{"line":4,"column":16}},"loc":{"start":{"line":4,"column":30},"end":{"line":6,"column":5}}}},"branchMap":{},"s":{"0":0,"1":0,"2":0},"f":{"0":0},"b":{}}
,"/Users/jaekim/projects/point3-nest-sagajs/src/point3-typescript-saga/Saga/index.ts": {"path":"/Users/jaekim/projects/point3-nest-sagajs/src/point3-typescript-saga/Saga/index.ts","statementMap":{"0":{"start":{"line":1,"column":0},"end":{"line":1,"column":35}},"1":{"start":{"line":2,"column":0},"end":{"line":2,"column":45}},"2":{"start":{"line":3,"column":0},"end":{"line":3,"column":49}},"3":{"start":{"line":4,"column":0},"end":{"line":4,"column":44}},"4":{"start":{"line":5,"column":0},"end":{"line":5,"column":41}}},"fnMap":{},"branchMap":{},"s":{"0":2,"1":2,"2":2,"3":2,"4":2},"f":{},"b":{}}
,"/Users/jaekim/projects/point3-nest-sagajs/src/point3-typescript-saga/Saga/API/ChannelRegistry.ts": {"path":"/Users/jaekim/projects/point3-nest-sagajs/src/point3-typescript-saga/Saga/API/ChannelRegistry.ts","statementMap":{"0":{"start":{"line":11,"column":8},"end":{"line":11,"column":34}},"1":{"start":{"line":17,"column":8},"end":{"line":19,"column":9}},"2":{"start":{"line":18,"column":12},"end":{"line":18,"column":92}},"3":{"start":{"line":21,"column":8},"end":{"line":21,"column":61}},"4":{"start":{"line":25,"column":8},"end":{"line":25,"column":46}},"5":{"start":{"line":29,"column":8},"end":{"line":31,"column":9}},"6":{"start":{"line":30,"column":12},"end":{"line":30,"column":79}},"7":{"start":{"line":33,"column":8},"end":{"line":33,"column":46}},"8":{"start":{"line":37,"column":8},"end":{"line":37,"column":50}},"9":{"start":{"line":4,"column":0},"end":{"line":4,"column":13}}},"fnMap":{"0":{"name":"(anonymous_0)","decl":{"start":{"line":10,"column":4},"end":{"line":10,"column":null}},"loc":{"start":{"line":10,"column":4},"end":{"line":12,"column":5}}},"1":{"name":"(anonymous_1)","decl":{"start":{"line":14,"column":11},"end":{"line":14,"column":26}},"loc":{"start":{"line":15,"column":51},"end":{"line":22,"column":5}}},"2":{"name":"(anonymous_2)","decl":{"start":{"line":24,"column":11},"end":{"line":24,"column":29}},"loc":{"start":{"line":24,"column":63},"end":{"line":26,"column":5}}},"3":{"name":"(anonymous_3)","decl":{"start":{"line":28,"column":11},"end":{"line":28,"column":27}},"loc":{"start":{"line":28,"column":61},"end":{"line":34,"column":5}}},"4":{"name":"(anonymous_4)","decl":{"start":{"line":36,"column":11},"end":{"line":36,"column":22}},"loc":{"start":{"line":36,"column":22},"end":{"line":38,"column":5}}}},"branchMap":{"0":{"loc":{"start":{"line":17,"column":8},"end":{"line":19,"column":9}},"type":"if","locations":[{"start":{"line":17,"column":8},"end":{"line":19,"column":9}}]},"1":{"loc":{"start":{"line":29,"column":8},"end":{"line":31,"column":9}},"type":"if","locations":[{"start":{"line":29,"column":8},"end":{"line":31,"column":9}}]}},"s":{"0":1,"1":1,"2":0,"3":1,"4":1018,"5":1017,"6":0,"7":1017,"8":30,"9":2},"f":{"0":1,"1":1,"2":1018,"3":1017,"4":30},"b":{"0":[0],"1":[0]}}
,"/Users/jaekim/projects/point3-nest-sagajs/src/point3-typescript-saga/Saga/API/SagaBuilder.ts": {"path":"/Users/jaekim/projects/point3-nest-sagajs/src/point3-typescript-saga/Saga/API/SagaBuilder.ts","statementMap":{"0":{"start":{"line":3,"column":0},"end":{"line":3,"column":50}},"1":{"start":{"line":13,"column":8},"end":{"line":13,"column":51}},"2":{"start":{"line":17,"column":8},"end":{"line":17,"column":32}},"3":{"start":{"line":21,"column":8},"end":{"line":21,"column":36}},"4":{"start":{"line":25,"column":8},"end":{"line":27,"column":9}},"5":{"start":{"line":26,"column":12},"end":{"line":26,"column":66}},"6":{"start":{"line":29,"column":8},"end":{"line":29,"column":26}},"7":{"start":{"line":9,"column":0},"end":{"line":9,"column":13}},"8":{"start":{"line":37,"column":8},"end":{"line":37,"column":16}},"9":{"start":{"line":38,"column":8},"end":{"line":38,"column":54}},"10":{"start":{"line":42,"column":8},"end":{"line":42,"column":41}},"11":{"start":{"line":43,"column":8},"end":{"line":43,"column":52}},"12":{"start":{"line":45,"column":8},"end":{"line":48,"column":10}},"13":{"start":{"line":52,"column":8},"end":{"line":52,"column":41}},"14":{"start":{"line":53,"column":8},"end":{"line":53,"column":29}},"15":{"start":{"line":33,"column":0},"end":{"line":33,"column":13}},"16":{"start":{"line":68,"column":8},"end":{"line":68,"column":16}},"17":{"start":{"line":69,"column":8},"end":{"line":69,"column":56}},"18":{"start":{"line":76,"column":8},"end":{"line":78,"column":11}},"19":{"start":{"line":77,"column":12},"end":{"line":77,"column":31}},"20":{"start":{"line":79,"column":8},"end":{"line":79,"column":40}},"21":{"start":{"line":80,"column":8},"end":{"line":80,"column":20}},"22":{"start":{"line":89,"column":8},"end":{"line":92,"column":null}},"23":{"start":{"line":93,"column":8},"end":{"line":93,"column":20}},"24":{"start":{"line":102,"column":8},"end":{"line":105,"column":null}},"25":{"start":{"line":106,"column":8},"end":{"line":106,"column":20}},"26":{"start":{"line":110,"column":8},"end":{"line":110,"column":50}},"27":{"start":{"line":111,"column":8},"end":{"line":111,"column":20}},"28":{"start":{"line":115,"column":8},"end":{"line":115,"column":39}},"29":{"start":{"line":116,"column":8},"end":{"line":116,"column":20}},"30":{"start":{"line":125,"column":8},"end":{"line":127,"column":null}},"31":{"start":{"line":128,"column":8},"end":{"line":128,"column":20}},"32":{"start":{"line":136,"column":8},"end":{"line":138,"column":null}},"33":{"start":{"line":139,"column":8},"end":{"line":139,"column":20}},"34":{"start":{"line":143,"column":8},"end":{"line":143,"column":39}},"35":{"start":{"line":144,"column":8},"end":{"line":144,"column":20}}},"fnMap":{"0":{"name":"(anonymous_6)","decl":{"start":{"line":12,"column":4},"end":{"line":12,"column":null}},"loc":{"start":{"line":12,"column":4},"end":{"line":14,"column":5}}},"1":{"name":"(anonymous_7)","decl":{"start":{"line":16,"column":4},"end":{"line":16,"column":12}},"loc":{"start":{"line":16,"column":12},"end":{"line":18,"column":5}}},"2":{"name":"(anonymous_8)","decl":{"start":{"line":20,"column":14},"end":{"line":20,"column":21}},"loc":{"start":{"line":20,"column":45},"end":{"line":22,"column":5}}},"3":{"name":"(anonymous_9)","decl":{"start":{"line":24,"column":11},"end":{"line":24,"column":16}},"loc":{"start":{"line":24,"column":16},"end":{"line":30,"column":5}}},"4":{"name":"(anonymous_10)","decl":{"start":{"line":36,"column":4},"end":{"line":36,"column":null}},"loc":{"start":{"line":36,"column":4},"end":{"line":39,"column":5}}},"5":{"name":"(anonymous_11)","decl":{"start":{"line":41,"column":11},"end":{"line":41,"column":15}},"loc":{"start":{"line":41,"column":28},"end":{"line":49,"column":5}}},"6":{"name":"(anonymous_12)","decl":{"start":{"line":51,"column":11},"end":{"line":51,"column":16}},"loc":{"start":{"line":51,"column":16},"end":{"line":54,"column":5}}},"7":{"name":"(anonymous_13)","decl":{"start":{"line":64,"column":4},"end":{"line":64,"column":null}},"loc":{"start":{"line":66,"column":38},"end":{"line":70,"column":5}}},"8":{"name":"(anonymous_14)","decl":{"start":{"line":72,"column":12},"end":{"line":72,"column":21}},"loc":{"start":{"line":74,"column":38},"end":{"line":81,"column":5}}},"9":{"name":"(anonymous_15)","decl":{"start":{"line":76,"column":39},"end":{"line":76,"column":43}},"loc":{"start":{"line":76,"column":46},"end":{"line":78,"column":9}}},"10":{"name":"(anonymous_16)","decl":{"start":{"line":83,"column":11},"end":{"line":83,"column":27}},"loc":{"start":{"line":88,"column":5},"end":{"line":94,"column":5}}},"11":{"name":"(anonymous_17)","decl":{"start":{"line":96,"column":11},"end":{"line":96,"column":17}},"loc":{"start":{"line":101,"column":5},"end":{"line":107,"column":5}}},"12":{"name":"(anonymous_18)","decl":{"start":{"line":109,"column":11},"end":{"line":109,"column":18}},"loc":{"start":{"line":109,"column":101},"end":{"line":112,"column":5}}},"13":{"name":"(anonymous_19)","decl":{"start":{"line":114,"column":11},"end":{"line":114,"column":16}},"loc":{"start":{"line":114,"column":16},"end":{"line":117,"column":5}}},"14":{"name":"(anonymous_20)","decl":{"start":{"line":120,"column":11},"end":{"line":120,"column":22}},"loc":{"start":{"line":124,"column":5},"end":{"line":129,"column":5}}},"15":{"name":"(anonymous_21)","decl":{"start":{"line":131,"column":11},"end":{"line":131,"column":32}},"loc":{"start":{"line":135,"column":5},"end":{"line":140,"column":5}}},"16":{"name":"(anonymous_22)","decl":{"start":{"line":142,"column":11},"end":{"line":142,"column":21}},"loc":{"start":{"line":142,"column":21},"end":{"line":145,"column":5}}}},"branchMap":{"0":{"loc":{"start":{"line":25,"column":8},"end":{"line":27,"column":9}},"type":"if","locations":[{"start":{"line":25,"column":8},"end":{"line":27,"column":9}}]}},"s":{"0":2,"1":34,"2":18,"3":65,"4":16,"5":0,"6":16,"7":2,"8":34,"9":34,"10":18,"11":18,"12":18,"13":16,"14":16,"15":2,"16":18,"17":18,"18":18,"19":31,"20":18,"21":18,"22":0,"23":0,"24":0,"25":0,"26":0,"27":0,"28":0,"29":0,"30":18,"31":18,"32":3,"33":3,"34":1,"35":1},"f":{"0":34,"1":18,"2":65,"3":16,"4":34,"5":18,"6":16,"7":18,"8":18,"9":31,"10":0,"11":0,"12":0,"13":0,"14":18,"15":3,"16":1},"b":{"0":[0]}}
,"/Users/jaekim/projects/point3-nest-sagajs/src/point3-typescript-saga/Saga/API/SagaOrchestrator.ts": {"path":"/Users/jaekim/projects/point3-nest-sagajs/src/point3-typescript-saga/Saga/API/SagaOrchestrator.ts","statementMap":{"0":{"start":{"line":3,"column":0},"end":{"line":3,"column":90}},"1":{"start":{"line":15,"column":8},"end":{"line":15,"column":51}},"2":{"start":{"line":22,"column":27},"end":{"line":22,"column":51}},"3":{"start":{"line":23,"column":28},"end":{"line":23,"column":68}},"4":{"start":{"line":24,"column":31},"end":{"line":24,"column":51}},"5":{"start":{"line":25,"column":26},"end":{"line":25,"column":55}},"6":{"start":{"line":27,"column":8},"end":{"line":29,"column":9}},"7":{"start":{"line":28,"column":12},"end":{"line":28,"column":34}},"8":{"start":{"line":31,"column":8},"end":{"line":31,"column":63}},"9":{"start":{"line":32,"column":8},"end":{"line":32,"column":38}},"10":{"start":{"line":34,"column":26},"end":{"line":34,"column":70}},"11":{"start":{"line":35,"column":8},"end":{"line":35,"column":40}},"12":{"start":{"line":37,"column":8},"end":{"line":46,"column":9}},"13":{"start":{"line":38,"column":12},"end":{"line":38,"column":70}},"14":{"start":{"line":40,"column":12},"end":{"line":45,"column":14}},"15":{"start":{"line":48,"column":8},"end":{"line":48,"column":34}},"16":{"start":{"line":49,"column":8},"end":{"line":49,"column":15}},"17":{"start":{"line":56,"column":24},"end":{"line":56,"column":58}},"18":{"start":{"line":57,"column":27},"end":{"line":57,"column":56}},"19":{"start":{"line":58,"column":31},"end":{"line":58,"column":51}},"20":{"start":{"line":59,"column":28},"end":{"line":61,"column":38}},"21":{"start":{"line":62,"column":32},"end":{"line":62,"column":64}},"22":{"start":{"line":63,"column":28},"end":{"line":63,"column":67}},"23":{"start":{"line":65,"column":8},"end":{"line":69,"column":9}},"24":{"start":{"line":68,"column":12},"end":{"line":68,"column":37}},"25":{"start":{"line":71,"column":8},"end":{"line":73,"column":9}},"26":{"start":{"line":72,"column":12},"end":{"line":72,"column":34}},"27":{"start":{"line":75,"column":27},"end":{"line":75,"column":51}},"28":{"start":{"line":77,"column":8},"end":{"line":95,"column":9}},"29":{"start":{"line":78,"column":12},"end":{"line":85,"column":14}},"30":{"start":{"line":86,"column":15},"end":{"line":95,"column":9}},"31":{"start":{"line":87,"column":12},"end":{"line":94,"column":14}},"32":{"start":{"line":97,"column":26},"end":{"line":97,"column":70}},"33":{"start":{"line":98,"column":8},"end":{"line":98,"column":40}},"34":{"start":{"line":99,"column":8},"end":{"line":99,"column":34}},"35":{"start":{"line":110,"column":33},"end":{"line":110,"column":58}},"36":{"start":{"line":111,"column":8},"end":{"line":111,"column":40}},"37":{"start":{"line":113,"column":8},"end":{"line":129,"column":9}},"38":{"start":{"line":114,"column":12},"end":{"line":121,"column":13}},"39":{"start":{"line":115,"column":16},"end":{"line":119,"column":18}},"40":{"start":{"line":120,"column":16},"end":{"line":120,"column":23}},"41":{"start":{"line":122,"column":12},"end":{"line":127,"column":14}},"42":{"start":{"line":128,"column":12},"end":{"line":128,"column":19}},"43":{"start":{"line":131,"column":8},"end":{"line":137,"column":9}},"44":{"start":{"line":132,"column":12},"end":{"line":136,"column":13}},"45":{"start":{"line":134,"column":31},"end":{"line":134,"column":53}},"46":{"start":{"line":135,"column":16},"end":{"line":135,"column":45}},"47":{"start":{"line":139,"column":8},"end":{"line":144,"column":10}},"48":{"start":{"line":153,"column":34},"end":{"line":153,"column":44}},"49":{"start":{"line":154,"column":28},"end":{"line":154,"column":66}},"50":{"start":{"line":156,"column":8},"end":{"line":158,"column":9}},"51":{"start":{"line":157,"column":12},"end":{"line":157,"column":24}},"52":{"start":{"line":160,"column":8},"end":{"line":162,"column":9}},"53":{"start":{"line":161,"column":12},"end":{"line":161,"column":25}},"54":{"start":{"line":164,"column":8},"end":{"line":164,"column":33}},"55":{"start":{"line":172,"column":8},"end":{"line":174,"column":9}},"56":{"start":{"line":173,"column":12},"end":{"line":173,"column":19}},"57":{"start":{"line":175,"column":8},"end":{"line":175,"column":43}},"58":{"start":{"line":176,"column":8},"end":{"line":176,"column":68}},"59":{"start":{"line":177,"column":8},"end":{"line":177,"column":15}},"60":{"start":{"line":185,"column":24},"end":{"line":185,"column":89}},"61":{"start":{"line":186,"column":8},"end":{"line":186,"column":38}},"62":{"start":{"line":187,"column":8},"end":{"line":187,"column":38}},"63":{"start":{"line":196,"column":32},"end":{"line":196,"column":57}},"64":{"start":{"line":197,"column":25},"end":{"line":197,"column":69}},"65":{"start":{"line":199,"column":8},"end":{"line":202,"column":9}},"66":{"start":{"line":200,"column":12},"end":{"line":200,"column":45}},"67":{"start":{"line":201,"column":12},"end":{"line":201,"column":19}},"68":{"start":{"line":204,"column":8},"end":{"line":204,"column":62}},"69":{"start":{"line":206,"column":8},"end":{"line":209,"column":9}},"70":{"start":{"line":207,"column":12},"end":{"line":207,"column":69}},"71":{"start":{"line":208,"column":12},"end":{"line":208,"column":19}},"72":{"start":{"line":212,"column":8},"end":{"line":217,"column":10}},"73":{"start":{"line":228,"column":35},"end":{"line":228,"column":62}},"74":{"start":{"line":229,"column":8},"end":{"line":229,"column":40}},"75":{"start":{"line":231,"column":8},"end":{"line":238,"column":9}},"76":{"start":{"line":232,"column":12},"end":{"line":236,"column":14}},"77":{"start":{"line":237,"column":12},"end":{"line":237,"column":19}},"78":{"start":{"line":239,"column":8},"end":{"line":244,"column":10}},"79":{"start":{"line":245,"column":8},"end":{"line":245,"column":15}},"80":{"start":{"line":254,"column":34},"end":{"line":254,"column":44}},"81":{"start":{"line":255,"column":30},"end":{"line":255,"column":72}},"82":{"start":{"line":257,"column":8},"end":{"line":259,"column":9}},"83":{"start":{"line":258,"column":12},"end":{"line":258,"column":24}},"84":{"start":{"line":261,"column":8},"end":{"line":263,"column":9}},"85":{"start":{"line":262,"column":12},"end":{"line":262,"column":25}},"86":{"start":{"line":265,"column":8},"end":{"line":265,"column":33}},"87":{"start":{"line":273,"column":8},"end":{"line":273,"column":43}},"88":{"start":{"line":274,"column":8},"end":{"line":274,"column":72}},"89":{"start":{"line":275,"column":8},"end":{"line":275,"column":15}},"90":{"start":{"line":284,"column":32},"end":{"line":284,"column":57}},"91":{"start":{"line":285,"column":29},"end":{"line":285,"column":74}},"92":{"start":{"line":287,"column":8},"end":{"line":290,"column":9}},"93":{"start":{"line":288,"column":12},"end":{"line":288,"column":42}},"94":{"start":{"line":289,"column":12},"end":{"line":289,"column":19}},"95":{"start":{"line":292,"column":8},"end":{"line":292,"column":66}},"96":{"start":{"line":294,"column":8},"end":{"line":299,"column":9}},"97":{"start":{"line":295,"column":12},"end":{"line":295,"column":47}},"98":{"start":{"line":297,"column":12},"end":{"line":297,"column":77}},"99":{"start":{"line":298,"column":12},"end":{"line":298,"column":19}},"100":{"start":{"line":302,"column":8},"end":{"line":307,"column":10}},"101":{"start":{"line":315,"column":24},"end":{"line":315,"column":93}},"102":{"start":{"line":316,"column":8},"end":{"line":316,"column":38}},"103":{"start":{"line":317,"column":8},"end":{"line":317,"column":38}},"104":{"start":{"line":11,"column":0},"end":{"line":11,"column":22}},"105":{"start":{"line":323,"column":8},"end":{"line":323,"column":33}},"106":{"start":{"line":321,"column":0},"end":{"line":321,"column":13}}},"fnMap":{"0":{"name":"(anonymous_0)","decl":{"start":{"line":14,"column":4},"end":{"line":14,"column":16}},"loc":{"start":{"line":14,"column":56},"end":{"line":16,"column":5}}},"1":{"name":"(anonymous_1)","decl":{"start":{"line":18,"column":11},"end":{"line":18,"column":16}},"loc":{"start":{"line":20,"column":36},"end":{"line":50,"column":5}}},"2":{"name":"(anonymous_2)","decl":{"start":{"line":52,"column":11},"end":{"line":52,"column":16}},"loc":{"start":{"line":54,"column":86},"end":{"line":100,"column":5}}},"3":{"name":"(anonymous_3)","decl":{"start":{"line":102,"column":12},"end":{"line":102,"column":17}},"loc":{"start":{"line":108,"column":34},"end":{"line":145,"column":5}}},"4":{"name":"(anonymous_4)","decl":{"start":{"line":147,"column":12},"end":{"line":147,"column":39}},"loc":{"start":{"line":151,"column":50},"end":{"line":165,"column":5}}},"5":{"name":"(anonymous_5)","decl":{"start":{"line":167,"column":12},"end":{"line":167,"column":17}},"loc":{"start":{"line":170,"column":34},"end":{"line":178,"column":5}}},"6":{"name":"(anonymous_6)","decl":{"start":{"line":180,"column":12},"end":{"line":180,"column":17}},"loc":{"start":{"line":183,"column":34},"end":{"line":188,"column":5}}},"7":{"name":"(anonymous_7)","decl":{"start":{"line":190,"column":12},"end":{"line":190,"column":17}},"loc":{"start":{"line":194,"column":34},"end":{"line":218,"column":5}}},"8":{"name":"(anonymous_8)","decl":{"start":{"line":220,"column":12},"end":{"line":220,"column":17}},"loc":{"start":{"line":226,"column":34},"end":{"line":246,"column":5}}},"9":{"name":"(anonymous_9)","decl":{"start":{"line":248,"column":12},"end":{"line":248,"column":41}},"loc":{"start":{"line":252,"column":52},"end":{"line":266,"column":5}}},"10":{"name":"(anonymous_10)","decl":{"start":{"line":268,"column":12},"end":{"line":268,"column":17}},"loc":{"start":{"line":271,"column":34},"end":{"line":276,"column":5}}},"11":{"name":"(anonymous_11)","decl":{"start":{"line":278,"column":12},"end":{"line":278,"column":17}},"loc":{"start":{"line":282,"column":34},"end":{"line":308,"column":5}}},"12":{"name":"(anonymous_12)","decl":{"start":{"line":310,"column":12},"end":{"line":310,"column":17}},"loc":{"start":{"line":313,"column":34},"end":{"line":318,"column":5}}},"13":{"name":"(anonymous_13)","decl":{"start":{"line":322,"column":4},"end":{"line":322,"column":16}},"loc":{"start":{"line":322,"column":56},"end":{"line":324,"column":5}}}},"branchMap":{"0":{"loc":{"start":{"line":27,"column":8},"end":{"line":29,"column":9}},"type":"if","locations":[{"start":{"line":27,"column":8},"end":{"line":29,"column":9}}]},"1":{"loc":{"start":{"line":37,"column":8},"end":{"line":46,"column":9}},"type":"if","locations":[{"start":{"line":37,"column":8},"end":{"line":46,"column":9}},{"start":{"line":39,"column":15},"end":{"line":46,"column":9}}]},"2":{"loc":{"start":{"line":65,"column":8},"end":{"line":69,"column":9}},"type":"if","locations":[{"start":{"line":65,"column":8},"end":{"line":69,"column":9}}]},"3":{"loc":{"start":{"line":65,"column":12},"end":{"line":66,"column":34}},"type":"binary-expr","locations":[{"start":{"line":65,"column":12},"end":{"line":65,"column":37}},{"start":{"line":66,"column":12},"end":{"line":66,"column":34}}]},"4":{"loc":{"start":{"line":71,"column":8},"end":{"line":73,"column":9}},"type":"if","locations":[{"start":{"line":71,"column":8},"end":{"line":73,"column":9}}]},"5":{"loc":{"start":{"line":77,"column":8},"end":{"line":95,"column":9}},"type":"if","locations":[{"start":{"line":77,"column":8},"end":{"line":95,"column":9}},{"start":{"line":86,"column":15},"end":{"line":95,"column":9}}]},"6":{"loc":{"start":{"line":86,"column":15},"end":{"line":95,"column":9}},"type":"if","locations":[{"start":{"line":86,"column":15},"end":{"line":95,"column":9}}]},"7":{"loc":{"start":{"line":113,"column":8},"end":{"line":129,"column":9}},"type":"if","locations":[{"start":{"line":113,"column":8},"end":{"line":129,"column":9}}]},"8":{"loc":{"start":{"line":114,"column":12},"end":{"line":121,"column":13}},"type":"if","locations":[{"start":{"line":114,"column":12},"end":{"line":121,"column":13}}]},"9":{"loc":{"start":{"line":131,"column":8},"end":{"line":137,"column":9}},"type":"if","locations":[{"start":{"line":131,"column":8},"end":{"line":137,"column":9}}]},"10":{"loc":{"start":{"line":156,"column":8},"end":{"line":158,"column":9}},"type":"if","locations":[{"start":{"line":156,"column":8},"end":{"line":158,"column":9}}]},"11":{"loc":{"start":{"line":160,"column":8},"end":{"line":162,"column":9}},"type":"if","locations":[{"start":{"line":160,"column":8},"end":{"line":162,"column":9}}]},"12":{"loc":{"start":{"line":172,"column":8},"end":{"line":174,"column":9}},"type":"if","locations":[{"start":{"line":172,"column":8},"end":{"line":174,"column":9}}]},"13":{"loc":{"start":{"line":199,"column":8},"end":{"line":202,"column":9}},"type":"if","locations":[{"start":{"line":199,"column":8},"end":{"line":202,"column":9}}]},"14":{"loc":{"start":{"line":206,"column":8},"end":{"line":209,"column":9}},"type":"if","locations":[{"start":{"line":206,"column":8},"end":{"line":209,"column":9}}]},"15":{"loc":{"start":{"line":231,"column":8},"end":{"line":238,"column":9}},"type":"if","locations":[{"start":{"line":231,"column":8},"end":{"line":238,"column":9}}]},"16":{"loc":{"start":{"line":257,"column":8},"end":{"line":259,"column":9}},"type":"if","locations":[{"start":{"line":257,"column":8},"end":{"line":259,"column":9}}]},"17":{"loc":{"start":{"line":261,"column":8},"end":{"line":263,"column":9}},"type":"if","locations":[{"start":{"line":261,"column":8},"end":{"line":263,"column":9}}]},"18":{"loc":{"start":{"line":287,"column":8},"end":{"line":290,"column":9}},"type":"if","locations":[{"start":{"line":287,"column":8},"end":{"line":290,"column":9}}]},"19":{"loc":{"start":{"line":294,"column":8},"end":{"line":299,"column":9}},"type":"if","locations":[{"start":{"line":294,"column":8},"end":{"line":299,"column":9}}]}},"s":{"0":2,"1":16,"2":14,"3":14,"4":14,"5":14,"6":14,"7":0,"8":14,"9":14,"10":14,"11":14,"12":14,"13":0,"14":14,"15":14,"16":14,"17":26,"18":26,"19":26,"20":26,"21":26,"22":26,"23":26,"24":1,"25":25,"26":0,"27":25,"28":25,"29":24,"30":1,"31":1,"32":24,"33":24,"34":24,"35":24,"36":24,"37":24,"38":12,"39":10,"40":10,"41":2,"42":2,"43":11,"44":0,"45":0,"46":0,"47":11,"48":24,"49":24,"50":24,"51":12,"52":12,"53":11,"54":1,"55":10,"56":0,"57":10,"58":10,"59":10,"60":28,"61":28,"62":28,"63":25,"64":25,"65":25,"66":7,"67":7,"68":18,"69":18,"70":18,"71":18,"72":0,"73":1,"74":1,"75":1,"76":0,"77":0,"78":1,"79":1,"80":1,"81":1,"82":1,"83":0,"84":1,"85":1,"86":0,"87":0,"88":0,"89":0,"90":5,"91":5,"92":5,"93":2,"94":2,"95":3,"96":3,"97":1,"98":1,"99":1,"100":2,"101":1,"102":1,"103":1,"104":2,"105":16,"106":2},"f":{"0":16,"1":14,"2":26,"3":24,"4":24,"5":10,"6":28,"7":25,"8":1,"9":1,"10":0,"11":5,"12":1,"13":16},"b":{"0":[0],"1":[0,14],"2":[1],"3":[26,25],"4":[0],"5":[24,1],"6":[1],"7":[12],"8":[10],"9":[0],"10":[12],"11":[11],"12":[0],"13":[7],"14":[18],"15":[0],"16":[0],"17":[1],"18":[2],"19":[1]}}
,"/Users/jaekim/projects/point3-nest-sagajs/src/point3-typescript-saga/Saga/API/SagaRegistry.ts": {"path":"/Users/jaekim/projects/point3-nest-sagajs/src/point3-typescript-saga/Saga/API/SagaRegistry.ts","statementMap":{"0":{"start":{"line":3,"column":0},"end":{"line":3,"column":111}},"1":{"start":{"line":8,"column":0},"end":{"line":8,"column":36}},"2":{"start":{"line":24,"column":8},"end":{"line":24,"column":51}},"3":{"start":{"line":28,"column":8},"end":{"line":28,"column":36}},"4":{"start":{"line":32,"column":25},"end":{"line":32,"column":55}},"5":{"start":{"line":33,"column":8},"end":{"line":33,"column":43}},"6":{"start":{"line":13,"column":0},"end":{"line":13,"column":22}},"7":{"start":{"line":38,"column":14},"end":{"line":43,"column":16}},"8":{"start":{"line":47,"column":8},"end":{"line":47,"column":41}},"9":{"start":{"line":51,"column":8},"end":{"line":51,"column":68}},"10":{"start":{"line":51,"column":39},"end":{"line":51,"column":66}},"11":{"start":{"line":55,"column":8},"end":{"line":57,"column":9}},"12":{"start":{"line":56,"column":12},"end":{"line":56,"column":35}},"13":{"start":{"line":59,"column":8},"end":{"line":59,"column":30}},"14":{"start":{"line":63,"column":23},"end":{"line":63,"column":59}},"15":{"start":{"line":64,"column":8},"end":{"line":74,"column":9}},"16":{"start":{"line":65,"column":12},"end":{"line":70,"column":13}},"17":{"start":{"line":67,"column":16},"end":{"line":69,"column":17}},"18":{"start":{"line":68,"column":20},"end":{"line":68,"column":71}},"19":{"start":{"line":72,"column":12},"end":{"line":72,"column":33}},"20":{"start":{"line":73,"column":12},"end":{"line":73,"column":43}},"21":{"start":{"line":86,"column":21},"end":{"line":86,"column":73}},"22":{"start":{"line":86,"column":45},"end":{"line":86,"column":72}},"23":{"start":{"line":88,"column":8},"end":{"line":90,"column":9}},"24":{"start":{"line":89,"column":12},"end":{"line":89,"column":null}},"25":{"start":{"line":92,"column":8},"end":{"line":95,"column":10}},"26":{"start":{"line":37,"column":0},"end":{"line":37,"column":13}}},"fnMap":{"0":{"name":"(anonymous_0)","decl":{"start":{"line":23,"column":11},"end":{"line":23,"column":21}},"loc":{"start":{"line":23,"column":21},"end":{"line":25,"column":5}}},"1":{"name":"(anonymous_1)","decl":{"start":{"line":27,"column":11},"end":{"line":27,"column":28}},"loc":{"start":{"line":27,"column":43},"end":{"line":29,"column":5}}},"2":{"name":"(anonymous_2)","decl":{"start":{"line":31,"column":11},"end":{"line":31,"column":33}},"loc":{"start":{"line":31,"column":48},"end":{"line":34,"column":5}}},"3":{"name":"(anonymous_3)","decl":{"start":{"line":46,"column":4},"end":{"line":46,"column":16}},"loc":{"start":{"line":46,"column":50},"end":{"line":48,"column":5}}},"4":{"name":"(anonymous_4)","decl":{"start":{"line":50,"column":11},"end":{"line":50,"column":26}},"loc":{"start":{"line":50,"column":43},"end":{"line":52,"column":5}}},"5":{"name":"(anonymous_5)","decl":{"start":{"line":51,"column":31},"end":{"line":51,"column":35}},"loc":{"start":{"line":51,"column":39},"end":{"line":51,"column":66}}},"6":{"name":"(anonymous_6)","decl":{"start":{"line":54,"column":11},"end":{"line":54,"column":23}},"loc":{"start":{"line":54,"column":91},"end":{"line":60,"column":5}}},"7":{"name":"(anonymous_7)","decl":{"start":{"line":62,"column":11},"end":{"line":62,"column":16}},"loc":{"start":{"line":62,"column":111},"end":{"line":75,"column":5}}},"8":{"name":"(anonymous_8)","decl":{"start":{"line":77,"column":11},"end":{"line":77,"column":16}},"loc":{"start":{"line":84,"column":54},"end":{"line":96,"column":5}}},"9":{"name":"(anonymous_9)","decl":{"start":{"line":86,"column":37},"end":{"line":86,"column":41}},"loc":{"start":{"line":86,"column":45},"end":{"line":86,"column":72}}}},"branchMap":{"0":{"loc":{"start":{"line":55,"column":8},"end":{"line":57,"column":9}},"type":"if","locations":[{"start":{"line":55,"column":8},"end":{"line":57,"column":9}}]},"1":{"loc":{"start":{"line":67,"column":16},"end":{"line":69,"column":17}},"type":"if","locations":[{"start":{"line":67,"column":16},"end":{"line":69,"column":17}}]},"2":{"loc":{"start":{"line":88,"column":8},"end":{"line":90,"column":9}},"type":"if","locations":[{"start":{"line":88,"column":8},"end":{"line":90,"column":9}}]},"3":{"loc":{"start":{"line":88,"column":12},"end":{"line":88,"column":49}},"type":"binary-expr","locations":[{"start":{"line":88,"column":12},"end":{"line":88,"column":17}},{"start":{"line":88,"column":21},"end":{"line":88,"column":49}}]}},"s":{"0":2,"1":2,"2":14,"3":26,"4":26,"5":26,"6":2,"7":16,"8":16,"9":18,"10":2,"11":17,"12":1,"13":16,"14":26,"15":26,"16":26,"17":26,"18":26,"19":2,"20":2,"21":14,"22":14,"23":14,"24":0,"25":14,"26":2},"f":{"0":14,"1":26,"2":26,"3":16,"4":18,"5":2,"6":17,"7":26,"8":14,"9":14},"b":{"0":[1],"1":[26],"2":[0],"3":[14,14]}}
,"/Users/jaekim/projects/point3-nest-sagajs/src/point3-typescript-saga/Saga/API/index.ts": {"path":"/Users/jaekim/projects/point3-nest-sagajs/src/point3-typescript-saga/Saga/API/index.ts","statementMap":{"0":{"start":{"line":1,"column":0},"end":{"line":1,"column":30}},"1":{"start":{"line":2,"column":0},"end":{"line":2,"column":35}},"2":{"start":{"line":3,"column":0},"end":{"line":3,"column":31}},"3":{"start":{"line":4,"column":0},"end":{"line":4,"column":35}}},"fnMap":{},"branchMap":{},"s":{"0":2,"1":2,"2":2,"3":2},"f":{},"b":{}}
,"/Users/jaekim/projects/point3-nest-sagajs/src/point3-typescript-saga/Saga/Endpoint/Channel.ts": {"path":"/Users/jaekim/projects/point3-nest-sagajs/src/point3-typescript-saga/Saga/Endpoint/Channel.ts","statementMap":{"0":{"start":{"line":15,"column":8},"end":{"line":15,"column":69}},"1":{"start":{"line":10,"column":0},"end":{"line":10,"column":22}},"2":{"start":{"line":24,"column":8},"end":{"line":24,"column":29}},"3":{"start":{"line":25,"column":8},"end":{"line":25,"column":31}},"4":{"start":{"line":29,"column":8},"end":{"line":29,"column":27}},"5":{"start":{"line":33,"column":8},"end":{"line":33,"column":28}},"6":{"start":{"line":43,"column":8},"end":{"line":43,"column":16}},"7":{"start":{"line":44,"column":8},"end":{"line":44,"column":52}},"8":{"start":{"line":48,"column":8},"end":{"line":48,"column":39}},"9":{"start":{"line":39,"column":0},"end":{"line":39,"column":22}},"10":{"start":{"line":56,"column":8},"end":{"line":56,"column":16}},"11":{"start":{"line":57,"column":8},"end":{"line":57,"column":54}},"12":{"start":{"line":61,"column":8},"end":{"line":61,"column":40}},"13":{"start":{"line":52,"column":0},"end":{"line":52,"column":22}}},"fnMap":{"0":{"name":"(anonymous_0)","decl":{"start":{"line":14,"column":11},"end":{"line":14,"column":33}},"loc":{"start":{"line":14,"column":44},"end":{"line":16,"column":5}}},"1":{"name":"(anonymous_1)","decl":{"start":{"line":23,"column":4},"end":{"line":23,"column":16}},"loc":{"start":{"line":23,"column":47},"end":{"line":26,"column":5}}},"2":{"name":"(anonymous_2)","decl":{"start":{"line":28,"column":4},"end":{"line":28,"column":13}},"loc":{"start":{"line":28,"column":13},"end":{"line":30,"column":5}}},"3":{"name":"(anonymous_3)","decl":{"start":{"line":32,"column":4},"end":{"line":32,"column":18}},"loc":{"start":{"line":32,"column":18},"end":{"line":34,"column":5}}},"4":{"name":"(anonymous_4)","decl":{"start":{"line":42,"column":4},"end":{"line":42,"column":16}},"loc":{"start":{"line":42,"column":59},"end":{"line":45,"column":5}}},"5":{"name":"(anonymous_5)","decl":{"start":{"line":47,"column":11},"end":{"line":47,"column":24}},"loc":{"start":{"line":47,"column":24},"end":{"line":49,"column":5}}},"6":{"name":"(anonymous_6)","decl":{"start":{"line":55,"column":4},"end":{"line":55,"column":16}},"loc":{"start":{"line":55,"column":61},"end":{"line":58,"column":5}}},"7":{"name":"(anonymous_7)","decl":{"start":{"line":60,"column":11},"end":{"line":60,"column":24}},"loc":{"start":{"line":60,"column":24},"end":{"line":62,"column":5}}}},"branchMap":{},"s":{"0":998,"1":2,"2":998,"3":998,"4":26,"5":1996,"6":1,"7":1,"8":310,"9":2,"10":0,"11":0,"12":0,"13":2},"f":{"0":998,"1":998,"2":26,"3":1996,"4":1,"5":310,"6":0,"7":0},"b":{}}
,"/Users/jaekim/projects/point3-nest-sagajs/src/point3-typescript-saga/Saga/Endpoint/CommandEndpoint.ts": {"path":"/Users/jaekim/projects/point3-nest-sagajs/src/point3-typescript-saga/Saga/Endpoint/CommandEndpoint.ts","statementMap":{"0":{"start":{"line":4,"column":0},"end":{"line":4,"column":36}},"1":{"start":{"line":5,"column":0},"end":{"line":5,"column":57}},"2":{"start":{"line":19,"column":15},"end":{"line":19,"column":29}},"3":{"start":{"line":20,"column":15},"end":{"line":20,"column":25}},"4":{"start":{"line":17,"column":0},"end":{"line":17,"column":13}},"5":{"start":{"line":34,"column":8},"end":{"line":37,"column":9}},"6":{"start":{"line":35,"column":12},"end":{"line":35,"column":36}},"7":{"start":{"line":36,"column":12},"end":{"line":36,"column":24}},"8":{"start":{"line":39,"column":8},"end":{"line":43,"column":9}},"9":{"start":{"line":40,"column":12},"end":{"line":40,"column":44}},"10":{"start":{"line":41,"column":12},"end":{"line":41,"column":36}},"11":{"start":{"line":42,"column":12},"end":{"line":42,"column":24}},"12":{"start":{"line":45,"column":8},"end":{"line":49,"column":9}},"13":{"start":{"line":46,"column":12},"end":{"line":46,"column":39}},"14":{"start":{"line":47,"column":12},"end":{"line":47,"column":31}},"15":{"start":{"line":48,"column":12},"end":{"line":48,"column":24}},"16":{"start":{"line":53,"column":8},"end":{"line":53,"column":24}},"17":{"start":{"line":57,"column":8},"end":{"line":57,"column":28}},"18":{"start":{"line":24,"column":0},"end":{"line":24,"column":22}},"19":{"start":{"line":68,"column":8},"end":{"line":70,"column":9}},"20":{"start":{"line":69,"column":12},"end":{"line":69,"column":18}},"21":{"start":{"line":72,"column":8},"end":{"line":74,"column":9}},"22":{"start":{"line":73,"column":12},"end":{"line":73,"column":41}},"23":{"start":{"line":76,"column":8},"end":{"line":78,"column":9}},"24":{"start":{"line":77,"column":12},"end":{"line":77,"column":33}},"25":{"start":{"line":80,"column":8},"end":{"line":80,"column":32}},"26":{"start":{"line":84,"column":8},"end":{"line":84,"column":24}},"27":{"start":{"line":88,"column":8},"end":{"line":88,"column":28}},"28":{"start":{"line":61,"column":0},"end":{"line":61,"column":22}},"29":{"start":{"line":107,"column":16},"end":{"line":107,"column":51}},"30":{"start":{"line":108,"column":16},"end":{"line":108,"column":51}},"31":{"start":{"line":109,"column":16},"end":{"line":109,"column":71}},"32":{"start":{"line":110,"column":16},"end":{"line":110,"column":71}},"33":{"start":{"line":114,"column":8},"end":{"line":114,"column":43}},"34":{"start":{"line":118,"column":8},"end":{"line":118,"column":43}},"35":{"start":{"line":122,"column":8},"end":{"line":122,"column":43}},"36":{"start":{"line":126,"column":8},"end":{"line":126,"column":43}},"37":{"start":{"line":102,"column":0},"end":{"line":102,"column":22}},"38":{"start":{"line":149,"column":8},"end":{"line":154,"column":10}},"39":{"start":{"line":156,"column":8},"end":{"line":156,"column":46}},"40":{"start":{"line":157,"column":8},"end":{"line":157,"column":46}},"41":{"start":{"line":158,"column":8},"end":{"line":158,"column":52}},"42":{"start":{"line":162,"column":8},"end":{"line":162,"column":36}},"43":{"start":{"line":166,"column":8},"end":{"line":166,"column":36}},"44":{"start":{"line":170,"column":8},"end":{"line":170,"column":39}},"45":{"start":{"line":130,"column":0},"end":{"line":130,"column":22}},"46":{"start":{"line":190,"column":8},"end":{"line":195,"column":10}},"47":{"start":{"line":197,"column":8},"end":{"line":197,"column":66}},"48":{"start":{"line":198,"column":8},"end":{"line":198,"column":66}},"49":{"start":{"line":202,"column":8},"end":{"line":202,"column":46}},"50":{"start":{"line":206,"column":8},"end":{"line":206,"column":46}},"51":{"start":{"line":174,"column":0},"end":{"line":174,"column":22}}},"fnMap":{"0":{"name":"(anonymous_0)","decl":{"start":{"line":18,"column":4},"end":{"line":18,"column":null}},"loc":{"start":{"line":20,"column":25},"end":{"line":21,"column":8}}},"1":{"name":"(anonymous_1)","decl":{"start":{"line":31,"column":4},"end":{"line":31,"column":null}},"loc":{"start":{"line":32,"column":20},"end":{"line":50,"column":5}}},"2":{"name":"(anonymous_2)","decl":{"start":{"line":52,"column":4},"end":{"line":52,"column":9}},"loc":{"start":{"line":52,"column":9},"end":{"line":54,"column":5}}},"3":{"name":"(anonymous_3)","decl":{"start":{"line":56,"column":4},"end":{"line":56,"column":13}},"loc":{"start":{"line":56,"column":13},"end":{"line":58,"column":5}}},"4":{"name":"(anonymous_4)","decl":{"start":{"line":65,"column":4},"end":{"line":65,"column":null}},"loc":{"start":{"line":66,"column":38},"end":{"line":81,"column":5}}},"5":{"name":"(anonymous_5)","decl":{"start":{"line":83,"column":4},"end":{"line":83,"column":9}},"loc":{"start":{"line":83,"column":9},"end":{"line":85,"column":5}}},"6":{"name":"(anonymous_6)","decl":{"start":{"line":87,"column":4},"end":{"line":87,"column":13}},"loc":{"start":{"line":87,"column":13},"end":{"line":89,"column":5}}},"7":{"name":"(anonymous_7)","decl":{"start":{"line":106,"column":4},"end":{"line":106,"column":null}},"loc":{"start":{"line":110,"column":71},"end":{"line":111,"column":8}}},"8":{"name":"(anonymous_8)","decl":{"start":{"line":113,"column":11},"end":{"line":113,"column":35}},"loc":{"start":{"line":113,"column":35},"end":{"line":115,"column":5}}},"9":{"name":"(anonymous_9)","decl":{"start":{"line":117,"column":11},"end":{"line":117,"column":35}},"loc":{"start":{"line":117,"column":35},"end":{"line":119,"column":5}}},"10":{"name":"(anonymous_10)","decl":{"start":{"line":121,"column":11},"end":{"line":121,"column":35}},"loc":{"start":{"line":121,"column":35},"end":{"line":123,"column":5}}},"11":{"name":"(anonymous_11)","decl":{"start":{"line":125,"column":11},"end":{"line":125,"column":35}},"loc":{"start":{"line":125,"column":35},"end":{"line":127,"column":5}}},"12":{"name":"(anonymous_12)","decl":{"start":{"line":140,"column":4},"end":{"line":140,"column":null}},"loc":{"start":{"line":147,"column":61},"end":{"line":159,"column":5}}},"13":{"name":"(anonymous_13)","decl":{"start":{"line":161,"column":11},"end":{"line":161,"column":28}},"loc":{"start":{"line":161,"column":28},"end":{"line":163,"column":5}}},"14":{"name":"(anonymous_14)","decl":{"start":{"line":165,"column":11},"end":{"line":165,"column":28}},"loc":{"start":{"line":165,"column":28},"end":{"line":167,"column":5}}},"15":{"name":"(anonymous_15)","decl":{"start":{"line":169,"column":11},"end":{"line":169,"column":31}},"loc":{"start":{"line":169,"column":31},"end":{"line":171,"column":5}}},"16":{"name":"(anonymous_16)","decl":{"start":{"line":182,"column":4},"end":{"line":182,"column":null}},"loc":{"start":{"line":188,"column":75},"end":{"line":199,"column":5}}},"17":{"name":"(anonymous_17)","decl":{"start":{"line":201,"column":11},"end":{"line":201,"column":39}},"loc":{"start":{"line":201,"column":39},"end":{"line":203,"column":5}}},"18":{"name":"(anonymous_18)","decl":{"start":{"line":205,"column":11},"end":{"line":205,"column":39}},"loc":{"start":{"line":205,"column":39},"end":{"line":207,"column":5}}}},"branchMap":{"0":{"loc":{"start":{"line":34,"column":8},"end":{"line":37,"column":9}},"type":"if","locations":[{"start":{"line":34,"column":8},"end":{"line":37,"column":9}}]},"1":{"loc":{"start":{"line":39,"column":8},"end":{"line":43,"column":9}},"type":"if","locations":[{"start":{"line":39,"column":8},"end":{"line":43,"column":9}}]},"2":{"loc":{"start":{"line":45,"column":8},"end":{"line":49,"column":9}},"type":"if","locations":[{"start":{"line":45,"column":8},"end":{"line":49,"column":9}}]},"3":{"loc":{"start":{"line":68,"column":8},"end":{"line":70,"column":9}},"type":"if","locations":[{"start":{"line":68,"column":8},"end":{"line":70,"column":9}}]},"4":{"loc":{"start":{"line":72,"column":8},"end":{"line":74,"column":9}},"type":"if","locations":[{"start":{"line":72,"column":8},"end":{"line":74,"column":9}}]},"5":{"loc":{"start":{"line":76,"column":8},"end":{"line":78,"column":9}},"type":"if","locations":[{"start":{"line":76,"column":8},"end":{"line":78,"column":9}}]}},"s":{"0":2,"1":2,"2":500,"3":500,"4":2,"5":501,"6":0,"7":0,"8":501,"9":1,"10":1,"11":1,"12":500,"13":500,"14":500,"15":500,"16":1242,"17":2,"18":2,"19":54,"20":0,"21":54,"22":53,"23":54,"24":0,"25":54,"26":0,"27":50,"28":2,"29":21,"30":21,"31":21,"32":21,"33":13,"34":25,"35":15,"36":14,"37":2,"38":0,"39":0,"40":0,"41":0,"42":0,"43":0,"44":0,"45":2,"46":21,"47":21,"48":21,"49":15,"50":14,"51":2},"f":{"0":500,"1":501,"2":1242,"3":2,"4":54,"5":0,"6":50,"7":21,"8":13,"9":25,"10":15,"11":14,"12":0,"13":0,"14":0,"15":0,"16":21,"17":15,"18":14},"b":{"0":[0],"1":[1],"2":[500],"3":[0],"4":[53],"5":[0]}}
,"/Users/jaekim/projects/point3-nest-sagajs/src/point3-typescript-saga/Saga/Endpoint/index.ts": {"path":"/Users/jaekim/projects/point3-nest-sagajs/src/point3-typescript-saga/Saga/Endpoint/index.ts","statementMap":{"0":{"start":{"line":1,"column":0},"end":{"line":1,"column":26}},"1":{"start":{"line":2,"column":0},"end":{"line":2,"column":34}},"2":{"start":{"line":3,"column":0},"end":{"line":3,"column":36}}},"fnMap":{},"branchMap":{},"s":{"0":2,"1":2,"2":2},"f":{},"b":{}}
,"/Users/jaekim/projects/point3-nest-sagajs/src/point3-typescript-saga/Saga/Errors/index.ts": {"path":"/Users/jaekim/projects/point3-nest-sagajs/src/point3-typescript-saga/Saga/Errors/index.ts","statementMap":{"0":{"start":{"line":1,"column":13},"end":{"line":1,"column":72}},"1":{"start":{"line":2,"column":13},"end":{"line":2,"column":92}},"2":{"start":{"line":3,"column":13},"end":{"line":3,"column":65}},"3":{"start":{"line":4,"column":13},"end":{"line":4,"column":59}},"4":{"start":{"line":5,"column":13},"end":{"line":5,"column":59}},"5":{"start":{"line":6,"column":13},"end":{"line":6,"column":75}},"6":{"start":{"line":7,"column":13},"end":{"line":7,"column":82}},"7":{"start":{"line":8,"column":13},"end":{"line":8,"column":86}}},"fnMap":{},"branchMap":{},"s":{"0":2,"1":2,"2":2,"3":2,"4":2,"5":2,"6":2,"7":2},"f":{},"b":{}}
,"/Users/jaekim/projects/point3-nest-sagajs/src/point3-typescript-saga/Saga/SagaPlanning/SagaAction.ts": {"path":"/Users/jaekim/projects/point3-nest-sagajs/src/point3-typescript-saga/Saga/SagaPlanning/SagaAction.ts","statementMap":{"0":{"start":{"line":4,"column":0},"end":{"line":4,"column":85}},"1":{"start":{"line":20,"column":8},"end":{"line":20,"column":46}},"2":{"start":{"line":24,"column":8},"end":{"line":37,"column":9}},"3":{"start":{"line":25,"column":37},"end":{"line":25,"column":93}},"4":{"start":{"line":26,"column":31},"end":{"line":26,"column":125}},"5":{"start":{"line":27,"column":36},"end":{"line":27,"column":117}},"6":{"start":{"line":29,"column":12},"end":{"line":32,"column":14}},"7":{"start":{"line":34,"column":31},"end":{"line":34,"column":125}},"8":{"start":{"line":35,"column":36},"end":{"line":35,"column":117}},"9":{"start":{"line":36,"column":12},"end":{"line":36,"column":35}},"10":{"start":{"line":6,"column":0},"end":{"line":6,"column":13}},"11":{"start":{"line":55,"column":8},"end":{"line":55,"column":48}},"12":{"start":{"line":59,"column":8},"end":{"line":72,"column":9}},"13":{"start":{"line":60,"column":37},"end":{"line":60,"column":95}},"14":{"start":{"line":61,"column":31},"end":{"line":61,"column":96}},"15":{"start":{"line":62,"column":36},"end":{"line":62,"column":119}},"16":{"start":{"line":64,"column":12},"end":{"line":67,"column":14}},"17":{"start":{"line":69,"column":31},"end":{"line":69,"column":96}},"18":{"start":{"line":70,"column":36},"end":{"line":70,"column":119}},"19":{"start":{"line":71,"column":12},"end":{"line":71,"column":35}},"20":{"start":{"line":41,"column":0},"end":{"line":41,"column":13}},"21":{"start":{"line":96,"column":8},"end":{"line":96,"column":51}},"22":{"start":{"line":97,"column":8},"end":{"line":97,"column":46}},"23":{"start":{"line":101,"column":34},"end":{"line":101,"column":99}},"24":{"start":{"line":102,"column":8},"end":{"line":102,"column":69}},"25":{"start":{"line":75,"column":0},"end":{"line":75,"column":13}},"26":{"start":{"line":127,"column":8},"end":{"line":127,"column":51}},"27":{"start":{"line":128,"column":8},"end":{"line":128,"column":48}},"28":{"start":{"line":132,"column":36},"end":{"line":132,"column":103}},"29":{"start":{"line":133,"column":8},"end":{"line":133,"column":71}},"30":{"start":{"line":106,"column":0},"end":{"line":106,"column":13}}},"fnMap":{"0":{"name":"(anonymous_0)","decl":{"start":{"line":13,"column":4},"end":{"line":13,"column":null}},"loc":{"start":{"line":18,"column":9},"end":{"line":21,"column":5}}},"1":{"name":"(anonymous_1)","decl":{"start":{"line":23,"column":11},"end":{"line":23,"column":16}},"loc":{"start":{"line":23,"column":77},"end":{"line":38,"column":5}}},"2":{"name":"(anonymous_2)","decl":{"start":{"line":48,"column":4},"end":{"line":48,"column":null}},"loc":{"start":{"line":53,"column":9},"end":{"line":56,"column":5}}},"3":{"name":"(anonymous_3)","decl":{"start":{"line":58,"column":11},"end":{"line":58,"column":16}},"loc":{"start":{"line":58,"column":79},"end":{"line":73,"column":5}}},"4":{"name":"(anonymous_4)","decl":{"start":{"line":87,"column":4},"end":{"line":87,"column":null}},"loc":{"start":{"line":94,"column":9},"end":{"line":98,"column":5}}},"5":{"name":"(anonymous_5)","decl":{"start":{"line":100,"column":11},"end":{"line":100,"column":16}},"loc":{"start":{"line":100,"column":64},"end":{"line":103,"column":5}}},"6":{"name":"(anonymous_6)","decl":{"start":{"line":118,"column":4},"end":{"line":118,"column":null}},"loc":{"start":{"line":125,"column":9},"end":{"line":129,"column":5}}},"7":{"name":"(anonymous_7)","decl":{"start":{"line":131,"column":11},"end":{"line":131,"column":16}},"loc":{"start":{"line":131,"column":66},"end":{"line":134,"column":5}}}},"branchMap":{},"s":{"0":2,"1":18,"2":28,"3":28,"4":14,"5":14,"6":14,"7":14,"8":14,"9":14,"10":2,"11":3,"12":1,"13":1,"14":1,"15":1,"16":1,"17":0,"18":0,"19":0,"20":2,"21":0,"22":0,"23":0,"24":0,"25":2,"26":0,"27":0,"28":0,"29":0,"30":2},"f":{"0":18,"1":28,"2":3,"3":1,"4":0,"5":0,"6":0,"7":0},"b":{}}
,"/Users/jaekim/projects/point3-nest-sagajs/src/point3-typescript-saga/Saga/SagaPlanning/SagaDefinition.ts": {"path":"/Users/jaekim/projects/point3-nest-sagajs/src/point3-typescript-saga/Saga/SagaPlanning/SagaDefinition.ts","statementMap":{"0":{"start":{"line":5,"column":4},"end":{"line":5,"column":27}},"1":{"start":{"line":8,"column":8},"end":{"line":8,"column":24}},"2":{"start":{"line":12,"column":8},"end":{"line":12,"column":26}},"3":{"start":{"line":16,"column":8},"end":{"line":16,"column":68}},"4":{"start":{"line":16,"column":39},"end":{"line":16,"column":66}},"5":{"start":{"line":20,"column":8},"end":{"line":20,"column":29}},"6":{"start":{"line":24,"column":8},"end":{"line":24,"column":49}},"7":{"start":{"line":28,"column":26},"end":{"line":28,"column":87}},"8":{"start":{"line":28,"column":55},"end":{"line":28,"column":86}},"9":{"start":{"line":30,"column":8},"end":{"line":32,"column":9}},"10":{"start":{"line":31,"column":12},"end":{"line":31,"column":24}},"11":{"start":{"line":34,"column":8},"end":{"line":36,"column":9}},"12":{"start":{"line":35,"column":12},"end":{"line":35,"column":24}},"13":{"start":{"line":38,"column":8},"end":{"line":38,"column":41}},"14":{"start":{"line":42,"column":26},"end":{"line":42,"column":87}},"15":{"start":{"line":42,"column":55},"end":{"line":42,"column":86}},"16":{"start":{"line":44,"column":8},"end":{"line":46,"column":9}},"17":{"start":{"line":45,"column":12},"end":{"line":45,"column":24}},"18":{"start":{"line":48,"column":8},"end":{"line":50,"column":9}},"19":{"start":{"line":49,"column":12},"end":{"line":49,"column":24}},"20":{"start":{"line":52,"column":8},"end":{"line":52,"column":41}},"21":{"start":{"line":56,"column":26},"end":{"line":56,"column":68}},"22":{"start":{"line":56,"column":49},"end":{"line":56,"column":67}},"23":{"start":{"line":57,"column":8},"end":{"line":57,"column":60}},"24":{"start":{"line":4,"column":0},"end":{"line":4,"column":13}}},"fnMap":{"0":{"name":"(anonymous_0)","decl":{"start":{"line":7,"column":4},"end":{"line":7,"column":null}},"loc":{"start":{"line":7,"column":4},"end":{"line":9,"column":5}}},"1":{"name":"(anonymous_1)","decl":{"start":{"line":11,"column":11},"end":{"line":11,"column":19}},"loc":{"start":{"line":11,"column":19},"end":{"line":13,"column":5}}},"2":{"name":"(anonymous_2)","decl":{"start":{"line":15,"column":11},"end":{"line":15,"column":18}},"loc":{"start":{"line":15,"column":31},"end":{"line":17,"column":5}}},"3":{"name":"(anonymous_3)","decl":{"start":{"line":16,"column":31},"end":{"line":16,"column":35}},"loc":{"start":{"line":16,"column":39},"end":{"line":16,"column":66}}},"4":{"name":"(anonymous_4)","decl":{"start":{"line":19,"column":11},"end":{"line":19,"column":23}},"loc":{"start":{"line":19,"column":23},"end":{"line":21,"column":5}}},"5":{"name":"(anonymous_5)","decl":{"start":{"line":23,"column":11},"end":{"line":23,"column":22}},"loc":{"start":{"line":23,"column":22},"end":{"line":25,"column":5}}},"6":{"name":"(anonymous_6)","decl":{"start":{"line":27,"column":11},"end":{"line":27,"column":23}},"loc":{"start":{"line":27,"column":40},"end":{"line":39,"column":5}}},"7":{"name":"(anonymous_7)","decl":{"start":{"line":28,"column":47},"end":{"line":28,"column":51}},"loc":{"start":{"line":28,"column":55},"end":{"line":28,"column":86}}},"8":{"name":"(anonymous_8)","decl":{"start":{"line":41,"column":11},"end":{"line":41,"column":24}},"loc":{"start":{"line":41,"column":41},"end":{"line":53,"column":5}}},"9":{"name":"(anonymous_9)","decl":{"start":{"line":42,"column":47},"end":{"line":42,"column":51}},"loc":{"start":{"line":42,"column":55},"end":{"line":42,"column":86}}},"10":{"name":"(anonymous_10)","decl":{"start":{"line":55,"column":11},"end":{"line":55,"column":36}},"loc":{"start":{"line":55,"column":36},"end":{"line":58,"column":5}}},"11":{"name":"(anonymous_11)","decl":{"start":{"line":56,"column":41},"end":{"line":56,"column":45}},"loc":{"start":{"line":56,"column":49},"end":{"line":56,"column":67}}}},"branchMap":{"0":{"loc":{"start":{"line":30,"column":8},"end":{"line":32,"column":9}},"type":"if","locations":[{"start":{"line":30,"column":8},"end":{"line":32,"column":9}}]},"1":{"loc":{"start":{"line":34,"column":8},"end":{"line":36,"column":9}},"type":"if","locations":[{"start":{"line":34,"column":8},"end":{"line":36,"column":9}}]},"2":{"loc":{"start":{"line":44,"column":8},"end":{"line":46,"column":9}},"type":"if","locations":[{"start":{"line":44,"column":8},"end":{"line":46,"column":9}}]},"3":{"loc":{"start":{"line":48,"column":8},"end":{"line":50,"column":9}},"type":"if","locations":[{"start":{"line":48,"column":8},"end":{"line":50,"column":9}}]}},"s":{"0":34,"1":34,"2":0,"3":26,"4":73,"5":14,"6":0,"7":25,"8":47,"9":25,"10":0,"11":25,"12":7,"13":18,"14":5,"15":9,"16":5,"17":0,"18":5,"19":2,"20":3,"21":16,"22":34,"23":16,"24":2},"f":{"0":34,"1":0,"2":26,"3":73,"4":14,"5":0,"6":25,"7":47,"8":5,"9":9,"10":16,"11":34},"b":{"0":[0],"1":[7],"2":[0],"3":[2]}}
,"/Users/jaekim/projects/point3-nest-sagajs/src/point3-typescript-saga/Saga/SagaPlanning/Step.ts": {"path":"/Users/jaekim/projects/point3-nest-sagajs/src/point3-typescript-saga/Saga/SagaPlanning/Step.ts","statementMap":{"0":{"start":{"line":21,"column":4},"end":{"line":21,"column":101}},"1":{"start":{"line":15,"column":8},"end":{"line":15,"column":25}},"2":{"start":{"line":24,"column":8},"end":{"line":24,"column":25}},"3":{"start":{"line":28,"column":8},"end":{"line":30,"column":9}},"4":{"start":{"line":29,"column":12},"end":{"line":29,"column":24}},"5":{"start":{"line":31,"column":8},"end":{"line":31,"column":21}},"6":{"start":{"line":35,"column":8},"end":{"line":37,"column":9}},"7":{"start":{"line":36,"column":12},"end":{"line":36,"column":24}},"8":{"start":{"line":38,"column":8},"end":{"line":38,"column":21}},"9":{"start":{"line":42,"column":8},"end":{"line":42,"column":41}},"10":{"start":{"line":46,"column":8},"end":{"line":46,"column":26}},"11":{"start":{"line":11,"column":0},"end":{"line":11,"column":13}},"12":{"start":{"line":50,"column":13},"end":{"line":50,"column":45}},"13":{"start":{"line":53,"column":8},"end":{"line":53,"column":34}},"14":{"start":{"line":51,"column":0},"end":{"line":51,"column":13}}},"fnMap":{"0":{"name":"(anonymous_0)","decl":{"start":{"line":14,"column":4},"end":{"line":14,"column":16}},"loc":{"start":{"line":14,"column":28},"end":{"line":16,"column":5}}},"1":{"name":"(anonymous_1)","decl":{"start":{"line":23,"column":11},"end":{"line":23,"column":22}},"loc":{"start":{"line":23,"column":22},"end":{"line":25,"column":5}}},"2":{"name":"(anonymous_2)","decl":{"start":{"line":27,"column":11},"end":{"line":27,"column":22}},"loc":{"start":{"line":27,"column":22},"end":{"line":32,"column":5}}},"3":{"name":"(anonymous_3)","decl":{"start":{"line":34,"column":11},"end":{"line":34,"column":26}},"loc":{"start":{"line":34,"column":26},"end":{"line":39,"column":5}}},"4":{"name":"(anonymous_4)","decl":{"start":{"line":41,"column":11},"end":{"line":41,"column":27}},"loc":{"start":{"line":41,"column":27},"end":{"line":43,"column":5}}},"5":{"name":"(anonymous_5)","decl":{"start":{"line":45,"column":11},"end":{"line":45,"column":23}},"loc":{"start":{"line":45,"column":23},"end":{"line":47,"column":5}}},"6":{"name":"(anonymous_6)","decl":{"start":{"line":52,"column":4},"end":{"line":52,"column":null}},"loc":{"start":{"line":52,"column":4},"end":{"line":54,"column":5}}}},"branchMap":{"0":{"loc":{"start":{"line":28,"column":8},"end":{"line":30,"column":9}},"type":"if","locations":[{"start":{"line":28,"column":8},"end":{"line":30,"column":9}}]},"1":{"loc":{"start":{"line":35,"column":8},"end":{"line":37,"column":9}},"type":"if","locations":[{"start":{"line":35,"column":8},"end":{"line":37,"column":9}}]}},"s":{"0":52,"1":52,"2":228,"3":32,"4":18,"5":14,"6":3,"7":1,"8":2,"9":11,"10":22,"11":2,"12":2,"13":34,"14":2},"f":{"0":52,"1":228,"2":32,"3":3,"4":11,"5":22,"6":34},"b":{"0":[18],"1":[1]}}
,"/Users/jaekim/projects/point3-nest-sagajs/src/point3-typescript-saga/Saga/SagaPlanning/index.ts": {"path":"/Users/jaekim/projects/point3-nest-sagajs/src/point3-typescript-saga/Saga/SagaPlanning/index.ts","statementMap":{"0":{"start":{"line":1,"column":0},"end":{"line":1,"column":29}},"1":{"start":{"line":2,"column":0},"end":{"line":2,"column":23}},"2":{"start":{"line":3,"column":0},"end":{"line":3,"column":34}}},"fnMap":{},"branchMap":{},"s":{"0":2,"1":2,"2":2},"f":{},"b":{}}
,"/Users/jaekim/projects/point3-nest-sagajs/src/point3-typescript-saga/Saga/SagaSession/SagaSession.ts": {"path":"/Users/jaekim/projects/point3-nest-sagajs/src/point3-typescript-saga/Saga/SagaSession/SagaSession.ts","statementMap":{"0":{"start":{"line":2,"column":12},"end":{"line":2,"column":39}},"1":{"start":{"line":3,"column":12},"end":{"line":3,"column":45}},"2":{"start":{"line":4,"column":12},"end":{"line":4,"column":42}},"3":{"start":{"line":5,"column":12},"end":{"line":5,"column":40}},"4":{"start":{"line":8,"column":12},"end":{"line":8,"column":41}},"5":{"start":{"line":11,"column":8},"end":{"line":11,"column":31}},"6":{"start":{"line":12,"column":8},"end":{"line":12,"column":34}},"7":{"start":{"line":13,"column":8},"end":{"line":13,"column":33}},"8":{"start":{"line":14,"column":8},"end":{"line":14,"column":37}},"9":{"start":{"line":18,"column":8},"end":{"line":18,"column":31}},"10":{"start":{"line":19,"column":8},"end":{"line":19,"column":33}},"11":{"start":{"line":20,"column":8},"end":{"line":20,"column":33}},"12":{"start":{"line":21,"column":8},"end":{"line":21,"column":37}},"13":{"start":{"line":22,"column":8},"end":{"line":22,"column":32}},"14":{"start":{"line":26,"column":8},"end":{"line":26,"column":30}},"15":{"start":{"line":27,"column":8},"end":{"line":27,"column":34}},"16":{"start":{"line":28,"column":8},"end":{"line":28,"column":33}},"17":{"start":{"line":29,"column":8},"end":{"line":29,"column":37}},"18":{"start":{"line":30,"column":8},"end":{"line":30,"column":32}},"19":{"start":{"line":34,"column":8},"end":{"line":34,"column":31}},"20":{"start":{"line":35,"column":8},"end":{"line":35,"column":34}},"21":{"start":{"line":36,"column":8},"end":{"line":36,"column":32}},"22":{"start":{"line":37,"column":8},"end":{"line":37,"column":37}},"23":{"start":{"line":41,"column":8},"end":{"line":41,"column":31}},"24":{"start":{"line":42,"column":8},"end":{"line":42,"column":34}},"25":{"start":{"line":43,"column":8},"end":{"line":43,"column":32}},"26":{"start":{"line":44,"column":8},"end":{"line":44,"column":36}},"27":{
[...]
:29,"column":0},"end":{"line":29,"column":13}},"9":{"start":{"line":30,"column":20},"end":{"line":30,"column":63}},"10":{"start":{"line":45,"column":8},"end":{"line":45,"column":51}},"11":{"start":{"line":49,"column":8},"end":{"line":49,"column":43}},"12":{"start":{"line":41,"column":0},"end":{"line":41,"column":13}},"13":{"start":{"line":42,"column":20},"end":{"line":42,"column":63}},"14":{"start":{"line":57,"column":8},"end":{"line":57,"column":51}},"15":{"start":{"line":61,"column":8},"end":{"line":61,"column":49}},"16":{"start":{"line":53,"column":0},"end":{"line":53,"column":13}},"17":{"start":{"line":54,"column":20},"end":{"line":54,"column":69}},"18":{"start":{"line":69,"column":8},"end":{"line":69,"column":51}},"19":{"start":{"line":73,"column":8},"end":{"line":73,"column":49}},"20":{"start":{"line":65,"column":0},"end":{"line":65,"column":13}},"21":{"start":{"line":66,"column":20},"end":{"line":66,"column":69}}},"fnMap":{"0":{"name":"(anonymous_6)","decl":{"start":{"line":20,"column":4},"end":{"line":20,"column":8}},"loc":{"start":{"line":20,"column":39},"end":{"line":22,"column":5}}},"1":{"name":"(anonymous_7)","decl":{"start":{"line":24,"column":4},"end":{"line":24,"column":18}},"loc":{"start":{"line":24,"column":18},"end":{"line":26,"column":5}}},"2":{"name":"(anonymous_8)","decl":{"start":{"line":32,"column":4},"end":{"line":32,"column":8}},"loc":{"start":{"line":32,"column":40},"end":{"line":34,"column":5}}},"3":{"name":"(anonymous_9)","decl":{"start":{"line":36,"column":4},"end":{"line":36,"column":18}},"loc":{"start":{"line":36,"column":18},"end":{"line":38,"column":5}}},"4":{"name":"(anonymous_10)","decl":{"start":{"line":44,"column":4},"end":{"line":44,"column":8}},"loc":{"start":{"line":44,"column":40},"end":{"line":46,"column":5}}},"5":{"name":"(anonymous_11)","decl":{"start":{"line":48,"column":4},"end":{"line":48,"column":18}},"loc":{"start":{"line":48,"column":18},"end":{"line":50,"column":5}}},"6":{"name":"(anonymous_12)","decl":{"start":{"line":56,"column":4},"end":{"line":56,"column":8}},"loc":{"start":{"line":56,"column":40},"end":{"line":58,"column":5}}},"7":{"name":"(anonymous_13)","decl":{"start":{"line":60,"column":4},"end":{"line":60,"column":18}},"loc":{"start":{"line":60,"column":18},"end":{"line":62,"column":5}}},"8":{"name":"(anonymous_14)","decl":{"start":{"line":68,"column":4},"end":{"line":68,"column":8}},"loc":{"start":{"line":68,"column":40},"end":{"line":70,"column":5}}},"9":{"name":"(anonymous_15)","decl":{"start":{"line":72,"column":4},"end":{"line":72,"column":18}},"loc":{"start":{"line":72,"column":18},"end":{"line":74,"column":5}}}},"branchMap":{},"s":{"0":1,"1":1,"2":0,"3":1,"4":1,"5":1,"6":0,"7":0,"8":1,"9":1,"10":0,"11":0,"12":1,"13":1,"14":0,"15":12,"16":1,"17":1,"18":0,"19":13,"20":1,"21":1},"f":{"0":0,"1":1,"2":0,"3":0,"4":0,"5":0,"6":0,"7":12,"8":0,"9":13},"b":{}}
,"/Users/jaekim/projects/point3-nest-sagajs/src/point3-typescript-saga/test/command.ts": {"path":"/Users/jaekim/projects/point3-nest-sagajs/src/point3-typescript-saga/test/command.ts","statementMap":{"0":{"start":{"line":1,"column":0},"end":{"line":1,"column":47}},"1":{"start":{"line":3,"column":0},"end":{"line":3,"column":null}},"2":{"start":{"line":4,"column":4},"end":{"line":4,"column":null}},"3":{"start":{"line":5,"column":4},"end":{"line":5,"column":null}},"4":{"start":{"line":12,"column":8},"end":{"line":15,"column":10}},"5":{"start":{"line":7,"column":0},"end":{"line":7,"column":13}},"6":{"start":{"line":22,"column":8},"end":{"line":22,"column":20}},"7":{"start":{"line":18,"column":0},"end":{"line":18,"column":13}},"8":{"start":{"line":32,"column":8},"end":{"line":32,"column":22}},"9":{"start":{"line":27,"column":21},"end":{"line":27,"column":100}},"10":{"start":{"line":26,"column":0},"end":{"line":26,"column":13}},"11":{"start":{"line":42,"column":8},"end":{"line":42,"column":22}},"12":{"start":{"line":37,"column":21},"end":{"line":37,"column":100}},"13":{"start":{"line":36,"column":0},"end":{"line":36,"column":13}}},"fnMap":{"0":{"name":"(anonymous_0)","decl":{"start":{"line":3,"column":0},"end":{"line":3,"column":5}},"loc":{"start":{"line":3,"column":30},"end":{"line":6,"column":1}}},"1":{"name":"(anonymous_1)","decl":{"start":{"line":8,"column":4},"end":{"line":8,"column":null}},"loc":{"start":{"line":10,"column":18},"end":{"line":16,"column":5}}},"2":{"name":"(anonymous_2)","decl":{"start":{"line":19,"column":4},"end":{"line":19,"column":null}},"loc":{"start":{"line":20,"column":59},"end":{"line":23,"column":5}}},"3":{"name":"(anonymous_3)","decl":{"start":{"line":29,"column":4},"end":{"line":29,"column":null}},"loc":{"start":{"line":30,"column":38},"end":{"line":33,"column":5}}},"4":{"name":"(anonymous_4)","decl":{"start":{"line":39,"column":4},"end":{"line":39,"column":null}},"loc":{"start":{"line":40,"column":38},"end":{"line":43,"column":5}}}},"branchMap":{"0":{"loc":{"start":{"line":3,"column":5},"end":{"line":3,"column":null}},"type":"binary-expr","locations":[{"start":{"line":3,"column":5},"end":{"line":3,"column":30}},{"start":{"line":3,"column":5},"end":{"line":3,"column":null}}]}},"s":{"0":1,"1":1,"2":1,"3":1,"4":0,"5":1,"6":1,"7":1,"8":28,"9":28,"10":1,"11":26,"12":26,"13":1},"f":{"0":1,"1":0,"2":1,"3":28,"4":26},"b":{"0":[1,1]}}
,"/Users/jaekim/projects/point3-nest-sagajs/src/point3-typescript-saga/test/endpoint.ts": {"path":"/Users/jaekim/projects/point3-nest-sagajs/src/point3-typescript-saga/test/endpoint.ts","statementMap":{"0":{"start":{"line":1,"column":0},"end":{"line":1,"column":44}},"1":{"start":{"line":3,"column":0},"end":{"line":3,"column":184}},"2":{"start":{"line":4,"column":0},"end":{"line":4,"column":null}},"3":{"start":{"line":19,"column":8},"end":{"line":27,"column":10}},"4":{"start":{"line":10,"column":0},"end":{"line":10,"column":13}},"5":{"start":{"line":37,"column":8},"end":{"line":37,"column":70}},"6":{"start":{"line":38,"column":8},"end":{"line":40,"column":null}},"7":{"start":{"line":39,"column":12},"end":{"line":39,"column":73}},"8":{"start":{"line":47,"column":8},"end":{"line":54,"column":10}},"9":{"start":{"line":31,"column":0},"end":{"line":31,"column":13}},"10":{"start":{"line":60,"column":8},"end":{"line":60,"column":40}},"11":{"start":{"line":58,"column":0},"end":{"line":58,"column":13}}},"fnMap":{"0":{"name":"(anonymous_6)","decl":{"start":{"line":16,"column":4},"end":{"line":16,"column":null}},"loc":{"start":{"line":17,"column":91},"end":{"line":28,"column":5}}},"1":{"name":"(anonymous_7)","decl":{"start":{"line":36,"column":4},"end":{"line":36,"column":9}},"loc":{"start":{"line":36,"column":79},"end":{"line":41,"column":5}}},"2":{"name":"(anonymous_8)","decl":{"start":{"line":38,"column":15},"end":{"line":38,"column":20}},"loc":{"start":{"line":38,"column":32},"end":{"line":40,"column":9}}},"3":{"name":"(anonymous_9)","decl":{"start":{"line":43,"column":4},"end":{"line":43,"column":null}},"loc":{"start":{"line":45,"column":100},"end":{"line":55,"column":5}}},"4":{"name":"(anonymous_10)","decl":{"start":{"line":59,"column":4},"end":{"line":59,"column":9}},"loc":{"start":{"line":59,"column":79},"end":{"line":61,"column":5}}}},"branchMap":{},"s":{"0":1,"1":1,"2":1,"3":0,"4":1,"5":15,"6":15,"7":15,"8":21,"9":1,"10":14,"11":1},"f":{"0":0,"1":15,"2":15,"3":21,"4":14},"b":{}}
,"/Users/jaekim/projects/point3-nest-sagajs/src/point3-typescript-saga/test/registry.ts": {"path":"/Users/jaekim/projects/point3-nest-sagajs/src/point3-typescript-saga/test/registry.ts","statementMap":{"0":{"start":{"line":1,"column":0},"end":{"line":1,"column":44}},"1":{"start":{"line":2,"column":0},"end":{"line":2,"column":79}},"2":{"start":{"line":6,"column":34},"end":{"line":6,"column":70}},"3":{"start":{"line":7,"column":33},"end":{"line":7,"column":91}},"4":{"start":{"line":8,"column":8},"end":{"line":8,"column":32}},"5":{"start":{"line":4,"column":0},"end":{"line":4,"column":13}}},"fnMap":{"0":{"name":"(anonymous_6)","decl":{"start":{"line":5,"column":4},"end":{"line":5,"column":null}},"loc":{"start":{"line":5,"column":4},"end":{"line":9,"column":5}}}},"branchMap":{},"s":{"0":1,"1":1,"2":16,"3":16,"4":16,"5":1},"f":{"0":16},"b":{}}
,"/Users/jaekim/projects/point3-nest-sagajs/src/point3-typescript-saga/test/repository.ts": {"path":"/Users/jaekim/projects/point3-nest-sagajs/src/point3-typescript-saga/test/repository.ts","statementMap":{"0":{"start":{"line":1,"column":0},"end":{"line":1,"column":36}},"1":{"start":{"line":8,"column":21},"end":{"line":8,"column":59}},"2":{"start":{"line":9,"column":21},"end":{"line":9,"column":62}},"3":{"start":{"line":10,"column":21},"end":{"line":10,"column":57}},"4":{"start":{"line":13,"column":8},"end":{"line":15,"column":null}},"5":{"start":{"line":14,"column":12},"end":{"line":14,"column":null}},"6":{"start":{"line":19,"column":8},"end":{"line":19,"column":51}},"7":{"start":{"line":23,"column":8},"end":{"line":23,"column":51}},"8":{"start":{"line":27,"column":8},"end":{"line":27,"column":51}},"9":{"start":{"line":31,"column":8},"end":{"line":31,"column":51}},"10":{"start":{"line":35,"column":8},"end":{"line":35,"column":51}},"11":{"start":{"line":40,"column":8},"end":{"line":40,"column":37}},"12":{"start":{"line":43,"column":8},"end":{"line":43,"column":28}},"13":{"start":{"line":5,"column":0},"end":{"line":5,"column":13}},"14":{"start":{"line":50,"column":21},"end":{"line":50,"column":57}},"15":{"start":{"line":53,"column":8},"end":{"line":55,"column":null}},"16":{"start":{"line":54,"column":12},"end":{"line":54,"column":53}},"17":{"start":{"line":59,"column":8},"end":{"line":59,"column":51}},"18":{"start":{"line":63,"column":8},"end":{"line":63,"column":51}},"19":{"start":{"line":67,"column":8},"end":{"line":67,"column":51}},"20":{"start":{"line":71,"column":8},"end":{"line":71,"column":51}},"21":{"start":{"line":75,"column":8},"end":{"line":75,"column":51}},"22":{"start":{"line":80,"column":8},"end":{"line":80,"column":37}},"23":{"start":{"line":83,"column":8},"end":{"line":83,"column":28}},"24":{"start":{"line":47,"column":0},"end":{"line":47,"column":13}}},"fnMap":{"0":{"name":"(anonymous_0)","decl":{"start":{"line":5,"column":0},"end":{"line":5,"column":13}},"loc":{"start":{"line":5,"column":0},"end":{"line":45,"column":1}}},"1":{"name":"(anonymous_1)","decl":{"start":{"line":12,"column":4},"end":{"line":12,"column":15}},"loc":{"start":{"line":12,"column":26},"end":{"line":16,"column":5}}},"2":{"name":"(anonymous_2)","decl":{"start":{"line":13,"column":15},"end":{"line":13,"column":20}},"loc":{"start":{"line":13,"column":39},"end":{"line":15,"column":9}}},"3":{"name":"(anonymous_3)","decl":{"start":{"line":18,"column":4},"end":{"line":18,"column":19}},"loc":{"start":{"line":18,"column":33},"end":{"line":20,"column":5}}},"4":{"name":"(anonymous_4)","decl":{"start":{"line":22,"column":4},"end":{"line":22,"column":17}},"loc":{"start":{"line":22,"column":35},"end":{"line":24,"column":5}}},"5":{"name":"(anonymous_5)","decl":{"start":{"line":26,"column":4},"end":{"line":26,"column":21}},"loc":{"start":{"line":26,"column":42},"end":{"line":28,"column":5}}},"6":{"name":"(anonymous_6)","decl":{"start":{"line":30,"column":4},"end":{"line":30,"column":25}},"loc":{"start":{"line":30,"column":43},"end":{"line":32,"column":5}}},"7":{"name":"(anonymous_7)","decl":{"start":{"line":34,"column":4},"end":{"line":34,"column":29}},"loc":{"start":{"line":34,"column":47},"end":{"line":36,"column":5}}},"8":{"name":"(anonymous_8)","decl":{"start":{"line":39,"column":4},"end":{"line":39,"column":15}},"loc":{"start":{"line":39,"column":15},"end":{"line":41,"column":5}}},"9":{"name":"(anonymous_9)","decl":{"start":{"line":42,"column":4},"end":{"line":42,"column":20}},"loc":{"start":{"line":42,"column":20},"end":{"line":44,"column":5}}},"10":{"name":"(anonymous_10)","decl":{"start":{"line":47,"column":0},"end":{"line":47,"column":13}},"loc":{"start":{"line":47,"column":0},"end":{"line":85,"column":1}}},"11":{"name":"(anonymous_11)","decl":{"start":{"line":52,"column":4},"end":{"line":52,"column":15}},"loc":{"start":{"line":52,"column":27},"end":{"line":56,"column":5}}},"12":{"name":"(anonymous_12)","decl":{"start":{"line":53,"column":15},"end":{"line":53,"column":20}},"loc":{"start":{"line":53,"column":39},"end":{"line":55,"column":9}}},"13":{"name":"(anonymous_13)","decl":{"start":{"line":58,"column":4},"end":{"line":58,"column":19}},"loc":{"start":{"line":58,"column":40},"end":{"line":60,"column":5}}},"14":{"name":"(anonymous_14)","decl":{"start":{"line":62,"column":4},"end":{"line":62,"column":17}},"loc":{"start":{"line":62,"column":35},"end":{"line":64,"column":5}}},"15":{"name":"(anonymous_15)","decl":{"start":{"line":66,"column":4},"end":{"line":66,"column":21}},"loc":{"start":{"line":66,"column":42},"end":{"line":68,"column":5}}},"16":{"name":"(anonymous_16)","decl":{"start":{"line":70,"column":4},"end":{"line":70,"column":25}},"loc":{"start":{"line":70,"column":43},"end":{"line":72,"column":5}}},"17":{"name":"(anonymous_17)","decl":{"start":{"line":74,"column":4},"end":{"line":74,"column":29}},"loc":{"start":{"line":74,"column":47},"end":{"line":76,"column":5}}},"18":{"name":"(anonymous_18)","decl":{"start":{"line":79,"column":4},"end":{"line":79,"column":15}},"loc":{"start":{"line":79,"column":15},"end":{"line":81,"column":5}}},"19":{"name":"(anonymous_19)","decl":{"start":{"line":82,"column":4},"end":{"line":82,"column":20}},"loc":{"start":{"line":82,"column":20},"end":{"line":84,"column":5}}}},"branchMap":{},"s":{"0":1,"1":16,"2":16,"3":16,"4":0,"5":0,"6":0,"7":0,"8":0,"9":0,"10":0,"11":0,"12":0,"13":1,"14":32,"15":29,"16":29,"17":0,"18":0,"19":0,"20":0,"21":0,"22":3,"23":0,"24":1},"f":{"0":16,"1":0,"2":0,"3":0,"4":0,"5":0,"6":0,"7":0,"8":0,"9":0,"10":32,"11":29,"12":29,"13":0,"14":0,"15":0,"16":0,"17":0,"18":3,"19":0},"b":{}}
,"/Users/jaekim/projects/point3-nest-sagajs/src/point3-typescript-saga/test/saga.ts": {"path":"/Users/jaekim/projects/point3-nest-sagajs/src/point3-typescript-saga/test/saga.ts","statementMap":{"0":{"start":{"line":1,"column":0},"end":{"line":1,"column":44}},"1":{"start":{"line":4,"column":0},"end":{"line":4,"column":null}},"2":{"start":{"line":24,"column":8},"end":{"line":24,"column":16}},"3":{"start":{"line":25,"column":8},"end":{"line":25,"column":46}},"4":{"start":{"line":26,"column":8},"end":{"line":26,"column":null}},"5":{"start":{"line":27,"column":8},"end":{"line":27,"column":59}},"6":{"start":{"line":31,"column":8},"end":{"line":31,"column":36}},"7":{"start":{"line":35,"column":8},"end":{"line":35,"column":35}},"8":{"start":{"line":39,"column":8},"end":{"line":39,"column":42}},"9":{"start":{"line":43,"column":8},"end":{"line":43,"column":36}},"10":{"start":{"line":47,"column":29},"end":{"line":47,"column":46}},"11":{"start":{"line":48,"column":28},"end":{"line":48,"column":69}},"12":{"start":{"line":49,"column":8},"end":{"line":49,"column":44}},"13":{"start":{"line":9,"column":0},"end":{"line":9,"column":13}},"14":{"start":{"line":14,"column":21},"end":{"line":14,"column":54}}},"fnMap":{"0":{"name":"(anonymous_6)","decl":{"start":{"line":19,"column":4},"end":{"line":19,"column":null}},"loc":{"start":{"line":22,"column":91},"end":{"line":28,"column":5}}},"1":{"name":"(anonymous_7)","decl":{"start":{"line":30,"column":4},"end":{"line":30,"column":10}},"loc":{"start":{"line":30,"column":18},"end":{"line":32,"column":5}}},"2":{"name":"(anonymous_8)","decl":{"start":{"line":34,"column":4},"end":{"line":34,"column":17}},"loc":{"start":{"line":34,"column":17},"end":{"line":36,"column":5}}},"3":{"name":"(anonymous_9)","decl":{"start":{"line":38,"column":4},"end":{"line":38,"column":21}},"loc":{"start":{"line":38,"column":21},"end":{"line":40,"column":5}}},"4":{"name":"(anonymous_10)","decl":{"start":{"line":42,"column":4},"end":{"line":42,"column":11}},"loc":{"start":{"line":42,"column":11},"end":{"line":44,"column":5}}},"5":{"name":"(anonymous_11)","decl":{"start":{"line":46,"column":4},"end":{"line":46,"column":17}},"loc":{"start":{"line":46,"column":50},"end":{"line":50,"column":5}}}},"branchMap":{},"s":{"0":1,"1":1,"2":16,"3":16,"4":16,"5":16,"6":15,"7":40,"8":64,"9":73,"10":14,"11":14,"12":14,"13":1,"14":1},"f":{"0":16,"1":15,"2":40,"3":64,"4":73,"5":14},"b":{}}
,"/Users/jaekim/projects/point3-nest-sagajs/src/point3-typescript-saga/test/sagaSession.ts": {"path":"/Users/jaekim/projects/point3-nest-sagajs/src/point3-typescript-saga/test/sagaSession.ts","statementMap":{"0":{"start":{"line":1,"column":0},"end":{"line":1,"column":44}},"1":{"start":{"line":5,"column":21},"end":{"line":5,"column":44}},"2":{"start":{"line":8,"column":8},"end":{"line":8,"column":26}},"3":{"start":{"line":4,"column":0},"end":{"line":4,"column":13}},"4":{"start":{"line":13,"column":21},"end":{"line":13,"column":44}},"5":{"start":{"line":16,"column":8},"end":{"line":16,"column":26}},"6":{"start":{"line":12,"column":0},"end":{"line":12,"column":13}},"7":{"start":{"line":22,"column":8},"end":{"line":22,"column":22}},"8":{"start":{"line":20,"column":0},"end":{"line":20,"column":13}},"9":{"start":{"line":31,"column":21},"end":{"line":31,"column":76}},"10":{"start":{"line":36,"column":8},"end":{"line":39,"column":10}},"11":{"start":{"line":37,"column":12},"end":{"line":37,"column":69}},"12":{"start":{"line":38,"column":12},"end":{"line":38,"column":68}},"13":{"start":{"line":43,"column":8},"end":{"line":46,"column":9}},"14":{"start":{"line":44,"column":12},"end":{"line":44,"column":62}},"15":{"start":{"line":45,"column":12},"end":{"line":45,"column":41}},"16":{"start":{"line":47,"column":8},"end":{"line":47,"column":66}},"17":{"start":{"line":52,"column":8},"end":{"line":52,"column":39}},"18":{"start":{"line":56,"column":8},"end":{"line":56,"column":30}},"19":{"start":{"line":27,"column":0},"end":{"line":27,"column":13}}},"fnMap":{"0":{"name":"(anonymous_6)","decl":{"start":{"line":4,"column":0},"end":{"line":4,"column":13}},"loc":{"start":{"line":4,"column":0},"end":{"line":10,"column":1}}},"1":{"name":"(anonymous_7)","decl":{"start":{"line":7,"column":11},"end":{"line":7,"column":18}},"loc":{"start":{"line":7,"column":18},"end":{"line":9,"column":5}}},"2":{"name":"(anonymous_8)","decl":{"start":{"line":12,"column":0},"end":{"line":12,"column":13}},"loc":{"start":{"line":12,"column":0},"end":{"line":18,"column":1}}},"3":{"name":"(anonymous_9)","decl":{"start":{"line":15,"column":11},"end":{"line":15,"column":18}},"loc":{"start":{"line":15,"column":18},"end":{"line":17,"column":5}}},"4":{"name":"(anonymous_10)","decl":{"start":{"line":21,"column":4},"end":{"line":21,"column":16}},"loc":{"start":{"line":21,"column":64},"end":{"line":23,"column":5}}},"5":{"name":"(anonymous_11)","decl":{"start":{"line":33,"column":4},"end":{"line":33,"column":19}},"loc":{"start":{"line":33,"column":4},"end":{"line":33,"column":20}}},"6":{"name":"(anonymous_12)","decl":{"start":{"line":35,"column":4},"end":{"line":35,"column":10}},"loc":{"start":{"line":35,"column":42},"end":{"line":40,"column":5}}},"7":{"name":"(anonymous_13)","decl":{"start":{"line":36,"column":15},"end":{"line":36,"column":20}},"loc":{"start":{"line":36,"column":39},"end":{"line":39,"column":9}}},"8":{"name":"(anonymous_14)","decl":{"start":{"line":42,"column":4},"end":{"line":42,"column":8}},"loc":{"start":{"line":42,"column":30},"end":{"line":48,"column":5}}},"9":{"name":"(anonymous_15)","decl":{"start":{"line":51,"column":4},"end":{"line":51,"column":15}},"loc":{"start":{"line":51,"column":15},"end":{"line":53,"column":5}}},"10":{"name":"(anonymous_16)","decl":{"start":{"line":55,"column":4},"end":{"line":55,"column":24}},"loc":{"start":{"line":55,"column":24},"end":{"line":57,"column":5}}}},"branchMap":{"0":{"loc":{"start":{"line":43,"column":8},"end":{"line":46,"column":9}},"type":"if","locations":[{"start":{"line":43,"column":8},"end":{"line":46,"column":9}}]}},"s":{"0":1,"1":0,"2":0,"3":1,"4":14,"5":0,"6":1,"7":14,"8":1,"9":16,"10":38,"11":38,"12":38,"13":26,"14":0,"15":0,"16":26,"17":38,"18":0,"19":1},"f":{"0":0,"1":0,"2":14,"3":0,"4":14,"5":16,"6":38,"7":38,"8":26,"9":38,"10":0},"b":{"0":[0]}}
}
